2023-06-13 22:14:10.9527    TRACE    SCHOOLPROJECT.VIEWMODEL.LOGINVIEWMODEL..CTOR    Entering in the constructor    
2023-06-13 22:14:11.3365    TRACE    SCHOOLPROJECT.VIEWMODEL.LOGINVIEWMODEL..CTOR    Leaving the constructor    
2023-06-13 22:14:11.6873    TRACE    SCHOOLPROJECT.VIEWMODEL.LOGINVIEWMODEL..CTOR    Entering in the constructor    
2023-06-13 22:14:11.6873    TRACE    SCHOOLPROJECT.VIEWMODEL.LOGINVIEWMODEL..CTOR    Leaving the constructor    
2023-06-13 22:14:16.5363    TRACE    SCHOOLPROJECT.VIEWMODEL.LOGINVIEWMODEL.LOGIN    Entering in the Login method    
2023-06-13 22:14:16.5363    INFO    SCHOOLPROJECT.REPOSITORIES.USERREPOSITORY.GETUSER    Log in with Username[123] and password[123]    
2023-06-13 22:14:20.1203    TRACE    SCHOOLPROJECT.VIEWMODEL.LOGINVIEWMODEL.LOGIN    Leaving the Login method    
2023-06-13 22:14:28.6681    TRACE    SCHOOLPROJECT.VIEWMODEL.ADDRECORDVIEWMODEL..CTOR    Entering the constructor    
2023-06-13 22:14:28.6681    TRACE    SCHOOLPROJECT.VIEWMODEL.ADDRECORDVIEWMODEL..CTOR    leaving  the constructor    
2023-06-13 22:14:28.7251    TRACE    SCHOOLPROJECT.VIEWMODEL.ADDRECORDVIEWMODEL..CTOR    Entering the constructor    
2023-06-13 22:14:28.7251    TRACE    SCHOOLPROJECT.VIEWMODEL.ADDRECORDVIEWMODEL..CTOR    leaving  the constructor    
2023-06-13 22:14:30.7745    TRACE    SCHOOLPROJECT.VIEWMODEL.SEARCHPATIENTVIEWMODEL.INITIALIZE    Entering the initialize method    
2023-06-13 22:14:30.8490    TRACE    SCHOOLPROJECT.VIEWMODEL.SEARCHPATIENTVIEWMODEL.INITIALIZE    Leaving the initialize method    
2023-06-13 22:14:32.1161    INFO    SCHOOLPROJECT.VIEWMODEL.USERCONTROLVIEWMODEL.INITIALIZE    Initializing: Group[Administrator] User[edu]    
2023-06-13 22:15:35.8392    TRACE    SCHOOLPROJECT.VIEWMODEL.LOGINVIEWMODEL..CTOR    Entering in the constructor    
2023-06-13 22:15:36.7190    TRACE    SCHOOLPROJECT.VIEWMODEL.LOGINVIEWMODEL..CTOR    Leaving the constructor    
2023-06-13 22:15:37.1712    TRACE    SCHOOLPROJECT.VIEWMODEL.LOGINVIEWMODEL..CTOR    Entering in the constructor    
2023-06-13 22:15:37.1712    TRACE    SCHOOLPROJECT.VIEWMODEL.LOGINVIEWMODEL..CTOR    Leaving the constructor    
2023-06-13 22:15:45.9732    TRACE    SCHOOLPROJECT.VIEWMODEL.LOGINVIEWMODEL.LOGIN    Entering in the Login method    
2023-06-13 22:15:45.9732    INFO    SCHOOLPROJECT.REPOSITORIES.USERREPOSITORY.GETUSER    Log in with Username[123] and password[123]    
2023-06-13 22:15:49.3050    TRACE    SCHOOLPROJECT.VIEWMODEL.LOGINVIEWMODEL.LOGIN    Leaving the Login method    
2023-06-13 22:25:41.2549    TRACE    SCHOOLPROJECT.VIEWMODEL.LOGINVIEWMODEL..CTOR    Entering in the constructor    
2023-06-13 22:25:41.7919    TRACE    SCHOOLPROJECT.VIEWMODEL.LOGINVIEWMODEL..CTOR    Leaving the constructor    
2023-06-13 22:25:42.1833    TRACE    SCHOOLPROJECT.VIEWMODEL.LOGINVIEWMODEL..CTOR    Entering in the constructor    
2023-06-13 22:25:42.1833    TRACE    SCHOOLPROJECT.VIEWMODEL.LOGINVIEWMODEL..CTOR    Leaving the constructor    
2023-06-13 22:25:54.8188    TRACE    SCHOOLPROJECT.VIEWMODEL.LOGINVIEWMODEL.LOGIN    Entering in the Login method    
2023-06-13 22:25:54.8188    INFO    SCHOOLPROJECT.REPOSITORIES.USERREPOSITORY.GETUSER    Log in with Username[123] and password[123]    
2023-06-13 22:25:59.1583    TRACE    SCHOOLPROJECT.VIEWMODEL.LOGINVIEWMODEL.LOGIN    Leaving the Login method    
2023-06-13 22:26:05.3145    TRACE    SCHOOLPROJECT.VIEWMODEL.ADDRECORDVIEWMODEL..CTOR    Entering the constructor    
2023-06-13 22:26:05.3145    TRACE    SCHOOLPROJECT.VIEWMODEL.ADDRECORDVIEWMODEL..CTOR    leaving  the constructor    
2023-06-13 22:26:05.3512    TRACE    SCHOOLPROJECT.VIEWMODEL.ADDRECORDVIEWMODEL..CTOR    Entering the constructor    
2023-06-13 22:26:05.3512    TRACE    SCHOOLPROJECT.VIEWMODEL.ADDRECORDVIEWMODEL..CTOR    leaving  the constructor    
2023-06-13 22:26:06.4779    TRACE    SCHOOLPROJECT.VIEWMODEL.SEARCHPATIENTVIEWMODEL.INITIALIZE    Entering the initialize method    
2023-06-13 22:26:06.5274    TRACE    SCHOOLPROJECT.VIEWMODEL.SEARCHPATIENTVIEWMODEL.INITIALIZE    Leaving the initialize method    
2023-06-13 23:10:02.0871    TRACE    SCHOOLPROJECT.VIEWMODEL.LOGINVIEWMODEL..CTOR    Entering in the constructor    
2023-06-13 23:10:02.6622    TRACE    SCHOOLPROJECT.VIEWMODEL.LOGINVIEWMODEL..CTOR    Leaving the constructor    
2023-06-13 23:10:03.0584    TRACE    SCHOOLPROJECT.VIEWMODEL.LOGINVIEWMODEL..CTOR    Entering in the constructor    
2023-06-13 23:10:03.0584    TRACE    SCHOOLPROJECT.VIEWMODEL.LOGINVIEWMODEL..CTOR    Leaving the constructor    
2023-06-13 23:10:09.6846    TRACE    SCHOOLPROJECT.VIEWMODEL.LOGINVIEWMODEL.LOGIN    Entering in the Login method    
2023-06-13 23:10:09.6846    INFO    SCHOOLPROJECT.REPOSITORIES.USERREPOSITORY.GETUSER    Log in with Username[123] and password[123]    
2023-06-13 23:10:13.0976    TRACE    SCHOOLPROJECT.VIEWMODEL.LOGINVIEWMODEL.LOGIN    Leaving the Login method    
