2023-06-16 09:18:21.4156    TRACE    SCHOOLPROJECT.VIEWMODEL.LOGINVIEWMODEL..CTOR    Entering in the constructor    
2023-06-16 09:18:21.5618    TRACE    SCHOOLPROJECT.VIEWMODEL.LOGINVIEWMODEL..CTOR    Leaving the constructor    
2023-06-16 09:18:21.8748    TRACE    SCHOOLPROJECT.VIEWMODEL.LOGINVIEWMODEL..CTOR    Entering in the constructor    
2023-06-16 09:18:21.8748    TRACE    SCHOOLPROJECT.VIEWMODEL.LOGINVIEWMODEL..CTOR    Leaving the constructor    
2023-06-16 09:18:36.6513    TRACE    SCHOOLPROJECT.VIEWMODEL.LOGINVIEWMODEL.LOGIN    Entering in the Login method    
2023-06-16 09:18:36.6737    INFO    SCHOOLPROJECT.REPOSITORIES.USERREPOSITORY.GETUSER    Log in with Username[admin] and password[admin]    
2023-06-16 09:18:38.7058    TRACE    SCHOOLPROJECT.VIEWMODEL.LOGINVIEWMODEL.LOGIN    Leaving the Login method    
2023-06-16 09:18:41.5297    TRACE    SCHOOLPROJECT.VIEWMODEL.ADDRECORDVIEWMODEL..CTOR    Entering the constructor    
2023-06-16 09:18:41.5297    TRACE    SCHOOLPROJECT.VIEWMODEL.ADDRECORDVIEWMODEL..CTOR    leaving  the constructor    
2023-06-16 09:18:41.5553    TRACE    SCHOOLPROJECT.VIEWMODEL.ADDRECORDVIEWMODEL..CTOR    Entering the constructor    
2023-06-16 09:18:41.5553    TRACE    SCHOOLPROJECT.VIEWMODEL.ADDRECORDVIEWMODEL..CTOR    leaving  the constructor    
2023-06-16 09:18:51.2726    TRACE    SCHOOLPROJECT.VIEWMODEL.SEARCHPATIENTVIEWMODEL.INITIALIZE    Entering the initialize method    
2023-06-16 09:18:51.3012    TRACE    SCHOOLPROJECT.VIEWMODEL.SEARCHPATIENTVIEWMODEL.INITIALIZE    Leaving the initialize method    
2023-06-16 09:18:55.4269    TRACE    SCHOOLPROJECT.VIEWMODEL.ADDRECORDVIEWMODEL..CTOR    Entering the constructor    
2023-06-16 09:18:55.4269    TRACE    SCHOOLPROJECT.VIEWMODEL.ADDRECORDVIEWMODEL..CTOR    leaving  the constructor    
2023-06-16 09:18:55.4269    TRACE    SCHOOLPROJECT.VIEWMODEL.ADDRECORDVIEWMODEL..CTOR    Entering the constructor    
2023-06-16 09:18:55.4269    TRACE    SCHOOLPROJECT.VIEWMODEL.ADDRECORDVIEWMODEL..CTOR    leaving  the constructor    
2023-06-16 09:19:35.3721    TRACE    SCHOOLPROJECT.VIEWMODEL.ADDRECORDVIEWMODEL.ADDRECORD    Entering to the add record method.    
2023-06-16 09:19:37.1582    WARN    SCHOOLPROJECT.VIEWMODEL.ADDRECORDVIEWMODEL.ADDRECORD    Please fill in all required data    
2023-06-16 09:19:37.1592    TRACE    SCHOOLPROJECT.VIEWMODEL.ADDRECORDVIEWMODEL.ADDRECORD    Leaving the addrecord method    
2023-06-16 09:19:42.4331    TRACE    SCHOOLPROJECT.VIEWMODEL.ADDRECORDVIEWMODEL.ADDRECORD    Entering to the add record method.    
2023-06-16 09:19:44.6522    WARN    SCHOOLPROJECT.VIEWMODEL.ADDRECORDVIEWMODEL.ADDRECORD    Email has a bad format or empty    
2023-06-16 09:19:53.3611    TRACE    SCHOOLPROJECT.VIEWMODEL.ADDRECORDVIEWMODEL.ADDRECORD    Entering to the add record method.    
2023-06-16 09:19:53.5821    INFO    SCHOOLPROJECT.REPOSITORIES.RECORDREPOSITORY.ADDPATIENT    New patient added successfully and saved to the database    
2023-06-16 09:19:53.5821    TRACE    SCHOOLPROJECT.VIEWMODEL.ADDRECORDVIEWMODEL.CLEARDATA    Entering in the clear data method    
2023-06-16 09:19:53.6033    TRACE    SCHOOLPROJECT.VIEWMODEL.ADDRECORDVIEWMODEL.CLEARDATA    Leaving the clear data method    
2023-06-16 09:19:56.0083    INFO    SCHOOLPROJECT.VIEWMODEL.ADDRECORDVIEWMODEL.GOTOADDSTUDIES    Go to add studies and series for this patient    
2023-06-16 09:19:56.0504    INFO    SCHOOLPROJECT.REPOSITORIES.STUDIESREPOSITORY.GETSTUDYLIST    Getting all studies for the patient id: 2003    
2023-06-16 09:19:56.0504    INFO    SCHOOLPROJECT.VIEWMODEL.STUDIESVIEWMODEL.INITIALIZE    All data loaded    
2023-06-16 09:19:56.0504    TRACE    SCHOOLPROJECT.VIEWMODEL.ADDRECORDVIEWMODEL.ADDRECORD    Leaving the addrecord method    
2023-06-16 09:20:27.3091    TRACE    SCHOOLPROJECT.VIEWMODEL.STUDIESVIEWMODEL.ADDSTUDY    Entering in the add study method    
2023-06-16 09:20:27.3300    INFO    SCHOOLPROJECT.REPOSITORIES.STUDIESREPOSITORY.ADDSTUDY    New study added to the patient id: 2003 and saved to the database    
2023-06-16 09:20:28.3553    INFO    SCHOOLPROJECT.REPOSITORIES.STUDIESREPOSITORY.GETSTUDYLIST    Getting all studies for the patient id: 2003    
2023-06-16 09:20:28.3553    TRACE    SCHOOLPROJECT.VIEWMODEL.STUDIESVIEWMODEL.ADDSTUDY    Leaving the add study method    
2023-06-16 09:20:31.0256    INFO    SCHOOLPROJECT.VIEWMODEL.STUDIESVIEWMODEL.STUDYCHANGED    Study selected changed    
2023-06-16 09:20:31.0256    INFO    SCHOOLPROJECT.REPOSITORIES.SERIESREPOSITORY.GETSERIES    Searching for series for the study id: 2002    
2023-06-16 09:20:35.4787    TRACE    SCHOOLPROJECT.VIEWMODEL.STUDIESVIEWMODEL.ADDSERIES    Entering in addseries method    
2023-06-16 09:20:35.4942    INFO    SCHOOLPROJECT.REPOSITORIES.SERIESREPOSITORY.ADDSERIES    New serie has been added to study id: 2002 and saved to the database    
2023-06-16 09:20:37.0786    INFO    SCHOOLPROJECT.REPOSITORIES.SERIESREPOSITORY.GETSERIES    Searching for series for the study id: 2002    
2023-06-16 09:20:37.0816    TRACE    SCHOOLPROJECT.VIEWMODEL.STUDIESVIEWMODEL.ADDSERIES    Leaving the addseries method    
2023-06-16 09:20:47.4613    TRACE    SCHOOLPROJECT.VIEWMODEL.DATAVIEWMODEL..CTOR    Entering in the constructor    
2023-06-16 09:20:47.4613    TRACE    SCHOOLPROJECT.VIEWMODEL.DATAVIEWMODEL..CTOR    Leaving the constructor    
2023-06-16 09:20:47.4613    TRACE    SCHOOLPROJECT.VIEWMODEL.DATAVIEWMODEL.INITIALIZE    Entering in the initialize method    
2023-06-16 09:20:47.4733    TRACE    SCHOOLPROJECT.REPOSITORIES.RECORDREPOSITORY.GETPATIENTBYID    Finding patient by id...    
2023-06-16 09:20:47.5121    INFO    SCHOOLPROJECT.VIEWMODEL.DATAVIEWMODEL.INITIALIZE    All primary data charged successfully    
2023-06-16 09:20:47.5121    TRACE    SCHOOLPROJECT.VIEWMODEL.DATAVIEWMODEL.INITIALIZE    Leaving the initialize method    
2023-06-16 09:20:51.7906    TRACE    SCHOOLPROJECT.VIEWMODEL.DATAVIEWMODEL.STARTVIDEO    Entering in the startVideo method    
2023-06-16 09:20:51.7906    INFO    SCHOOLPROJECT.VIEWMODEL.DATAVIEWMODEL.STARTVIDEO    new camera selected, starting live view    
2023-06-16 09:20:51.7906    TRACE    SCHOOLPROJECT.VIEWMODEL.DATAVIEWMODEL.STARTVIDEO    Leaving the startvideo method    
2023-06-16 09:21:01.4405    TRACE    SCHOOLPROJECT.VIEWMODEL.DATAVIEWMODEL.STARTVIDEORECORDING    Entering in the StartVideoRecording method    
2023-06-16 09:21:02.1435    INFO    SCHOOLPROJECT.VIEWMODEL.DATAVIEWMODEL.STARTVIDEORECORDING    Starting recording    
2023-06-16 09:21:02.1435    TRACE    SCHOOLPROJECT.VIEWMODEL.DATAVIEWMODEL.STARTVIDEORECORDING    Leaving the StartVideoRecording method    
2023-06-16 09:21:08.0666    TRACE    SCHOOLPROJECT.VIEWMODEL.DATAVIEWMODEL.STOPVIDEORECORDING    Entering the StopVideoRecording method    
2023-06-16 09:21:08.0666    INFO    SCHOOLPROJECT.VIEWMODEL.DATAVIEWMODEL.STOPVIDEORECORDING    Stoped video recording    
2023-06-16 09:21:08.1019    INFO    SCHOOLPROJECT.REPOSITORIES.VIDEOREPOSITORY.ADDVIDEOS    Video saved to the database    
2023-06-16 09:21:08.1019    INFO    SCHOOLPROJECT.VIEWMODEL.DATAVIEWMODEL.STOPVIDEORECORDING    The video was saved in: C:\Users\X6NKAPOO\source\repos\Internship\SchoolProject (2)\SchoolProject\SchoolProject\bin\Debug\Videos\Vishwa-16062023092101.mp4    
2023-06-16 09:21:09.9689    TRACE    SCHOOLPROJECT.VIEWMODEL.DATAVIEWMODEL.STOPVIDEORECORDING    Leaving the StopVideoRecording method    
2023-06-16 09:21:22.6086    TRACE    SCHOOLPROJECT.VIEWMODEL.DATAVIEWMODEL.TAKEPICTURE    Entering in the TakePicture method    
2023-06-16 09:21:22.6292    INFO    SCHOOLPROJECT.VIEWMODEL.DATAVIEWMODEL.TAKEPICTURE    Picture saved in: C:\Users\X6NKAPOO\source\repos\Internship\SchoolProject (2)\SchoolProject\SchoolProject\bin\Debug\Captures\Vishwa-16062023092122.jpg    
2023-06-16 09:21:22.6292    INFO    SCHOOLPROJECT.REPOSITORIES.IMAGESREPOSITORY.ADDIMAGES    New image added successfully and saved to the database    
2023-06-16 09:21:24.3157    TRACE    SCHOOLPROJECT.VIEWMODEL.DATAVIEWMODEL.TAKEPICTURE    Leaving the TakePicture method    
2023-06-16 09:21:25.2906    TRACE    SCHOOLPROJECT.VIEWMODEL.DATAVIEWMODEL.CREATEREPORT    Entering in the CreateReport method    
2023-06-16 09:21:36.5030    INFO    SCHOOLPROJECT.REPOSITORIES.REPORTREPOSITORY.ADDREPORT    New report added and saved to the database.    
2023-06-16 09:21:36.5030    INFO    SCHOOLPROJECT.VIEWMODEL.DATAVIEWMODEL.CREATEREPORT    Reported saved in: C:\Users\X6NKAPOO\Desktop\Vishwa-20230616 0921-.pdf    
2023-06-16 09:21:39.2799    TRACE    SCHOOLPROJECT.VIEWMODEL.DATAVIEWMODEL.CREATEREPORT    Leaving in the CreateReport method    
2023-06-16 09:21:40.8566    INFO    SCHOOLPROJECT.VIEWMODEL.USERCONTROLVIEWMODEL.INITIALIZE    Initializing: Group[Administrator] User[Namit]    
2023-06-16 09:21:40.9082    TRACE    SCHOOLPROJECT.VIEWMODEL.DATAVIEWMODEL.CLOSINGVIDEO    Entering ClosingVideo method    
2023-06-16 09:21:40.9117    INFO    SCHOOLPROJECT.VIEWMODEL.DATAVIEWMODEL.CLOSINGVIDEO    All video cleared    
2023-06-16 09:21:40.9117    TRACE    SCHOOLPROJECT.VIEWMODEL.DATAVIEWMODEL.CLOSINGVIDEO    Leaving ClosingVideo method    
2023-06-16 09:21:43.3149    TRACE    SCHOOLPROJECT.VIEWMODEL.SEARCHPATIENTVIEWMODEL.INITIALIZE    Entering the initialize method    
2023-06-16 09:21:43.3149    TRACE    SCHOOLPROJECT.VIEWMODEL.SEARCHPATIENTVIEWMODEL.INITIALIZE    Leaving the initialize method    
2023-06-16 09:21:49.0316    TRACE    SCHOOLPROJECT.VIEWMODEL.LOGINVIEWMODEL..CTOR    Entering in the constructor    
2023-06-16 09:21:49.0316    TRACE    SCHOOLPROJECT.VIEWMODEL.LOGINVIEWMODEL..CTOR    Leaving the constructor    
2023-06-16 09:21:49.0406    TRACE    SCHOOLPROJECT.VIEWMODEL.LOGINVIEWMODEL..CTOR    Entering in the constructor    
2023-06-16 09:21:49.0406    TRACE    SCHOOLPROJECT.VIEWMODEL.LOGINVIEWMODEL..CTOR    Leaving the constructor    
2023-06-16 11:02:11.6904    TRACE    SCHOOLPROJECT.VIEWMODEL.LOGINVIEWMODEL..CTOR    Entering in the constructor    
2023-06-16 11:02:11.9314    TRACE    SCHOOLPROJECT.VIEWMODEL.LOGINVIEWMODEL..CTOR    Leaving the constructor    
2023-06-16 11:02:12.2164    TRACE    SCHOOLPROJECT.VIEWMODEL.LOGINVIEWMODEL..CTOR    Entering in the constructor    
2023-06-16 11:02:12.2164    TRACE    SCHOOLPROJECT.VIEWMODEL.LOGINVIEWMODEL..CTOR    Leaving the constructor    
2023-06-16 11:02:22.2068    TRACE    SCHOOLPROJECT.VIEWMODEL.LOGINVIEWMODEL.LOGIN    Entering in the Login method    
2023-06-16 11:02:22.2068    INFO    SCHOOLPROJECT.REPOSITORIES.USERREPOSITORY.GETUSER    Log in with Username[admin] and password[admin]    
2023-06-16 11:02:23.7780    TRACE    SCHOOLPROJECT.VIEWMODEL.LOGINVIEWMODEL.LOGIN    Leaving the Login method    
2023-06-16 11:02:27.8741    TRACE    SCHOOLPROJECT.VIEWMODEL.ADDRECORDVIEWMODEL..CTOR    Entering the constructor    
2023-06-16 11:02:27.8741    TRACE    SCHOOLPROJECT.VIEWMODEL.ADDRECORDVIEWMODEL..CTOR    leaving  the constructor    
2023-06-16 11:02:27.9010    TRACE    SCHOOLPROJECT.VIEWMODEL.ADDRECORDVIEWMODEL..CTOR    Entering the constructor    
2023-06-16 11:02:27.9010    TRACE    SCHOOLPROJECT.VIEWMODEL.ADDRECORDVIEWMODEL..CTOR    leaving  the constructor    
2023-06-16 11:02:32.1998    TRACE    SCHOOLPROJECT.VIEWMODEL.SEARCHPATIENTVIEWMODEL.INITIALIZE    Entering the initialize method    
2023-06-16 11:02:32.2299    TRACE    SCHOOLPROJECT.VIEWMODEL.SEARCHPATIENTVIEWMODEL.INITIALIZE    Leaving the initialize method    
2023-06-16 11:02:33.2936    TRACE    SCHOOLPROJECT.VIEWMODEL.ADDRECORDVIEWMODEL..CTOR    Entering the constructor    
2023-06-16 11:02:33.2936    TRACE    SCHOOLPROJECT.VIEWMODEL.ADDRECORDVIEWMODEL..CTOR    leaving  the constructor    
2023-06-16 11:02:33.2956    TRACE    SCHOOLPROJECT.VIEWMODEL.ADDRECORDVIEWMODEL..CTOR    Entering the constructor    
2023-06-16 11:02:33.2956    TRACE    SCHOOLPROJECT.VIEWMODEL.ADDRECORDVIEWMODEL..CTOR    leaving  the constructor    
2023-06-16 11:02:34.2891    INFO    SCHOOLPROJECT.VIEWMODEL.USERCONTROLVIEWMODEL.INITIALIZE    Initializing: Group[Administrator] User[Namit]    
2023-06-16 11:02:37.7297    INFO    SCHOOLPROJECT.VIEWMODEL.USERCONTROLVIEWMODEL.INITIALIZE    Initializing: Group[Administrator] User[Namit]    
2023-06-16 11:02:38.1343    TRACE    SCHOOLPROJECT.VIEWMODEL.SEARCHPATIENTVIEWMODEL.INITIALIZE    Entering the initialize method    
2023-06-16 11:02:38.1383    TRACE    SCHOOLPROJECT.VIEWMODEL.SEARCHPATIENTVIEWMODEL.INITIALIZE    Leaving the initialize method    
2023-06-16 11:02:38.5255    TRACE    SCHOOLPROJECT.VIEWMODEL.ADDRECORDVIEWMODEL..CTOR    Entering the constructor    
2023-06-16 11:02:38.5255    TRACE    SCHOOLPROJECT.VIEWMODEL.ADDRECORDVIEWMODEL..CTOR    leaving  the constructor    
2023-06-16 11:02:38.5255    TRACE    SCHOOLPROJECT.VIEWMODEL.ADDRECORDVIEWMODEL..CTOR    Entering the constructor    
2023-06-16 11:02:38.5255    TRACE    SCHOOLPROJECT.VIEWMODEL.ADDRECORDVIEWMODEL..CTOR    leaving  the constructor    
2023-06-16 11:02:39.1984    TRACE    SCHOOLPROJECT.VIEWMODEL.SEARCHPATIENTVIEWMODEL.INITIALIZE    Entering the initialize method    
2023-06-16 11:02:39.2023    TRACE    SCHOOLPROJECT.VIEWMODEL.SEARCHPATIENTVIEWMODEL.INITIALIZE    Leaving the initialize method    
2023-06-16 11:02:40.9729    INFO    SCHOOLPROJECT.REPOSITORIES.STUDIESREPOSITORY.GETSTUDYLIST    Getting all studies for the patient id: 1    
2023-06-16 11:02:40.9856    INFO    SCHOOLPROJECT.VIEWMODEL.STUDIESVIEWMODEL.INITIALIZE    All data loaded    
2023-06-16 11:02:47.8763    TRACE    SCHOOLPROJECT.VIEWMODEL.LOGINVIEWMODEL..CTOR    Entering in the constructor    
2023-06-16 11:02:47.8763    TRACE    SCHOOLPROJECT.VIEWMODEL.LOGINVIEWMODEL..CTOR    Leaving the constructor    
2023-06-16 11:02:47.8763    TRACE    SCHOOLPROJECT.VIEWMODEL.LOGINVIEWMODEL..CTOR    Entering in the constructor    
2023-06-16 11:02:47.8763    TRACE    SCHOOLPROJECT.VIEWMODEL.LOGINVIEWMODEL..CTOR    Leaving the constructor    
2023-06-16 13:33:04.6779    TRACE    SCHOOLPROJECT.VIEWMODEL.LOGINVIEWMODEL..CTOR    Entering in the constructor    
2023-06-16 13:33:04.8009    TRACE    SCHOOLPROJECT.VIEWMODEL.LOGINVIEWMODEL..CTOR    Leaving the constructor    
2023-06-16 13:33:05.0958    TRACE    SCHOOLPROJECT.VIEWMODEL.LOGINVIEWMODEL..CTOR    Entering in the constructor    
2023-06-16 13:33:05.0958    TRACE    SCHOOLPROJECT.VIEWMODEL.LOGINVIEWMODEL..CTOR    Leaving the constructor    
2023-06-16 13:33:16.3426    TRACE    SCHOOLPROJECT.VIEWMODEL.LOGINVIEWMODEL.LOGIN    Entering in the Login method    
2023-06-16 13:33:16.3426    INFO    SCHOOLPROJECT.REPOSITORIES.USERREPOSITORY.GETUSER    Log in with Username[hiren03] and password[asdf@12]    
2023-06-16 13:33:17.9161    INFO    SCHOOLPROJECT.VIEWMODEL.LOGINVIEWMODEL.LOGIN    Log in failed    
2023-06-16 13:33:24.0946    TRACE    SCHOOLPROJECT.VIEWMODEL.LOGINVIEWMODEL.LOGIN    Entering in the Login method    
2023-06-16 13:33:24.0946    INFO    SCHOOLPROJECT.REPOSITORIES.USERREPOSITORY.GETUSER    Log in with Username[hiren03] and password[asdf12]    
2023-06-16 13:33:24.0946    INFO    SCHOOLPROJECT.VIEWMODEL.LOGINVIEWMODEL.LOGIN    Log in failed    
2023-06-16 13:33:26.6388    TRACE    SCHOOLPROJECT.VIEWMODEL.LOGINVIEWMODEL.LOGIN    Entering in the Login method    
2023-06-16 13:33:26.6388    INFO    SCHOOLPROJECT.REPOSITORIES.USERREPOSITORY.GETUSER    Log in with Username[hiren03] and password[asdf12]    
2023-06-16 13:33:26.6388    INFO    SCHOOLPROJECT.VIEWMODEL.LOGINVIEWMODEL.LOGIN    Log in failed    
2023-06-16 13:33:27.1046    TRACE    SCHOOLPROJECT.VIEWMODEL.LOGINVIEWMODEL.LOGIN    Entering in the Login method    
2023-06-16 13:33:27.1046    INFO    SCHOOLPROJECT.REPOSITORIES.USERREPOSITORY.GETUSER    Log in with Username[hiren03] and password[asdf12]    
2023-06-16 13:33:27.1046    INFO    SCHOOLPROJECT.VIEWMODEL.LOGINVIEWMODEL.LOGIN    Log in failed    
2023-06-16 13:33:27.2935    TRACE    SCHOOLPROJECT.VIEWMODEL.LOGINVIEWMODEL.LOGIN    Entering in the Login method    
2023-06-16 13:33:27.2935    INFO    SCHOOLPROJECT.REPOSITORIES.USERREPOSITORY.GETUSER    Log in with Username[hiren03] and password[asdf12]    
2023-06-16 13:33:27.2935    INFO    SCHOOLPROJECT.VIEWMODEL.LOGINVIEWMODEL.LOGIN    Log in failed    
2023-06-16 16:10:08.1577    TRACE    SCHOOLPROJECT.VIEWMODEL.LOGINVIEWMODEL..CTOR    Entering in the constructor    
2023-06-16 16:10:08.3078    TRACE    SCHOOLPROJECT.VIEWMODEL.LOGINVIEWMODEL..CTOR    Leaving the constructor    
2023-06-16 16:10:08.5941    TRACE    SCHOOLPROJECT.VIEWMODEL.LOGINVIEWMODEL..CTOR    Entering in the constructor    
2023-06-16 16:10:08.5941    TRACE    SCHOOLPROJECT.VIEWMODEL.LOGINVIEWMODEL..CTOR    Leaving the constructor    
2023-06-16 16:11:01.6067    TRACE    SCHOOLPROJECT.VIEWMODEL.LOGINVIEWMODEL.LOGIN    Entering in the Login method    
2023-06-16 16:11:01.6067    INFO    SCHOOLPROJECT.REPOSITORIES.USERREPOSITORY.GETUSER    Log in with Username[admin] and password[admin]    
2023-06-16 16:11:03.4482    TRACE    SCHOOLPROJECT.VIEWMODEL.LOGINVIEWMODEL.LOGIN    Leaving the Login method    
2023-06-16 16:11:35.2173    TRACE    SCHOOLPROJECT.VIEWMODEL.ADDRECORDVIEWMODEL..CTOR    Entering the constructor    
2023-06-16 16:11:35.2173    TRACE    SCHOOLPROJECT.VIEWMODEL.ADDRECORDVIEWMODEL..CTOR    leaving  the constructor    
2023-06-16 16:11:35.2594    TRACE    SCHOOLPROJECT.VIEWMODEL.ADDRECORDVIEWMODEL..CTOR    Entering the constructor    
2023-06-16 16:11:35.2594    TRACE    SCHOOLPROJECT.VIEWMODEL.ADDRECORDVIEWMODEL..CTOR    leaving  the constructor    
2023-06-16 16:11:36.0130    TRACE    SCHOOLPROJECT.VIEWMODEL.SEARCHPATIENTVIEWMODEL.INITIALIZE    Entering the initialize method    
2023-06-16 16:11:36.0470    TRACE    SCHOOLPROJECT.VIEWMODEL.SEARCHPATIENTVIEWMODEL.INITIALIZE    Leaving the initialize method    
2023-06-16 16:11:36.7500    INFO    SCHOOLPROJECT.VIEWMODEL.USERCONTROLVIEWMODEL.INITIALIZE    Initializing: Group[Administrator] User[Namit]    
2023-06-16 16:11:48.3847    TRACE    SCHOOLPROJECT.VIEWMODEL.ADDRECORDVIEWMODEL..CTOR    Entering the constructor    
2023-06-16 16:11:48.3847    TRACE    SCHOOLPROJECT.VIEWMODEL.ADDRECORDVIEWMODEL..CTOR    leaving  the constructor    
2023-06-16 16:11:48.3847    TRACE    SCHOOLPROJECT.VIEWMODEL.ADDRECORDVIEWMODEL..CTOR    Entering the constructor    
2023-06-16 16:11:48.3847    TRACE    SCHOOLPROJECT.VIEWMODEL.ADDRECORDVIEWMODEL..CTOR    leaving  the constructor    
2023-06-16 16:12:22.5806    TRACE    SCHOOLPROJECT.VIEWMODEL.ADDRECORDVIEWMODEL.ADDRECORD    Entering to the add record method.    
2023-06-16 16:12:22.7683    INFO    SCHOOLPROJECT.REPOSITORIES.RECORDREPOSITORY.ADDPATIENT    New patient added successfully and saved to the database    
2023-06-16 16:12:22.7683    TRACE    SCHOOLPROJECT.VIEWMODEL.ADDRECORDVIEWMODEL.CLEARDATA    Entering in the clear data method    
2023-06-16 16:12:22.7683    TRACE    SCHOOLPROJECT.VIEWMODEL.ADDRECORDVIEWMODEL.CLEARDATA    Leaving the clear data method    
2023-06-16 16:12:25.3316    INFO    SCHOOLPROJECT.VIEWMODEL.ADDRECORDVIEWMODEL.GOTOADDSTUDIES    Go to add studies and series for this patient    
2023-06-16 16:12:25.3609    INFO    SCHOOLPROJECT.REPOSITORIES.STUDIESREPOSITORY.GETSTUDYLIST    Getting all studies for the patient id: 2004    
2023-06-16 16:12:25.3749    INFO    SCHOOLPROJECT.VIEWMODEL.STUDIESVIEWMODEL.INITIALIZE    All data loaded    
2023-06-16 16:12:25.3749    TRACE    SCHOOLPROJECT.VIEWMODEL.ADDRECORDVIEWMODEL.ADDRECORD    Leaving the addrecord method    
2023-06-16 16:12:34.1752    TRACE    SCHOOLPROJECT.VIEWMODEL.STUDIESVIEWMODEL.ADDSTUDY    Entering in the add study method    
2023-06-16 16:12:35.4525    WARN    SCHOOLPROJECT.VIEWMODEL.STUDIESVIEWMODEL.ADDSTUDY    The user has no write a study name    
2023-06-16 16:12:36.6247    TRACE    SCHOOLPROJECT.VIEWMODEL.STUDIESVIEWMODEL.ADDSTUDY    Entering in the add study method    
2023-06-16 16:12:40.4633    WARN    SCHOOLPROJECT.VIEWMODEL.STUDIESVIEWMODEL.ADDSTUDY    The user has no write a study name    
2023-06-16 16:12:47.2151    TRACE    SCHOOLPROJECT.VIEWMODEL.STUDIESVIEWMODEL.ADDSTUDY    Entering in the add study method    
2023-06-16 16:12:47.2332    INFO    SCHOOLPROJECT.REPOSITORIES.STUDIESREPOSITORY.ADDSTUDY    New study added to the patient id: 2004 and saved to the database    
2023-06-16 16:12:48.3328    INFO    SCHOOLPROJECT.REPOSITORIES.STUDIESREPOSITORY.GETSTUDYLIST    Getting all studies for the patient id: 2004    
2023-06-16 16:12:48.3328    TRACE    SCHOOLPROJECT.VIEWMODEL.STUDIESVIEWMODEL.ADDSTUDY    Leaving the add study method    
2023-06-16 16:12:55.1874    INFO    SCHOOLPROJECT.VIEWMODEL.STUDIESVIEWMODEL.STUDYCHANGED    Study selected changed    
2023-06-16 16:12:55.2017    INFO    SCHOOLPROJECT.REPOSITORIES.SERIESREPOSITORY.GETSERIES    Searching for series for the study id: 2003    
2023-06-16 16:13:00.5142    TRACE    SCHOOLPROJECT.VIEWMODEL.STUDIESVIEWMODEL.ADDSERIES    Entering in addseries method    
2023-06-16 16:13:00.5142    INFO    SCHOOLPROJECT.REPOSITORIES.SERIESREPOSITORY.ADDSERIES    New serie has been added to study id: 2003 and saved to the database    
2023-06-16 16:13:02.3746    INFO    SCHOOLPROJECT.REPOSITORIES.SERIESREPOSITORY.GETSERIES    Searching for series for the study id: 2003    
2023-06-16 16:13:02.3746    TRACE    SCHOOLPROJECT.VIEWMODEL.STUDIESVIEWMODEL.ADDSERIES    Leaving the addseries method    
2023-06-16 16:13:10.0848    TRACE    SCHOOLPROJECT.VIEWMODEL.DATAVIEWMODEL..CTOR    Entering in the constructor    
2023-06-16 16:13:10.0848    TRACE    SCHOOLPROJECT.VIEWMODEL.DATAVIEWMODEL..CTOR    Leaving the constructor    
2023-06-16 16:13:10.0848    TRACE    SCHOOLPROJECT.VIEWMODEL.DATAVIEWMODEL.INITIALIZE    Entering in the initialize method    
2023-06-16 16:13:10.0968    TRACE    SCHOOLPROJECT.REPOSITORIES.RECORDREPOSITORY.GETPATIENTBYID    Finding patient by id...    
2023-06-16 16:13:10.1429    INFO    SCHOOLPROJECT.VIEWMODEL.DATAVIEWMODEL.INITIALIZE    All primary data charged successfully    
2023-06-16 16:13:10.1429    TRACE    SCHOOLPROJECT.VIEWMODEL.DATAVIEWMODEL.INITIALIZE    Leaving the initialize method    
2023-06-16 16:13:37.8807    TRACE    SCHOOLPROJECT.VIEWMODEL.DATAVIEWMODEL.STARTVIDEO    Entering in the startVideo method    
2023-06-16 16:13:37.8807    INFO    SCHOOLPROJECT.VIEWMODEL.DATAVIEWMODEL.STARTVIDEO    new camera selected, starting live view    
2023-06-16 16:13:37.8807    TRACE    SCHOOLPROJECT.VIEWMODEL.DATAVIEWMODEL.STARTVIDEO    Leaving the startvideo method    
2023-06-16 16:14:26.7686    TRACE    SCHOOLPROJECT.VIEWMODEL.DATAVIEWMODEL.STARTVIDEORECORDING    Entering in the StartVideoRecording method    
2023-06-16 16:14:27.7871    INFO    SCHOOLPROJECT.VIEWMODEL.DATAVIEWMODEL.STARTVIDEORECORDING    Starting recording    
2023-06-16 16:14:27.7871    TRACE    SCHOOLPROJECT.VIEWMODEL.DATAVIEWMODEL.STARTVIDEORECORDING    Leaving the StartVideoRecording method    
2023-06-16 16:14:35.8645    TRACE    SCHOOLPROJECT.VIEWMODEL.DATAVIEWMODEL.STOPVIDEORECORDING    Entering the StopVideoRecording method    
2023-06-16 16:14:35.8715    INFO    SCHOOLPROJECT.VIEWMODEL.DATAVIEWMODEL.STOPVIDEORECORDING    Stoped video recording    
2023-06-16 16:14:35.8976    INFO    SCHOOLPROJECT.REPOSITORIES.VIDEOREPOSITORY.ADDVIDEOS    Video saved to the database    
2023-06-16 16:14:35.8976    INFO    SCHOOLPROJECT.VIEWMODEL.DATAVIEWMODEL.STOPVIDEORECORDING    The video was saved in: C:\Users\X6NKAPOO\source\repos\Internship\SchoolProject (2)\SchoolProject\SchoolProject\bin\Debug\Videos\Hitesh-16062023161426.mp4    
2023-06-16 16:14:38.7436    TRACE    SCHOOLPROJECT.VIEWMODEL.DATAVIEWMODEL.STOPVIDEORECORDING    Leaving the StopVideoRecording method    
2023-06-16 16:14:40.0986    TRACE    SCHOOLPROJECT.VIEWMODEL.DATAVIEWMODEL.TAKEPICTURE    Entering in the TakePicture method    
2023-06-16 16:14:40.1216    INFO    SCHOOLPROJECT.VIEWMODEL.DATAVIEWMODEL.TAKEPICTURE    Picture saved in: C:\Users\X6NKAPOO\source\repos\Internship\SchoolProject (2)\SchoolProject\SchoolProject\bin\Debug\Captures\Hitesh-16062023161440.jpg    
2023-06-16 16:14:40.1376    INFO    SCHOOLPROJECT.REPOSITORIES.IMAGESREPOSITORY.ADDIMAGES    New image added successfully and saved to the database    
2023-06-16 16:14:41.5302    TRACE    SCHOOLPROJECT.VIEWMODEL.DATAVIEWMODEL.TAKEPICTURE    Leaving the TakePicture method    
2023-06-16 16:14:44.6937    TRACE    SCHOOLPROJECT.VIEWMODEL.DATAVIEWMODEL.CREATEREPORT    Entering in the CreateReport method    
2023-06-16 16:15:10.5714    INFO    SCHOOLPROJECT.REPOSITORIES.REPORTREPOSITORY.ADDREPORT    New report added and saved to the database.    
2023-06-16 16:15:10.5815    INFO    SCHOOLPROJECT.VIEWMODEL.DATAVIEWMODEL.CREATEREPORT    Reported saved in: C:\Users\X6NKAPOO\Desktop\Hitesh-20230616 1615-.pdf    
2023-06-16 16:15:13.4108    TRACE    SCHOOLPROJECT.VIEWMODEL.DATAVIEWMODEL.CREATEREPORT    Leaving in the CreateReport method    
2023-06-16 16:15:14.8195    TRACE    SCHOOLPROJECT.VIEWMODEL.SEARCHPATIENTVIEWMODEL.INITIALIZE    Entering the initialize method    
2023-06-16 16:15:14.8245    TRACE    SCHOOLPROJECT.VIEWMODEL.SEARCHPATIENTVIEWMODEL.INITIALIZE    Leaving the initialize method    
2023-06-16 16:15:14.8965    TRACE    SCHOOLPROJECT.VIEWMODEL.DATAVIEWMODEL.CLOSINGVIDEO    Entering ClosingVideo method    
2023-06-16 16:15:14.9175    INFO    SCHOOLPROJECT.VIEWMODEL.DATAVIEWMODEL.CLOSINGVIDEO    All video cleared    
2023-06-16 16:15:14.9175    TRACE    SCHOOLPROJECT.VIEWMODEL.DATAVIEWMODEL.CLOSINGVIDEO    Leaving ClosingVideo method    
2023-06-16 16:15:35.7883    INFO    SCHOOLPROJECT.VIEWMODEL.USERCONTROLVIEWMODEL.INITIALIZE    Initializing: Group[Administrator] User[Namit]    
2023-06-16 16:16:21.4047    TRACE    SCHOOLPROJECT.VIEWMODEL.SEARCHPATIENTVIEWMODEL.INITIALIZE    Entering the initialize method    
2023-06-16 16:16:21.4047    TRACE    SCHOOLPROJECT.VIEWMODEL.SEARCHPATIENTVIEWMODEL.INITIALIZE    Leaving the initialize method    
2023-06-16 16:16:35.9574    TRACE    SCHOOLPROJECT.VIEWMODEL.ADDRECORDVIEWMODEL..CTOR    Entering the constructor    
2023-06-16 16:16:35.9574    TRACE    SCHOOLPROJECT.VIEWMODEL.ADDRECORDVIEWMODEL..CTOR    leaving  the constructor    
2023-06-16 16:16:35.9574    TRACE    SCHOOLPROJECT.VIEWMODEL.ADDRECORDVIEWMODEL..CTOR    Entering the constructor    
2023-06-16 16:16:35.9574    TRACE    SCHOOLPROJECT.VIEWMODEL.ADDRECORDVIEWMODEL..CTOR    leaving  the constructor    
2023-06-16 16:16:42.9840    TRACE    SCHOOLPROJECT.VIEWMODEL.LOGINVIEWMODEL..CTOR    Entering in the constructor    
2023-06-16 16:16:42.9840    TRACE    SCHOOLPROJECT.VIEWMODEL.LOGINVIEWMODEL..CTOR    Leaving the constructor    
2023-06-16 16:16:42.9840    TRACE    SCHOOLPROJECT.VIEWMODEL.LOGINVIEWMODEL..CTOR    Entering in the constructor    
2023-06-16 16:16:42.9840    TRACE    SCHOOLPROJECT.VIEWMODEL.LOGINVIEWMODEL..CTOR    Leaving the constructor    
