2023-06-09 17:12:10.3145    TRACE    SCHOOLPROJECT.VIEWMODEL.LOGINVIEWMODEL..CTOR    Entering in the constructor    
2023-06-09 17:12:10.6796    TRACE    SCHOOLPROJECT.VIEWMODEL.LOGINVIEWMODEL..CTOR    Leaving the constructor    
2023-06-09 17:12:11.0283    TRACE    SCHOOLPROJECT.VIEWMODEL.LOGINVIEWMODEL..CTOR    Entering in the constructor    
2023-06-09 17:12:11.0283    TRACE    SCHOOLPROJECT.VIEWMODEL.LOGINVIEWMODEL..CTOR    Leaving the constructor    
2023-06-09 17:12:29.6927    TRACE    SCHOOLPROJECT.VIEWMODEL.LOGINVIEWMODEL.LOGIN    Entering in the Login method    
2023-06-09 17:12:29.7019    INFO    SCHOOLPROJECT.REPOSITORIES.USERREPOSITORY.GETUSER    Log in with Username[123] and password[123]    
2023-06-09 17:12:37.8542    TRACE    SCHOOLPROJECT.VIEWMODEL.LOGINVIEWMODEL.LOGIN    Leaving the Login method    
2023-06-09 17:12:41.1036    TRACE    SCHOOLPROJECT.VIEWMODEL.SEARCHPATIENTVIEWMODEL.INITIALIZE    Entering the initialize method    
2023-06-09 17:12:41.1285    TRACE    SCHOOLPROJECT.VIEWMODEL.SEARCHPATIENTVIEWMODEL.INITIALIZE    Leaving the initialize method    
2023-06-09 17:12:41.6449    TRACE    SCHOOLPROJECT.VIEWMODEL.ADDRECORDVIEWMODEL..CTOR    Entering the constructor    
2023-06-09 17:12:41.6449    TRACE    SCHOOLPROJECT.VIEWMODEL.ADDRECORDVIEWMODEL..CTOR    leaving  the constructor    
2023-06-09 17:12:41.6845    TRACE    SCHOOLPROJECT.VIEWMODEL.ADDRECORDVIEWMODEL..CTOR    Entering the constructor    
2023-06-09 17:12:41.6845    TRACE    SCHOOLPROJECT.VIEWMODEL.ADDRECORDVIEWMODEL..CTOR    leaving  the constructor    
2023-06-09 17:13:08.7235    TRACE    SCHOOLPROJECT.VIEWMODEL.ADDRECORDVIEWMODEL.ADDRECORD    Entering to the add record method.    
2023-06-09 17:13:09.5995    WARN    SCHOOLPROJECT.VIEWMODEL.ADDRECORDVIEWMODEL.ADDRECORD    Email has a bad format or empty    
2023-06-09 17:13:14.0253    TRACE    SCHOOLPROJECT.VIEWMODEL.ADDRECORDVIEWMODEL.ADDRECORD    Entering to the add record method.    
2023-06-09 17:13:14.7567    WARN    SCHOOLPROJECT.VIEWMODEL.ADDRECORDVIEWMODEL.ADDRECORD    Email has a bad format or empty    
2023-06-09 17:13:19.4113    TRACE    SCHOOLPROJECT.VIEWMODEL.ADDRECORDVIEWMODEL.ADDRECORD    Entering to the add record method.    
2023-06-09 17:13:19.6260    INFO    SCHOOLPROJECT.REPOSITORIES.RECORDREPOSITORY.ADDPATIENT    New patient added successfully and saved to the database    
2023-06-09 17:13:19.6260    TRACE    SCHOOLPROJECT.VIEWMODEL.ADDRECORDVIEWMODEL.CLEARDATA    Entering in the clear data method    
2023-06-09 17:13:19.6330    TRACE    SCHOOLPROJECT.VIEWMODEL.ADDRECORDVIEWMODEL.CLEARDATA    Leaving the clear data method    
2023-06-09 17:13:20.5463    INFO    SCHOOLPROJECT.VIEWMODEL.ADDRECORDVIEWMODEL.GOTOADDSTUDIES    Go to add studies and series for this patient    
2023-06-09 17:13:20.6860    INFO    SCHOOLPROJECT.REPOSITORIES.STUDIESREPOSITORY.GETSTUDYLIST    Getting all studies for the patient id: 6    
2023-06-09 17:13:20.7255    INFO    SCHOOLPROJECT.VIEWMODEL.STUDIESVIEWMODEL.INITIALIZE    All data loaded    
2023-06-09 17:13:20.7255    TRACE    SCHOOLPROJECT.VIEWMODEL.ADDRECORDVIEWMODEL.ADDRECORD    Leaving the addrecord method    
2023-06-09 17:13:25.9690    TRACE    SCHOOLPROJECT.VIEWMODEL.STUDIESVIEWMODEL.ADDSTUDY    Entering in the add study method    
2023-06-09 17:13:25.9784    INFO    SCHOOLPROJECT.REPOSITORIES.STUDIESREPOSITORY.ADDSTUDY    New study added to the patient id: 6 and saved to the database    
2023-06-09 17:13:27.0451    INFO    SCHOOLPROJECT.REPOSITORIES.STUDIESREPOSITORY.GETSTUDYLIST    Getting all studies for the patient id: 6    
2023-06-09 17:13:27.1015    TRACE    SCHOOLPROJECT.VIEWMODEL.STUDIESVIEWMODEL.ADDSTUDY    Leaving the add study method    
2023-06-09 17:13:53.7796    TRACE    SCHOOLPROJECT.VIEWMODEL.STUDIESVIEWMODEL.ADDSTUDY    Entering in the add study method    
2023-06-09 17:13:53.7796    INFO    SCHOOLPROJECT.REPOSITORIES.STUDIESREPOSITORY.ADDSTUDY    New study added to the patient id: 6 and saved to the database    
2023-06-09 17:13:54.8593    INFO    SCHOOLPROJECT.REPOSITORIES.STUDIESREPOSITORY.GETSTUDYLIST    Getting all studies for the patient id: 6    
2023-06-09 17:13:54.8750    TRACE    SCHOOLPROJECT.VIEWMODEL.STUDIESVIEWMODEL.ADDSTUDY    Leaving the add study method    
2023-06-09 17:14:57.7134    INFO    SCHOOLPROJECT.VIEWMODEL.STUDIESVIEWMODEL.STUDYCHANGED    Study selected changed    
2023-06-09 17:14:57.7134    INFO    SCHOOLPROJECT.REPOSITORIES.SERIESREPOSITORY.GETSERIES    Searching for series for the study id: 6    
2023-06-09 17:14:59.6218    TRACE    SCHOOLPROJECT.VIEWMODEL.STUDIESVIEWMODEL.ADDSERIES    Entering in addseries method    
2023-06-09 17:14:59.6466    INFO    SCHOOLPROJECT.REPOSITORIES.SERIESREPOSITORY.ADDSERIES    New serie has been added to study id: 6 and saved to the database    
2023-06-09 17:15:00.4501    INFO    SCHOOLPROJECT.REPOSITORIES.SERIESREPOSITORY.GETSERIES    Searching for series for the study id: 6    
2023-06-09 17:15:00.4958    TRACE    SCHOOLPROJECT.VIEWMODEL.STUDIESVIEWMODEL.ADDSERIES    Leaving the addseries method    
2023-06-09 17:15:11.5809    TRACE    SCHOOLPROJECT.VIEWMODEL.LOGINVIEWMODEL..CTOR    Entering in the constructor    
2023-06-09 17:15:12.2150    TRACE    SCHOOLPROJECT.VIEWMODEL.LOGINVIEWMODEL..CTOR    Leaving the constructor    
2023-06-09 17:15:12.6128    TRACE    SCHOOLPROJECT.VIEWMODEL.LOGINVIEWMODEL..CTOR    Entering in the constructor    
2023-06-09 17:15:12.6128    TRACE    SCHOOLPROJECT.VIEWMODEL.LOGINVIEWMODEL..CTOR    Leaving the constructor    
2023-06-09 17:15:15.5376    TRACE    SCHOOLPROJECT.VIEWMODEL.LOGINVIEWMODEL.LOGIN    Entering in the Login method    
2023-06-09 17:15:15.5503    INFO    SCHOOLPROJECT.REPOSITORIES.USERREPOSITORY.GETUSER    Log in with Username[123] and password[123]    
2023-06-09 17:15:24.4110    TRACE    SCHOOLPROJECT.VIEWMODEL.LOGINVIEWMODEL.LOGIN    Leaving the Login method    
2023-06-09 17:15:33.3258    TRACE    SCHOOLPROJECT.VIEWMODEL.SEARCHPATIENTVIEWMODEL.INITIALIZE    Entering the initialize method    
2023-06-09 17:15:33.3602    TRACE    SCHOOLPROJECT.VIEWMODEL.SEARCHPATIENTVIEWMODEL.INITIALIZE    Leaving the initialize method    
2023-06-09 17:15:35.0783    INFO    SCHOOLPROJECT.REPOSITORIES.STUDIESREPOSITORY.GETSTUDYLIST    Getting all studies for the patient id: 6    
2023-06-09 17:15:35.1025    INFO    SCHOOLPROJECT.VIEWMODEL.STUDIESVIEWMODEL.INITIALIZE    All data loaded    
2023-06-09 17:15:41.0610    TRACE    SCHOOLPROJECT.VIEWMODEL.STUDIESVIEWMODEL.ADDSTUDY    Entering in the add study method    
2023-06-09 17:15:41.2959    INFO    SCHOOLPROJECT.REPOSITORIES.STUDIESREPOSITORY.ADDSTUDY    New study added to the patient id: 6 and saved to the database    
2023-06-09 17:15:42.0782    INFO    SCHOOLPROJECT.REPOSITORIES.STUDIESREPOSITORY.GETSTUDYLIST    Getting all studies for the patient id: 6    
2023-06-09 17:15:42.1168    TRACE    SCHOOLPROJECT.VIEWMODEL.STUDIESVIEWMODEL.ADDSTUDY    Leaving the add study method    
2023-06-09 17:23:01.1192    TRACE    SCHOOLPROJECT.VIEWMODEL.LOGINVIEWMODEL..CTOR    Entering in the constructor    
2023-06-09 17:23:01.4011    TRACE    SCHOOLPROJECT.VIEWMODEL.LOGINVIEWMODEL..CTOR    Leaving the constructor    
2023-06-09 17:23:01.7431    TRACE    SCHOOLPROJECT.VIEWMODEL.LOGINVIEWMODEL..CTOR    Entering in the constructor    
2023-06-09 17:23:01.7431    TRACE    SCHOOLPROJECT.VIEWMODEL.LOGINVIEWMODEL..CTOR    Leaving the constructor    
2023-06-09 17:23:05.4475    TRACE    SCHOOLPROJECT.VIEWMODEL.LOGINVIEWMODEL.LOGIN    Entering in the Login method    
2023-06-09 17:23:05.4475    INFO    SCHOOLPROJECT.REPOSITORIES.USERREPOSITORY.GETUSER    Log in with Username[123] and password[123]    
2023-06-09 17:23:08.5924    INFO    SCHOOLPROJECT.VIEWMODEL.LOGINVIEWMODEL.LOGIN    Log in failed    
2023-06-09 17:36:29.7550    TRACE    SCHOOLPROJECT.VIEWMODEL.LOGINVIEWMODEL..CTOR    Entering in the constructor    
2023-06-09 17:36:30.3521    TRACE    SCHOOLPROJECT.VIEWMODEL.LOGINVIEWMODEL..CTOR    Leaving the constructor    
2023-06-09 17:36:30.9741    TRACE    SCHOOLPROJECT.VIEWMODEL.LOGINVIEWMODEL..CTOR    Entering in the constructor    
2023-06-09 17:36:30.9741    TRACE    SCHOOLPROJECT.VIEWMODEL.LOGINVIEWMODEL..CTOR    Leaving the constructor    
2023-06-09 17:36:34.1940    TRACE    SCHOOLPROJECT.VIEWMODEL.LOGINVIEWMODEL.LOGIN    Entering in the Login method    
2023-06-09 17:36:34.1975    INFO    SCHOOLPROJECT.REPOSITORIES.USERREPOSITORY.GETUSER    Log in with Username[123] and password[123]    
2023-06-09 17:36:41.5975    TRACE    SCHOOLPROJECT.VIEWMODEL.LOGINVIEWMODEL.LOGIN    Leaving the Login method    
2023-06-09 17:36:43.9952    TRACE    SCHOOLPROJECT.VIEWMODEL.SEARCHPATIENTVIEWMODEL.INITIALIZE    Entering the initialize method    
2023-06-09 17:36:44.0262    TRACE    SCHOOLPROJECT.VIEWMODEL.SEARCHPATIENTVIEWMODEL.INITIALIZE    Leaving the initialize method    
2023-06-09 17:36:44.4288    TRACE    SCHOOLPROJECT.VIEWMODEL.ADDRECORDVIEWMODEL..CTOR    Entering the constructor    
2023-06-09 17:36:44.4298    TRACE    SCHOOLPROJECT.VIEWMODEL.ADDRECORDVIEWMODEL..CTOR    leaving  the constructor    
2023-06-09 17:36:44.4570    TRACE    SCHOOLPROJECT.VIEWMODEL.ADDRECORDVIEWMODEL..CTOR    Entering the constructor    
2023-06-09 17:36:44.4570    TRACE    SCHOOLPROJECT.VIEWMODEL.ADDRECORDVIEWMODEL..CTOR    leaving  the constructor    
2023-06-09 17:36:59.2961    TRACE    SCHOOLPROJECT.VIEWMODEL.ADDRECORDVIEWMODEL.ADDRECORD    Entering to the add record method.    
2023-06-09 17:36:59.5233    INFO    SCHOOLPROJECT.REPOSITORIES.RECORDREPOSITORY.ADDPATIENT    New patient added successfully and saved to the database    
2023-06-09 17:36:59.5233    TRACE    SCHOOLPROJECT.VIEWMODEL.ADDRECORDVIEWMODEL.CLEARDATA    Entering in the clear data method    
2023-06-09 17:36:59.5233    TRACE    SCHOOLPROJECT.VIEWMODEL.ADDRECORDVIEWMODEL.CLEARDATA    Leaving the clear data method    
2023-06-09 17:37:00.1372    INFO    SCHOOLPROJECT.VIEWMODEL.ADDRECORDVIEWMODEL.GOTOADDSTUDIES    Go to add studies and series for this patient    
2023-06-09 17:37:00.2675    INFO    SCHOOLPROJECT.REPOSITORIES.STUDIESREPOSITORY.GETSTUDYLIST    Getting all studies for the patient id: 1    
2023-06-09 17:37:00.3854    INFO    SCHOOLPROJECT.VIEWMODEL.STUDIESVIEWMODEL.INITIALIZE    All data loaded    
2023-06-09 17:37:00.3854    TRACE    SCHOOLPROJECT.VIEWMODEL.ADDRECORDVIEWMODEL.ADDRECORD    Leaving the addrecord method    
2023-06-09 17:37:02.3665    TRACE    SCHOOLPROJECT.VIEWMODEL.STUDIESVIEWMODEL.ADDSTUDY    Entering in the add study method    
2023-06-09 17:37:02.3833    INFO    SCHOOLPROJECT.REPOSITORIES.STUDIESREPOSITORY.ADDSTUDY    New study added to the patient id: 1 and saved to the database    
2023-06-09 17:37:03.2295    INFO    SCHOOLPROJECT.REPOSITORIES.STUDIESREPOSITORY.GETSTUDYLIST    Getting all studies for the patient id: 1    
2023-06-09 17:37:03.2295    TRACE    SCHOOLPROJECT.VIEWMODEL.STUDIESVIEWMODEL.ADDSTUDY    Leaving the add study method    
2023-06-09 17:37:04.4055    TRACE    SCHOOLPROJECT.VIEWMODEL.STUDIESVIEWMODEL.ADDSTUDY    Entering in the add study method    
2023-06-09 17:37:04.4055    INFO    SCHOOLPROJECT.REPOSITORIES.STUDIESREPOSITORY.ADDSTUDY    New study added to the patient id: 1 and saved to the database    
2023-06-09 17:37:05.1584    INFO    SCHOOLPROJECT.REPOSITORIES.STUDIESREPOSITORY.GETSTUDYLIST    Getting all studies for the patient id: 1    
2023-06-09 17:37:05.1733    TRACE    SCHOOLPROJECT.VIEWMODEL.STUDIESVIEWMODEL.ADDSTUDY    Leaving the add study method    
2023-06-09 17:37:06.8523    TRACE    SCHOOLPROJECT.VIEWMODEL.STUDIESVIEWMODEL.ADDSTUDY    Entering in the add study method    
2023-06-09 17:37:06.8523    INFO    SCHOOLPROJECT.REPOSITORIES.STUDIESREPOSITORY.ADDSTUDY    New study added to the patient id: 1 and saved to the database    
2023-06-09 17:37:07.6013    INFO    SCHOOLPROJECT.REPOSITORIES.STUDIESREPOSITORY.GETSTUDYLIST    Getting all studies for the patient id: 1    
2023-06-09 17:37:07.6538    TRACE    SCHOOLPROJECT.VIEWMODEL.STUDIESVIEWMODEL.ADDSTUDY    Leaving the add study method    
2023-06-09 17:39:53.4503    TRACE    SCHOOLPROJECT.VIEWMODEL.LOGINVIEWMODEL..CTOR    Entering in the constructor    
2023-06-09 17:39:54.3521    TRACE    SCHOOLPROJECT.VIEWMODEL.LOGINVIEWMODEL..CTOR    Leaving the constructor    
2023-06-09 17:39:54.9313    TRACE    SCHOOLPROJECT.VIEWMODEL.LOGINVIEWMODEL..CTOR    Entering in the constructor    
2023-06-09 17:39:54.9313    TRACE    SCHOOLPROJECT.VIEWMODEL.LOGINVIEWMODEL..CTOR    Leaving the constructor    
2023-06-09 17:39:58.4234    TRACE    SCHOOLPROJECT.VIEWMODEL.LOGINVIEWMODEL.LOGIN    Entering in the Login method    
2023-06-09 17:39:58.4312    INFO    SCHOOLPROJECT.REPOSITORIES.USERREPOSITORY.GETUSER    Log in with Username[123] and password[123]    
2023-06-09 17:40:06.1323    TRACE    SCHOOLPROJECT.VIEWMODEL.LOGINVIEWMODEL.LOGIN    Leaving the Login method    
2023-06-09 17:40:08.8582    TRACE    SCHOOLPROJECT.VIEWMODEL.ADDRECORDVIEWMODEL..CTOR    Entering the constructor    
2023-06-09 17:40:08.8582    TRACE    SCHOOLPROJECT.VIEWMODEL.ADDRECORDVIEWMODEL..CTOR    leaving  the constructor    
2023-06-09 17:40:08.9024    TRACE    SCHOOLPROJECT.VIEWMODEL.ADDRECORDVIEWMODEL..CTOR    Entering the constructor    
2023-06-09 17:40:08.9024    TRACE    SCHOOLPROJECT.VIEWMODEL.ADDRECORDVIEWMODEL..CTOR    leaving  the constructor    
2023-06-09 17:40:09.6741    TRACE    SCHOOLPROJECT.VIEWMODEL.SEARCHPATIENTVIEWMODEL.INITIALIZE    Entering the initialize method    
2023-06-09 17:40:09.7086    TRACE    SCHOOLPROJECT.VIEWMODEL.SEARCHPATIENTVIEWMODEL.INITIALIZE    Leaving the initialize method    
2023-06-09 17:40:10.5500    INFO    SCHOOLPROJECT.REPOSITORIES.STUDIESREPOSITORY.GETSTUDYLIST    Getting all studies for the patient id: 1    
2023-06-09 17:40:10.5632    INFO    SCHOOLPROJECT.VIEWMODEL.STUDIESVIEWMODEL.INITIALIZE    All data loaded    
2023-06-09 17:40:14.1683    TRACE    SCHOOLPROJECT.VIEWMODEL.STUDIESVIEWMODEL.ADDSTUDY    Entering in the add study method    
2023-06-09 17:40:14.3936    INFO    SCHOOLPROJECT.REPOSITORIES.STUDIESREPOSITORY.ADDSTUDY    New study added to the patient id: 1 and saved to the database    
2023-06-09 17:40:15.3089    INFO    SCHOOLPROJECT.REPOSITORIES.STUDIESREPOSITORY.GETSTUDYLIST    Getting all studies for the patient id: 1    
2023-06-09 17:40:15.3430    TRACE    SCHOOLPROJECT.VIEWMODEL.STUDIESVIEWMODEL.ADDSTUDY    Leaving the add study method    
