2023-07-07 11:46:18.0935    TRACE    SCHOOLPROJECT.VIEWMODEL.LOGINVIEWMODEL..CTOR    Entering in the constructor    
2023-07-07 11:46:18.2057    TRACE    SCHOOLPROJECT.VIEWMODEL.LOGINVIEWMODEL..CTOR    Leaving the constructor    
2023-07-07 11:46:18.4438    TRACE    SCHOOLPROJECT.VIEWMODEL.LOGINVIEWMODEL..CTOR    Entering in the constructor    
2023-07-07 11:46:18.4438    TRACE    SCHOOLPROJECT.VIEWMODEL.LOGINVIEWMODEL..CTOR    Leaving the constructor    
2023-07-07 11:46:31.6789    TRACE    SCHOOLPROJECT.VIEWMODEL.LOGINVIEWMODEL.LOGIN    Entering in the Login method    
2023-07-07 11:46:31.6889    INFO    SCHOOLPROJECT.REPOSITORIES.USERREPOSITORY.GETUSER    Log in with Username[admin] and password[admin]    
2023-07-07 11:46:33.1732    TRACE    SCHOOLPROJECT.VIEWMODEL.LOGINVIEWMODEL.LOGIN    Leaving the Login method    
2023-07-07 11:46:44.5787    TRACE    SCHOOLPROJECT.VIEWMODEL.ADDRECORDVIEWMODEL..CTOR    Entering the constructor    
2023-07-07 11:46:44.5787    TRACE    SCHOOLPROJECT.VIEWMODEL.ADDRECORDVIEWMODEL..CTOR    leaving  the constructor    
2023-07-07 11:46:44.5967    TRACE    SCHOOLPROJECT.VIEWMODEL.ADDRECORDVIEWMODEL..CTOR    Entering the constructor    
2023-07-07 11:46:44.5967    TRACE    SCHOOLPROJECT.VIEWMODEL.ADDRECORDVIEWMODEL..CTOR    leaving  the constructor    
2023-07-07 11:46:57.8169    TRACE    SCHOOLPROJECT.VIEWMODEL.SEARCHPATIENTVIEWMODEL.INITIALIZE    Entering the initialize method    
2023-07-07 11:46:57.8350    TRACE    SCHOOLPROJECT.VIEWMODEL.SEARCHPATIENTVIEWMODEL.INITIALIZE    Leaving the initialize method    
2023-07-07 11:47:09.2240    INFO    SCHOOLPROJECT.VIEWMODEL.USERCONTROLVIEWMODEL.INITIALIZE    Initializing: Group[Administrator] User[Namit]    
2023-07-07 11:47:28.7052    TRACE    SCHOOLPROJECT.VIEWMODEL.SEARCHPATIENTVIEWMODEL.INITIALIZE    Entering the initialize method    
2023-07-07 11:47:28.7052    TRACE    SCHOOLPROJECT.VIEWMODEL.SEARCHPATIENTVIEWMODEL.INITIALIZE    Leaving the initialize method    
2023-07-07 11:47:29.8014    INFO    SCHOOLPROJECT.REPOSITORIES.STUDIESREPOSITORY.GETSTUDYLIST    Getting all studies for the patient id: 1    
2023-07-07 11:47:29.8134    INFO    SCHOOLPROJECT.VIEWMODEL.STUDIESVIEWMODEL.INITIALIZE    All data loaded    
2023-07-07 11:47:36.3060    INFO    SCHOOLPROJECT.VIEWMODEL.STUDIESVIEWMODEL.STUDYCHANGED    Study selected changed    
2023-07-07 11:47:36.3080    INFO    SCHOOLPROJECT.REPOSITORIES.SERIESREPOSITORY.GETSERIES    Searching for series for the study id: 2    
2023-07-07 11:47:43.0759    TRACE    SCHOOLPROJECT.VIEWMODEL.DATAVIEWMODEL..CTOR    Entering in the constructor    
2023-07-07 11:47:43.0759    TRACE    SCHOOLPROJECT.VIEWMODEL.DATAVIEWMODEL..CTOR    Leaving the constructor    
2023-07-07 11:47:43.0759    TRACE    SCHOOLPROJECT.VIEWMODEL.DATAVIEWMODEL.INITIALIZE    Entering in the initialize method    
2023-07-07 11:47:43.0759    TRACE    SCHOOLPROJECT.REPOSITORIES.RECORDREPOSITORY.GETPATIENTBYID    Finding patient by id...    
2023-07-07 11:47:43.1199    INFO    SCHOOLPROJECT.VIEWMODEL.DATAVIEWMODEL.INITIALIZE    All primary data charged successfully    
2023-07-07 11:47:43.1199    TRACE    SCHOOLPROJECT.VIEWMODEL.DATAVIEWMODEL.INITIALIZE    Leaving the initialize method    
2023-07-07 11:47:47.5755    TRACE    SCHOOLPROJECT.VIEWMODEL.DATAVIEWMODEL.STARTVIDEO    Entering in the startVideo method    
2023-07-07 11:47:47.5755    INFO    SCHOOLPROJECT.VIEWMODEL.DATAVIEWMODEL.STARTVIDEO    new camera selected, starting live view    
2023-07-07 11:47:47.5755    TRACE    SCHOOLPROJECT.VIEWMODEL.DATAVIEWMODEL.STARTVIDEO    Leaving the startvideo method    
2023-07-07 11:48:12.0750    TRACE    SCHOOLPROJECT.VIEWMODEL.DATAVIEWMODEL.STARTVIDEO    Entering in the startVideo method    
2023-07-07 11:48:12.0750    INFO    SCHOOLPROJECT.VIEWMODEL.DATAVIEWMODEL.STARTVIDEO    An video has initiated before, stoping the video    
2023-07-07 11:48:12.0750    TRACE    SCHOOLPROJECT.VIEWMODEL.DATAVIEWMODEL.STARTVIDEO    Leaving the startvideo method    
2023-07-07 11:48:15.1514    TRACE    SCHOOLPROJECT.VIEWMODEL.LOGINVIEWMODEL..CTOR    Entering in the constructor    
2023-07-07 11:48:15.1514    TRACE    SCHOOLPROJECT.VIEWMODEL.LOGINVIEWMODEL..CTOR    Leaving the constructor    
2023-07-07 11:48:15.1514    TRACE    SCHOOLPROJECT.VIEWMODEL.LOGINVIEWMODEL..CTOR    Entering in the constructor    
2023-07-07 11:48:15.1514    TRACE    SCHOOLPROJECT.VIEWMODEL.LOGINVIEWMODEL..CTOR    Leaving the constructor    
2023-07-07 11:48:15.1924    TRACE    SCHOOLPROJECT.VIEWMODEL.DATAVIEWMODEL.CLOSINGVIDEO    Entering ClosingVideo method    
2023-07-07 11:48:15.1924    INFO    SCHOOLPROJECT.VIEWMODEL.DATAVIEWMODEL.CLOSINGVIDEO    All video cleared    
2023-07-07 11:48:15.1924    TRACE    SCHOOLPROJECT.VIEWMODEL.DATAVIEWMODEL.CLOSINGVIDEO    Leaving ClosingVideo method    
2023-07-07 11:48:15.1924    INFO    SCHOOLPROJECT.MAINWINDOW.WINDOW_CLOSING    Closing app    
2023-07-07 11:48:15.2034    TRACE    SCHOOLPROJECT.VIEWMODEL.DATAVIEWMODEL.CLOSINGVIDEO    Entering ClosingVideo method    
2023-07-07 11:48:15.2034    INFO    SCHOOLPROJECT.VIEWMODEL.DATAVIEWMODEL.CLOSINGVIDEO    All video cleared    
2023-07-07 11:48:15.2034    TRACE    SCHOOLPROJECT.VIEWMODEL.DATAVIEWMODEL.CLOSINGVIDEO    Leaving ClosingVideo method    
