2023-06-12 12:27:40.1352    TRACE    SCHOOLPROJECT.VIEWMODEL.LOGINVIEWMODEL..CTOR    Entering in the constructor    
2023-06-12 12:27:40.5229    TRACE    SCHOOLPROJECT.VIEWMODEL.LOGINVIEWMODEL..CTOR    Leaving the constructor    
2023-06-12 12:27:41.0246    TRACE    SCHOOLPROJECT.VIEWMODEL.LOGINVIEWMODEL..CTOR    Entering in the constructor    
2023-06-12 12:27:41.0246    TRACE    SCHOOLPROJECT.VIEWMODEL.LOGINVIEWMODEL..CTOR    Leaving the constructor    
2023-06-12 12:27:47.2939    TRACE    SCHOOLPROJECT.VIEWMODEL.LOGINVIEWMODEL.LOGIN    Entering in the Login method    
2023-06-12 12:27:47.2939    INFO    SCHOOLPROJECT.REPOSITORIES.USERREPOSITORY.GETUSER    Log in with Username[123] and password[123]    
2023-06-12 12:27:53.6253    INFO    SCHOOLPROJECT.VIEWMODEL.LOGINVIEWMODEL.LOGIN    Log in failed    
2023-06-12 12:28:01.3791    TRACE    SCHOOLPROJECT.VIEWMODEL.LOGINVIEWMODEL.LOGIN    Entering in the Login method    
2023-06-12 12:28:01.3791    INFO    SCHOOLPROJECT.REPOSITORIES.USERREPOSITORY.GETUSER    Log in with Username[] and password[]    
2023-06-12 12:28:01.3791    INFO    SCHOOLPROJECT.VIEWMODEL.LOGINVIEWMODEL.LOGIN    Log in failed    
2023-06-12 12:28:55.4751    TRACE    SCHOOLPROJECT.VIEWMODEL.LOGINVIEWMODEL.LOGIN    Entering in the Login method    
2023-06-12 12:28:55.4751    INFO    SCHOOLPROJECT.REPOSITORIES.USERREPOSITORY.GETUSER    Log in with Username[123] and password[123]    
2023-06-12 12:28:55.5681    TRACE    SCHOOLPROJECT.VIEWMODEL.LOGINVIEWMODEL.LOGIN    Leaving the Login method    
2023-06-12 12:28:57.5953    TRACE    SCHOOLPROJECT.VIEWMODEL.SEARCHPATIENTVIEWMODEL.INITIALIZE    Entering the initialize method    
2023-06-12 12:28:57.6254    TRACE    SCHOOLPROJECT.VIEWMODEL.SEARCHPATIENTVIEWMODEL.INITIALIZE    Leaving the initialize method    
2023-06-12 12:28:58.6540    INFO    SCHOOLPROJECT.VIEWMODEL.USERCONTROLVIEWMODEL.INITIALIZE    Initializing: Group[Administrator] User[edu]    
2023-06-12 12:29:31.4419    TRACE    SCHOOLPROJECT.VIEWMODEL.ADDRECORDVIEWMODEL..CTOR    Entering the constructor    
2023-06-12 12:29:31.4419    TRACE    SCHOOLPROJECT.VIEWMODEL.ADDRECORDVIEWMODEL..CTOR    leaving  the constructor    
2023-06-12 12:29:31.4489    TRACE    SCHOOLPROJECT.VIEWMODEL.ADDRECORDVIEWMODEL..CTOR    Entering the constructor    
2023-06-12 12:29:31.4489    TRACE    SCHOOLPROJECT.VIEWMODEL.ADDRECORDVIEWMODEL..CTOR    leaving  the constructor    
2023-06-12 12:29:32.8732    TRACE    SCHOOLPROJECT.VIEWMODEL.ADDRECORDVIEWMODEL.ADDRECORD    Entering to the add record method.    
2023-06-12 12:29:34.2249    WARN    SCHOOLPROJECT.VIEWMODEL.ADDRECORDVIEWMODEL.ADDRECORD    Please fill in all required data    
2023-06-12 12:29:34.2249    TRACE    SCHOOLPROJECT.VIEWMODEL.ADDRECORDVIEWMODEL.ADDRECORD    Leaving the addrecord method    
2023-06-12 12:29:35.0198    INFO    SCHOOLPROJECT.VIEWMODEL.USERCONTROLVIEWMODEL.INITIALIZE    Initializing: Group[Administrator] User[edu]    
2023-06-12 12:29:36.9869    TRACE    SCHOOLPROJECT.VIEWMODEL.SEARCHPATIENTVIEWMODEL.INITIALIZE    Entering the initialize method    
2023-06-12 12:29:36.9869    TRACE    SCHOOLPROJECT.VIEWMODEL.SEARCHPATIENTVIEWMODEL.INITIALIZE    Leaving the initialize method    
2023-06-12 12:29:39.7490    INFO    SCHOOLPROJECT.VIEWMODEL.USERCONTROLVIEWMODEL.INITIALIZE    Initializing: Group[Administrator] User[edu]    
2023-06-12 12:29:40.5474    TRACE    SCHOOLPROJECT.VIEWMODEL.ADDRECORDVIEWMODEL..CTOR    Entering the constructor    
2023-06-12 12:29:40.5474    TRACE    SCHOOLPROJECT.VIEWMODEL.ADDRECORDVIEWMODEL..CTOR    leaving  the constructor    
2023-06-12 12:29:40.5474    TRACE    SCHOOLPROJECT.VIEWMODEL.ADDRECORDVIEWMODEL..CTOR    Entering the constructor    
2023-06-12 12:29:40.5474    TRACE    SCHOOLPROJECT.VIEWMODEL.ADDRECORDVIEWMODEL..CTOR    leaving  the constructor    
2023-06-12 12:29:50.1354    TRACE    SCHOOLPROJECT.VIEWMODEL.ADDRECORDVIEWMODEL.ADDRECORD    Entering to the add record method.    
2023-06-12 12:29:50.8362    WARN    SCHOOLPROJECT.VIEWMODEL.ADDRECORDVIEWMODEL.ADDRECORD    Email has a bad format or empty    
2023-06-12 12:29:58.5363    TRACE    SCHOOLPROJECT.VIEWMODEL.ADDRECORDVIEWMODEL.ADDRECORD    Entering to the add record method.    
2023-06-12 12:30:00.4455    WARN    SCHOOLPROJECT.VIEWMODEL.ADDRECORDVIEWMODEL.ADDRECORD    Please fill in all required data    
2023-06-12 12:30:00.4455    TRACE    SCHOOLPROJECT.VIEWMODEL.ADDRECORDVIEWMODEL.ADDRECORD    Leaving the addrecord method    
2023-06-12 12:30:28.1454    TRACE    SCHOOLPROJECT.VIEWMODEL.ADDRECORDVIEWMODEL.ADDRECORD    Entering to the add record method.    
2023-06-12 12:30:29.8722    WARN    SCHOOLPROJECT.VIEWMODEL.ADDRECORDVIEWMODEL.ADDRECORD    Please fill in all required data    
2023-06-12 12:30:29.8722    TRACE    SCHOOLPROJECT.VIEWMODEL.ADDRECORDVIEWMODEL.ADDRECORD    Leaving the addrecord method    
2023-06-12 12:30:33.8577    TRACE    SCHOOLPROJECT.VIEWMODEL.ADDRECORDVIEWMODEL.ADDRECORD    Entering to the add record method.    
2023-06-12 12:30:56.3252    TRACE    SCHOOLPROJECT.VIEWMODEL.LOGINVIEWMODEL..CTOR    Entering in the constructor    
2023-06-12 12:30:56.7782    TRACE    SCHOOLPROJECT.VIEWMODEL.LOGINVIEWMODEL..CTOR    Leaving the constructor    
2023-06-12 12:30:57.2194    TRACE    SCHOOLPROJECT.VIEWMODEL.LOGINVIEWMODEL..CTOR    Entering in the constructor    
2023-06-12 12:30:57.2194    TRACE    SCHOOLPROJECT.VIEWMODEL.LOGINVIEWMODEL..CTOR    Leaving the constructor    
2023-06-12 12:31:01.0899    TRACE    SCHOOLPROJECT.VIEWMODEL.LOGINVIEWMODEL.LOGIN    Entering in the Login method    
2023-06-12 12:31:01.0899    INFO    SCHOOLPROJECT.REPOSITORIES.USERREPOSITORY.GETUSER    Log in with Username[123] and password[123]    
2023-06-12 12:31:05.7961    TRACE    SCHOOLPROJECT.VIEWMODEL.LOGINVIEWMODEL.LOGIN    Leaving the Login method    
2023-06-12 12:31:07.9144    TRACE    SCHOOLPROJECT.VIEWMODEL.ADDRECORDVIEWMODEL..CTOR    Entering the constructor    
2023-06-12 12:31:07.9144    TRACE    SCHOOLPROJECT.VIEWMODEL.ADDRECORDVIEWMODEL..CTOR    leaving  the constructor    
2023-06-12 12:31:07.9389    TRACE    SCHOOLPROJECT.VIEWMODEL.ADDRECORDVIEWMODEL..CTOR    Entering the constructor    
2023-06-12 12:31:07.9389    TRACE    SCHOOLPROJECT.VIEWMODEL.ADDRECORDVIEWMODEL..CTOR    leaving  the constructor    
2023-06-12 12:31:18.3070    TRACE    SCHOOLPROJECT.VIEWMODEL.ADDRECORDVIEWMODEL.ADDRECORD    Entering to the add record method.    
2023-06-12 12:31:18.5197    INFO    SCHOOLPROJECT.REPOSITORIES.RECORDREPOSITORY.ADDPATIENT    New patient added successfully and saved to the database    
2023-06-12 12:31:18.5197    TRACE    SCHOOLPROJECT.VIEWMODEL.ADDRECORDVIEWMODEL.CLEARDATA    Entering in the clear data method    
2023-06-12 12:31:18.5197    TRACE    SCHOOLPROJECT.VIEWMODEL.ADDRECORDVIEWMODEL.CLEARDATA    Leaving the clear data method    
2023-06-12 12:31:19.5196    INFO    SCHOOLPROJECT.VIEWMODEL.ADDRECORDVIEWMODEL.GOTOADDSTUDIES    Go to add studies and series for this patient    
2023-06-12 12:31:19.6210    INFO    SCHOOLPROJECT.REPOSITORIES.STUDIESREPOSITORY.GETSTUDYLIST    Getting all studies for the patient id: 8    
2023-06-12 12:31:19.6599    INFO    SCHOOLPROJECT.VIEWMODEL.STUDIESVIEWMODEL.INITIALIZE    All data loaded    
2023-06-12 12:31:19.6599    TRACE    SCHOOLPROJECT.VIEWMODEL.ADDRECORDVIEWMODEL.ADDRECORD    Leaving the addrecord method    
2023-06-12 12:31:21.0544    TRACE    SCHOOLPROJECT.VIEWMODEL.STUDIESVIEWMODEL.ADDSTUDY    Entering in the add study method    
2023-06-12 12:31:21.0802    INFO    SCHOOLPROJECT.REPOSITORIES.STUDIESREPOSITORY.ADDSTUDY    New study added to the patient id: 8 and saved to the database    
2023-06-12 12:31:22.2946    INFO    SCHOOLPROJECT.REPOSITORIES.STUDIESREPOSITORY.GETSTUDYLIST    Getting all studies for the patient id: 8    
2023-06-12 12:31:22.3240    TRACE    SCHOOLPROJECT.VIEWMODEL.STUDIESVIEWMODEL.ADDSTUDY    Leaving the add study method    
2023-06-12 12:31:23.1505    TRACE    SCHOOLPROJECT.VIEWMODEL.STUDIESVIEWMODEL.ADDSTUDY    Entering in the add study method    
2023-06-12 12:31:24.7795    WARN    SCHOOLPROJECT.VIEWMODEL.STUDIESVIEWMODEL.ADDSTUDY    The user has no write a study name    
2023-06-12 12:31:30.5332    INFO    SCHOOLPROJECT.VIEWMODEL.STUDIESVIEWMODEL.STUDYCHANGED    Study selected changed    
2023-06-12 12:31:30.5332    INFO    SCHOOLPROJECT.REPOSITORIES.SERIESREPOSITORY.GETSERIES    Searching for series for the study id: 8    
2023-06-12 12:31:32.1952    TRACE    SCHOOLPROJECT.VIEWMODEL.STUDIESVIEWMODEL.ADDSERIES    Entering in addseries method    
2023-06-12 12:31:32.2145    INFO    SCHOOLPROJECT.REPOSITORIES.SERIESREPOSITORY.ADDSERIES    New serie has been added to study id: 8 and saved to the database    
2023-06-12 12:31:33.0733    INFO    SCHOOLPROJECT.REPOSITORIES.SERIESREPOSITORY.GETSERIES    Searching for series for the study id: 8    
2023-06-12 12:31:33.0877    TRACE    SCHOOLPROJECT.VIEWMODEL.STUDIESVIEWMODEL.ADDSERIES    Leaving the addseries method    
2023-06-12 12:32:23.8176    TRACE    SCHOOLPROJECT.VIEWMODEL.LOGINVIEWMODEL..CTOR    Entering in the constructor    
2023-06-12 12:32:25.4942    TRACE    SCHOOLPROJECT.VIEWMODEL.LOGINVIEWMODEL..CTOR    Leaving the constructor    
2023-06-12 12:32:26.0123    TRACE    SCHOOLPROJECT.VIEWMODEL.LOGINVIEWMODEL..CTOR    Entering in the constructor    
2023-06-12 12:32:26.0123    TRACE    SCHOOLPROJECT.VIEWMODEL.LOGINVIEWMODEL..CTOR    Leaving the constructor    
2023-06-12 12:32:32.2311    TRACE    SCHOOLPROJECT.VIEWMODEL.LOGINVIEWMODEL.LOGIN    Entering in the Login method    
2023-06-12 12:32:32.2311    INFO    SCHOOLPROJECT.REPOSITORIES.USERREPOSITORY.GETUSER    Log in with Username[123] and password[123]    
2023-06-12 12:32:35.8083    TRACE    SCHOOLPROJECT.VIEWMODEL.LOGINVIEWMODEL.LOGIN    Leaving the Login method    
2023-06-12 12:32:37.9944    TRACE    SCHOOLPROJECT.VIEWMODEL.ADDRECORDVIEWMODEL..CTOR    Entering the constructor    
2023-06-12 12:32:37.9944    TRACE    SCHOOLPROJECT.VIEWMODEL.ADDRECORDVIEWMODEL..CTOR    leaving  the constructor    
2023-06-12 12:32:38.0234    TRACE    SCHOOLPROJECT.VIEWMODEL.ADDRECORDVIEWMODEL..CTOR    Entering the constructor    
2023-06-12 12:32:38.0234    TRACE    SCHOOLPROJECT.VIEWMODEL.ADDRECORDVIEWMODEL..CTOR    leaving  the constructor    
2023-06-12 12:32:46.2516    TRACE    SCHOOLPROJECT.VIEWMODEL.ADDRECORDVIEWMODEL.ADDRECORD    Entering to the add record method.    
2023-06-12 12:32:46.4777    INFO    SCHOOLPROJECT.REPOSITORIES.RECORDREPOSITORY.ADDPATIENT    New patient added successfully and saved to the database    
2023-06-12 12:32:46.4777    TRACE    SCHOOLPROJECT.VIEWMODEL.ADDRECORDVIEWMODEL.CLEARDATA    Entering in the clear data method    
2023-06-12 12:32:46.4777    TRACE    SCHOOLPROJECT.VIEWMODEL.ADDRECORDVIEWMODEL.CLEARDATA    Leaving the clear data method    
2023-06-12 12:32:47.7414    INFO    SCHOOLPROJECT.VIEWMODEL.ADDRECORDVIEWMODEL.GOTOADDSTUDIES    Go to add studies and series for this patient    
2023-06-12 12:32:47.8850    INFO    SCHOOLPROJECT.REPOSITORIES.STUDIESREPOSITORY.GETSTUDYLIST    Getting all studies for the patient id: 9    
2023-06-12 12:32:47.9216    INFO    SCHOOLPROJECT.VIEWMODEL.STUDIESVIEWMODEL.INITIALIZE    All data loaded    
2023-06-12 12:32:47.9216    TRACE    SCHOOLPROJECT.VIEWMODEL.ADDRECORDVIEWMODEL.ADDRECORD    Leaving the addrecord method    
2023-06-12 12:32:48.9114    TRACE    SCHOOLPROJECT.VIEWMODEL.STUDIESVIEWMODEL.ADDSTUDY    Entering in the add study method    
2023-06-12 12:33:00.0028    WARN    SCHOOLPROJECT.VIEWMODEL.STUDIESVIEWMODEL.ADDSTUDY    The user has no write a study name    
2023-06-12 12:33:00.6313    TRACE    SCHOOLPROJECT.VIEWMODEL.STUDIESVIEWMODEL.ADDSTUDY    Entering in the add study method    
2023-06-12 12:33:01.4035    WARN    SCHOOLPROJECT.VIEWMODEL.STUDIESVIEWMODEL.ADDSTUDY    The user has no write a study name    
2023-06-12 12:33:11.1663    TRACE    SCHOOLPROJECT.VIEWMODEL.LOGINVIEWMODEL..CTOR    Entering in the constructor    
2023-06-12 12:33:14.1445    TRACE    SCHOOLPROJECT.VIEWMODEL.LOGINVIEWMODEL..CTOR    Leaving the constructor    
2023-06-12 12:33:14.9138    TRACE    SCHOOLPROJECT.VIEWMODEL.LOGINVIEWMODEL..CTOR    Entering in the constructor    
2023-06-12 12:33:14.9138    TRACE    SCHOOLPROJECT.VIEWMODEL.LOGINVIEWMODEL..CTOR    Leaving the constructor    
2023-06-12 12:33:24.1809    TRACE    SCHOOLPROJECT.VIEWMODEL.LOGINVIEWMODEL.LOGIN    Entering in the Login method    
2023-06-12 12:33:24.1907    INFO    SCHOOLPROJECT.REPOSITORIES.USERREPOSITORY.GETUSER    Log in with Username[123] and password[123]    
2023-06-12 12:33:27.7845    TRACE    SCHOOLPROJECT.VIEWMODEL.LOGINVIEWMODEL.LOGIN    Leaving the Login method    
2023-06-12 12:33:30.3528    TRACE    SCHOOLPROJECT.VIEWMODEL.ADDRECORDVIEWMODEL..CTOR    Entering the constructor    
2023-06-12 12:33:30.3528    TRACE    SCHOOLPROJECT.VIEWMODEL.ADDRECORDVIEWMODEL..CTOR    leaving  the constructor    
2023-06-12 12:33:30.3782    TRACE    SCHOOLPROJECT.VIEWMODEL.ADDRECORDVIEWMODEL..CTOR    Entering the constructor    
2023-06-12 12:33:30.3782    TRACE    SCHOOLPROJECT.VIEWMODEL.ADDRECORDVIEWMODEL..CTOR    leaving  the constructor    
2023-06-12 12:33:31.8684    TRACE    SCHOOLPROJECT.VIEWMODEL.SEARCHPATIENTVIEWMODEL.INITIALIZE    Entering the initialize method    
2023-06-12 12:33:31.8968    TRACE    SCHOOLPROJECT.VIEWMODEL.SEARCHPATIENTVIEWMODEL.INITIALIZE    Leaving the initialize method    
2023-06-12 12:33:34.1506    INFO    SCHOOLPROJECT.REPOSITORIES.STUDIESREPOSITORY.GETSTUDYLIST    Getting all studies for the patient id: 9    
2023-06-12 12:33:34.1616    INFO    SCHOOLPROJECT.VIEWMODEL.STUDIESVIEWMODEL.INITIALIZE    All data loaded    
2023-06-12 12:33:36.9361    TRACE    SCHOOLPROJECT.VIEWMODEL.STUDIESVIEWMODEL.ADDSTUDY    Entering in the add study method    
2023-06-12 12:33:37.1498    INFO    SCHOOLPROJECT.REPOSITORIES.STUDIESREPOSITORY.ADDSTUDY    New study added to the patient id: 9 and saved to the database    
2023-06-12 12:33:37.9591    INFO    SCHOOLPROJECT.REPOSITORIES.STUDIESREPOSITORY.GETSTUDYLIST    Getting all studies for the patient id: 9    
2023-06-12 12:33:38.0064    TRACE    SCHOOLPROJECT.VIEWMODEL.STUDIESVIEWMODEL.ADDSTUDY    Leaving the add study method    
2023-06-12 12:33:41.4547    INFO    SCHOOLPROJECT.VIEWMODEL.STUDIESVIEWMODEL.STUDYCHANGED    Study selected changed    
2023-06-12 12:33:41.4547    INFO    SCHOOLPROJECT.REPOSITORIES.SERIESREPOSITORY.GETSERIES    Searching for series for the study id: 9    
2023-06-12 12:33:42.3634    TRACE    SCHOOLPROJECT.VIEWMODEL.STUDIESVIEWMODEL.ADDSERIES    Entering in addseries method    
2023-06-12 12:33:42.3797    INFO    SCHOOLPROJECT.REPOSITORIES.SERIESREPOSITORY.ADDSERIES    New serie has been added to study id: 9 and saved to the database    
2023-06-12 12:33:43.5941    INFO    SCHOOLPROJECT.REPOSITORIES.SERIESREPOSITORY.GETSERIES    Searching for series for the study id: 9    
2023-06-12 12:33:43.6580    TRACE    SCHOOLPROJECT.VIEWMODEL.STUDIESVIEWMODEL.ADDSERIES    Leaving the addseries method    
2023-06-12 12:33:47.5940    TRACE    SCHOOLPROJECT.VIEWMODEL.DATAVIEWMODEL..CTOR    Entering in the constructor    
2023-06-12 12:33:47.5940    TRACE    SCHOOLPROJECT.VIEWMODEL.DATAVIEWMODEL..CTOR    Leaving the constructor    
2023-06-12 12:33:47.5940    TRACE    SCHOOLPROJECT.VIEWMODEL.DATAVIEWMODEL.INITIALIZE    Entering in the initialize method    
2023-06-12 12:33:47.6120    TRACE    SCHOOLPROJECT.REPOSITORIES.RECORDREPOSITORY.GETPATIENTBYID    Finding patient by id...    
2023-06-12 12:33:47.6706    INFO    SCHOOLPROJECT.VIEWMODEL.DATAVIEWMODEL.INITIALIZE    All primary data charged successfully    
2023-06-12 12:33:47.6706    TRACE    SCHOOLPROJECT.VIEWMODEL.DATAVIEWMODEL.INITIALIZE    Leaving the initialize method    
2023-06-12 12:33:49.7041    TRACE    SCHOOLPROJECT.VIEWMODEL.DATAVIEWMODEL.STARTVIDEO    Entering in the startVideo method    
2023-06-12 12:33:49.7041    INFO    SCHOOLPROJECT.VIEWMODEL.DATAVIEWMODEL.STARTVIDEO    new camera selected, starting live view    
2023-06-12 12:33:49.7041    TRACE    SCHOOLPROJECT.VIEWMODEL.DATAVIEWMODEL.STARTVIDEO    Leaving the startvideo method    
2023-06-12 12:33:52.7333    TRACE    SCHOOLPROJECT.VIEWMODEL.DATAVIEWMODEL.CREATEREPORT    Entering in the CreateReport method    
2023-06-12 12:34:07.6609    INFO    SCHOOLPROJECT.REPOSITORIES.REPORTREPOSITORY.ADDREPORT    New report added and saved to the database.    
2023-06-12 12:34:07.6609    INFO    SCHOOLPROJECT.VIEWMODEL.DATAVIEWMODEL.CREATEREPORT    Reported saved in: C:\Users\EEEsquer\OneDrive - grupocubits.mx\Datos adjuntos\Documentos\a-20230612 1234-.pdf    
2023-06-12 12:34:08.5347    TRACE    SCHOOLPROJECT.VIEWMODEL.DATAVIEWMODEL.CREATEREPORT    Leaving in the CreateReport method    
2023-06-12 12:34:10.2971    TRACE    SCHOOLPROJECT.VIEWMODEL.LOGINVIEWMODEL..CTOR    Entering in the constructor    
2023-06-12 12:34:10.2971    TRACE    SCHOOLPROJECT.VIEWMODEL.LOGINVIEWMODEL..CTOR    Leaving the constructor    
2023-06-12 12:34:10.3084    TRACE    SCHOOLPROJECT.VIEWMODEL.LOGINVIEWMODEL..CTOR    Entering in the constructor    
2023-06-12 12:34:10.3084    TRACE    SCHOOLPROJECT.VIEWMODEL.LOGINVIEWMODEL..CTOR    Leaving the constructor    
2023-06-12 12:34:10.3632    TRACE    SCHOOLPROJECT.VIEWMODEL.DATAVIEWMODEL.CLOSINGVIDEO    Entering ClosingVideo method    
2023-06-12 12:34:10.3632    INFO    SCHOOLPROJECT.VIEWMODEL.DATAVIEWMODEL.CLOSINGVIDEO    All video cleared    
2023-06-12 12:34:10.3632    TRACE    SCHOOLPROJECT.VIEWMODEL.DATAVIEWMODEL.CLOSINGVIDEO    Leaving ClosingVideo method    
2023-06-12 12:34:10.3632    INFO    SCHOOLPROJECT.MAINWINDOW.WINDOW_CLOSING    Closing app    
2023-06-12 12:34:10.4003    TRACE    SCHOOLPROJECT.VIEWMODEL.DATAVIEWMODEL.CLOSINGVIDEO    Entering ClosingVideo method    
2023-06-12 12:34:10.4003    INFO    SCHOOLPROJECT.VIEWMODEL.DATAVIEWMODEL.CLOSINGVIDEO    All video cleared    
2023-06-12 12:34:10.4025    TRACE    SCHOOLPROJECT.VIEWMODEL.DATAVIEWMODEL.CLOSINGVIDEO    Leaving ClosingVideo method    
2023-06-12 12:35:41.3687    TRACE    SCHOOLPROJECT.VIEWMODEL.LOGINVIEWMODEL..CTOR    Entering in the constructor    
2023-06-12 12:35:42.2805    TRACE    SCHOOLPROJECT.VIEWMODEL.LOGINVIEWMODEL..CTOR    Leaving the constructor    
2023-06-12 12:35:42.8048    TRACE    SCHOOLPROJECT.VIEWMODEL.LOGINVIEWMODEL..CTOR    Entering in the constructor    
2023-06-12 12:35:42.8048    TRACE    SCHOOLPROJECT.VIEWMODEL.LOGINVIEWMODEL..CTOR    Leaving the constructor    
