2023-06-08 17:48:32.1795    TRACE    SCHOOLPROJECT.VIEWMODEL.LOGINVIEWMODEL..CTOR    Entering in the constructor    
2023-06-08 17:48:32.6100    TRACE    SCHOOLPROJECT.VIEWMODEL.LOGINVIEWMODEL..CTOR    Leaving the constructor    
2023-06-08 17:48:33.0762    TRACE    SCHOOLPROJECT.VIEWMODEL.LOGINVIEWMODEL..CTOR    Entering in the constructor    
2023-06-08 17:48:33.0762    TRACE    SCHOOLPROJECT.VIEWMODEL.LOGINVIEWMODEL..CTOR    Leaving the constructor    
2023-06-08 17:53:05.5133    TRACE    SCHOOLPROJECT.VIEWMODEL.LOGINVIEWMODEL..CTOR    Entering in the constructor    
2023-06-08 17:53:06.5105    TRACE    SCHOOLPROJECT.VIEWMODEL.LOGINVIEWMODEL..CTOR    Leaving the constructor    
2023-06-08 17:53:07.1440    TRACE    SCHOOLPROJECT.VIEWMODEL.LOGINVIEWMODEL..CTOR    Entering in the constructor    
2023-06-08 17:53:07.1440    TRACE    SCHOOLPROJECT.VIEWMODEL.LOGINVIEWMODEL..CTOR    Leaving the constructor    
2023-06-08 17:53:10.5868    TRACE    SCHOOLPROJECT.VIEWMODEL.LOGINVIEWMODEL.LOGIN    Entering in the Login method    
2023-06-08 17:53:10.5958    INFO    SCHOOLPROJECT.REPOSITORIES.USERREPOSITORY.GETUSER    Log in with Username[123] and password[123]    
2023-06-08 17:53:13.5111    TRACE    SCHOOLPROJECT.VIEWMODEL.LOGINVIEWMODEL.LOGIN    Leaving the Login method    
2023-06-08 18:04:06.4320    TRACE    SCHOOLPROJECT.VIEWMODEL.LOGINVIEWMODEL..CTOR    Entering in the constructor    
2023-06-08 18:04:07.0040    TRACE    SCHOOLPROJECT.VIEWMODEL.LOGINVIEWMODEL..CTOR    Leaving the constructor    
2023-06-08 18:04:07.4894    TRACE    SCHOOLPROJECT.VIEWMODEL.LOGINVIEWMODEL..CTOR    Entering in the constructor    
2023-06-08 18:04:07.4894    TRACE    SCHOOLPROJECT.VIEWMODEL.LOGINVIEWMODEL..CTOR    Leaving the constructor    
2023-06-08 18:04:09.8242    TRACE    SCHOOLPROJECT.VIEWMODEL.LOGINVIEWMODEL.LOGIN    Entering in the Login method    
2023-06-08 18:04:09.8242    INFO    SCHOOLPROJECT.REPOSITORIES.USERREPOSITORY.GETUSER    Log in with Username[123] and password[123]    
2023-06-08 18:04:13.1827    TRACE    SCHOOLPROJECT.VIEWMODEL.LOGINVIEWMODEL.LOGIN    Leaving the Login method    
2023-06-08 18:05:09.9738    TRACE    SCHOOLPROJECT.VIEWMODEL.LOGINVIEWMODEL..CTOR    Entering in the constructor    
2023-06-08 18:05:10.3093    TRACE    SCHOOLPROJECT.VIEWMODEL.LOGINVIEWMODEL..CTOR    Leaving the constructor    
2023-06-08 18:05:10.6737    TRACE    SCHOOLPROJECT.VIEWMODEL.LOGINVIEWMODEL..CTOR    Entering in the constructor    
2023-06-08 18:05:10.6737    TRACE    SCHOOLPROJECT.VIEWMODEL.LOGINVIEWMODEL..CTOR    Leaving the constructor    
2023-06-08 18:05:20.6752    TRACE    SCHOOLPROJECT.VIEWMODEL.LOGINVIEWMODEL.LOGIN    Entering in the Login method    
2023-06-08 18:05:20.6752    INFO    SCHOOLPROJECT.REPOSITORIES.USERREPOSITORY.GETUSER    Log in with Username[123] and password[123]    
2023-06-08 18:05:25.2792    TRACE    SCHOOLPROJECT.VIEWMODEL.LOGINVIEWMODEL.LOGIN    Leaving the Login method    
2023-06-08 18:05:29.8324    TRACE    SCHOOLPROJECT.VIEWMODEL.ADDRECORDVIEWMODEL..CTOR    Entering the constructor    
2023-06-08 18:05:29.8324    TRACE    SCHOOLPROJECT.VIEWMODEL.ADDRECORDVIEWMODEL..CTOR    leaving  the constructor    
2023-06-08 18:05:29.8722    TRACE    SCHOOLPROJECT.VIEWMODEL.ADDRECORDVIEWMODEL..CTOR    Entering the constructor    
2023-06-08 18:05:29.8722    TRACE    SCHOOLPROJECT.VIEWMODEL.ADDRECORDVIEWMODEL..CTOR    leaving  the constructor    
2023-06-08 18:05:30.5409    TRACE    SCHOOLPROJECT.VIEWMODEL.SEARCHPATIENTVIEWMODEL.INITIALIZE    Entering the initialize method    
2023-06-08 18:05:30.5690    TRACE    SCHOOLPROJECT.VIEWMODEL.SEARCHPATIENTVIEWMODEL.INITIALIZE    Leaving the initialize method    
2023-06-08 18:05:31.3066    TRACE    SCHOOLPROJECT.VIEWMODEL.ADDRECORDVIEWMODEL..CTOR    Entering the constructor    
2023-06-08 18:05:31.3066    TRACE    SCHOOLPROJECT.VIEWMODEL.ADDRECORDVIEWMODEL..CTOR    leaving  the constructor    
2023-06-08 18:05:31.3066    TRACE    SCHOOLPROJECT.VIEWMODEL.ADDRECORDVIEWMODEL..CTOR    Entering the constructor    
2023-06-08 18:05:31.3066    TRACE    SCHOOLPROJECT.VIEWMODEL.ADDRECORDVIEWMODEL..CTOR    leaving  the constructor    
2023-06-08 18:05:32.5158    TRACE    SCHOOLPROJECT.VIEWMODEL.SEARCHPATIENTVIEWMODEL.INITIALIZE    Entering the initialize method    
2023-06-08 18:05:32.5158    TRACE    SCHOOLPROJECT.VIEWMODEL.SEARCHPATIENTVIEWMODEL.INITIALIZE    Leaving the initialize method    
2023-06-08 18:05:35.0917    INFO    SCHOOLPROJECT.VIEWMODEL.USERCONTROLVIEWMODEL.INITIALIZE    Initializing: Group[Administrator] User[eduardo]    
2023-06-08 18:05:39.5527    TRACE    SCHOOLPROJECT.VIEWMODEL.SEARCHPATIENTVIEWMODEL.INITIALIZE    Entering the initialize method    
2023-06-08 18:05:39.5581    TRACE    SCHOOLPROJECT.VIEWMODEL.SEARCHPATIENTVIEWMODEL.INITIALIZE    Leaving the initialize method    
2023-06-08 18:05:40.7050    TRACE    SCHOOLPROJECT.VIEWMODEL.ADDRECORDVIEWMODEL..CTOR    Entering the constructor    
2023-06-08 18:05:40.7050    TRACE    SCHOOLPROJECT.VIEWMODEL.ADDRECORDVIEWMODEL..CTOR    leaving  the constructor    
2023-06-08 18:05:40.7173    TRACE    SCHOOLPROJECT.VIEWMODEL.ADDRECORDVIEWMODEL..CTOR    Entering the constructor    
2023-06-08 18:05:40.7173    TRACE    SCHOOLPROJECT.VIEWMODEL.ADDRECORDVIEWMODEL..CTOR    leaving  the constructor    
2023-06-08 18:21:37.9098    TRACE    SCHOOLPROJECT.VIEWMODEL.LOGINVIEWMODEL..CTOR    Entering in the constructor    
2023-06-08 18:21:38.9050    TRACE    SCHOOLPROJECT.VIEWMODEL.LOGINVIEWMODEL..CTOR    Leaving the constructor    
2023-06-08 18:21:39.4291    TRACE    SCHOOLPROJECT.VIEWMODEL.LOGINVIEWMODEL..CTOR    Entering in the constructor    
2023-06-08 18:21:39.4291    TRACE    SCHOOLPROJECT.VIEWMODEL.LOGINVIEWMODEL..CTOR    Leaving the constructor    
2023-06-08 18:21:43.0127    TRACE    SCHOOLPROJECT.VIEWMODEL.LOGINVIEWMODEL.LOGIN    Entering in the Login method    
2023-06-08 18:21:43.0127    INFO    SCHOOLPROJECT.REPOSITORIES.USERREPOSITORY.GETUSER    Log in with Username[123] and password[123]    
2023-06-08 18:21:47.6004    TRACE    SCHOOLPROJECT.VIEWMODEL.LOGINVIEWMODEL.LOGIN    Leaving the Login method    
2023-06-08 18:21:50.7901    TRACE    SCHOOLPROJECT.VIEWMODEL.ADDRECORDVIEWMODEL..CTOR    Entering the constructor    
2023-06-08 18:21:50.7901    TRACE    SCHOOLPROJECT.VIEWMODEL.ADDRECORDVIEWMODEL..CTOR    leaving  the constructor    
2023-06-08 18:21:50.8149    TRACE    SCHOOLPROJECT.VIEWMODEL.ADDRECORDVIEWMODEL..CTOR    Entering the constructor    
2023-06-08 18:21:50.8149    TRACE    SCHOOLPROJECT.VIEWMODEL.ADDRECORDVIEWMODEL..CTOR    leaving  the constructor    
2023-06-08 18:21:54.6008    TRACE    SCHOOLPROJECT.VIEWMODEL.ADDRECORDVIEWMODEL.ADDRECORD    Entering to the add record method.    
2023-06-08 18:24:37.7791    TRACE    SCHOOLPROJECT.VIEWMODEL.LOGINVIEWMODEL..CTOR    Entering in the constructor    
2023-06-08 18:24:38.7497    TRACE    SCHOOLPROJECT.VIEWMODEL.LOGINVIEWMODEL..CTOR    Leaving the constructor    
2023-06-08 18:24:39.6933    TRACE    SCHOOLPROJECT.VIEWMODEL.LOGINVIEWMODEL..CTOR    Entering in the constructor    
2023-06-08 18:24:39.6933    TRACE    SCHOOLPROJECT.VIEWMODEL.LOGINVIEWMODEL..CTOR    Leaving the constructor    
2023-06-08 18:25:24.8034    TRACE    SCHOOLPROJECT.VIEWMODEL.LOGINVIEWMODEL..CTOR    Entering in the constructor    
2023-06-08 18:25:25.9521    TRACE    SCHOOLPROJECT.VIEWMODEL.LOGINVIEWMODEL..CTOR    Leaving the constructor    
2023-06-08 18:25:26.6975    TRACE    SCHOOLPROJECT.VIEWMODEL.LOGINVIEWMODEL..CTOR    Entering in the constructor    
2023-06-08 18:25:26.6975    TRACE    SCHOOLPROJECT.VIEWMODEL.LOGINVIEWMODEL..CTOR    Leaving the constructor    
2023-06-08 18:25:37.2342    TRACE    SCHOOLPROJECT.VIEWMODEL.LOGINVIEWMODEL.LOGIN    Entering in the Login method    
2023-06-08 18:25:37.2342    INFO    SCHOOLPROJECT.REPOSITORIES.USERREPOSITORY.GETUSER    Log in with Username[123] and password[123]    
2023-06-08 18:25:41.5170    TRACE    SCHOOLPROJECT.VIEWMODEL.LOGINVIEWMODEL.LOGIN    Leaving the Login method    
2023-06-08 18:26:00.5202    TRACE    SCHOOLPROJECT.VIEWMODEL.ADDRECORDVIEWMODEL..CTOR    Entering the constructor    
2023-06-08 18:26:00.5202    TRACE    SCHOOLPROJECT.VIEWMODEL.ADDRECORDVIEWMODEL..CTOR    leaving  the constructor    
2023-06-08 18:26:00.5512    TRACE    SCHOOLPROJECT.VIEWMODEL.ADDRECORDVIEWMODEL..CTOR    Entering the constructor    
2023-06-08 18:26:00.5512    TRACE    SCHOOLPROJECT.VIEWMODEL.ADDRECORDVIEWMODEL..CTOR    leaving  the constructor    
2023-06-08 18:26:02.1338    TRACE    SCHOOLPROJECT.VIEWMODEL.ADDRECORDVIEWMODEL.ADDRECORD    Entering to the add record method.    
2023-06-08 18:26:51.3999    TRACE    SCHOOLPROJECT.VIEWMODEL.LOGINVIEWMODEL..CTOR    Entering in the constructor    
2023-06-08 18:26:52.1357    TRACE    SCHOOLPROJECT.VIEWMODEL.LOGINVIEWMODEL..CTOR    Leaving the constructor    
2023-06-08 18:26:52.6980    TRACE    SCHOOLPROJECT.VIEWMODEL.LOGINVIEWMODEL..CTOR    Entering in the constructor    
2023-06-08 18:26:52.6980    TRACE    SCHOOLPROJECT.VIEWMODEL.LOGINVIEWMODEL..CTOR    Leaving the constructor    
2023-06-08 18:26:55.1464    TRACE    SCHOOLPROJECT.VIEWMODEL.LOGINVIEWMODEL.LOGIN    Entering in the Login method    
2023-06-08 18:26:55.1464    INFO    SCHOOLPROJECT.REPOSITORIES.USERREPOSITORY.GETUSER    Log in with Username[123] and password[123]    
2023-06-08 18:26:58.4422    TRACE    SCHOOLPROJECT.VIEWMODEL.LOGINVIEWMODEL.LOGIN    Leaving the Login method    
2023-06-08 18:27:00.9353    TRACE    SCHOOLPROJECT.VIEWMODEL.ADDRECORDVIEWMODEL..CTOR    Entering the constructor    
2023-06-08 18:27:00.9353    TRACE    SCHOOLPROJECT.VIEWMODEL.ADDRECORDVIEWMODEL..CTOR    leaving  the constructor    
2023-06-08 18:27:00.9914    TRACE    SCHOOLPROJECT.VIEWMODEL.ADDRECORDVIEWMODEL..CTOR    Entering the constructor    
2023-06-08 18:27:00.9914    TRACE    SCHOOLPROJECT.VIEWMODEL.ADDRECORDVIEWMODEL..CTOR    leaving  the constructor    
2023-06-08 18:27:05.7518    TRACE    SCHOOLPROJECT.VIEWMODEL.ADDRECORDVIEWMODEL.ADDRECORD    Entering to the add record method.    
2023-06-08 18:28:03.1646    TRACE    SCHOOLPROJECT.VIEWMODEL.LOGINVIEWMODEL..CTOR    Entering in the constructor    
2023-06-08 18:28:03.8526    TRACE    SCHOOLPROJECT.VIEWMODEL.LOGINVIEWMODEL..CTOR    Leaving the constructor    
2023-06-08 18:28:04.5071    TRACE    SCHOOLPROJECT.VIEWMODEL.LOGINVIEWMODEL..CTOR    Entering in the constructor    
2023-06-08 18:28:04.5071    TRACE    SCHOOLPROJECT.VIEWMODEL.LOGINVIEWMODEL..CTOR    Leaving the constructor    
2023-06-08 18:28:10.0508    TRACE    SCHOOLPROJECT.VIEWMODEL.LOGINVIEWMODEL.LOGIN    Entering in the Login method    
2023-06-08 18:28:10.0508    INFO    SCHOOLPROJECT.REPOSITORIES.USERREPOSITORY.GETUSER    Log in with Username[123] and password[123]    
2023-06-08 18:28:13.6972    TRACE    SCHOOLPROJECT.VIEWMODEL.LOGINVIEWMODEL.LOGIN    Leaving the Login method    
2023-06-08 18:28:35.3908    TRACE    SCHOOLPROJECT.VIEWMODEL.ADDRECORDVIEWMODEL..CTOR    Entering the constructor    
2023-06-08 18:28:35.3908    TRACE    SCHOOLPROJECT.VIEWMODEL.ADDRECORDVIEWMODEL..CTOR    leaving  the constructor    
2023-06-08 18:28:35.4216    TRACE    SCHOOLPROJECT.VIEWMODEL.ADDRECORDVIEWMODEL..CTOR    Entering the constructor    
2023-06-08 18:28:35.4216    TRACE    SCHOOLPROJECT.VIEWMODEL.ADDRECORDVIEWMODEL..CTOR    leaving  the constructor    
2023-06-08 18:28:37.7493    TRACE    SCHOOLPROJECT.VIEWMODEL.ADDRECORDVIEWMODEL.ADDRECORD    Entering to the add record method.    
2023-06-08 20:58:05.0442    TRACE    SCHOOLPROJECT.VIEWMODEL.LOGINVIEWMODEL..CTOR    Entering in the constructor    
2023-06-08 20:58:05.7571    TRACE    SCHOOLPROJECT.VIEWMODEL.LOGINVIEWMODEL..CTOR    Leaving the constructor    
2023-06-08 20:58:06.2153    TRACE    SCHOOLPROJECT.VIEWMODEL.LOGINVIEWMODEL..CTOR    Entering in the constructor    
2023-06-08 20:58:06.2153    TRACE    SCHOOLPROJECT.VIEWMODEL.LOGINVIEWMODEL..CTOR    Leaving the constructor    
2023-06-08 20:58:11.3430    TRACE    SCHOOLPROJECT.VIEWMODEL.LOGINVIEWMODEL.LOGIN    Entering in the Login method    
2023-06-08 20:58:11.3430    INFO    SCHOOLPROJECT.REPOSITORIES.USERREPOSITORY.GETUSER    Log in with Username[123] and password[123]    
2023-06-08 20:58:17.2194    TRACE    SCHOOLPROJECT.VIEWMODEL.LOGINVIEWMODEL.LOGIN    Leaving the Login method    
2023-06-08 20:58:58.2450    TRACE    SCHOOLPROJECT.VIEWMODEL.ADDRECORDVIEWMODEL..CTOR    Entering the constructor    
2023-06-08 20:58:58.2450    TRACE    SCHOOLPROJECT.VIEWMODEL.ADDRECORDVIEWMODEL..CTOR    leaving  the constructor    
2023-06-08 20:58:58.2968    TRACE    SCHOOLPROJECT.VIEWMODEL.ADDRECORDVIEWMODEL..CTOR    Entering the constructor    
2023-06-08 20:58:58.2968    TRACE    SCHOOLPROJECT.VIEWMODEL.ADDRECORDVIEWMODEL..CTOR    leaving  the constructor    
2023-06-08 20:59:48.2492    TRACE    SCHOOLPROJECT.VIEWMODEL.ADDRECORDVIEWMODEL.ADDRECORD    Entering to the add record method.    
2023-06-08 21:02:47.3526    TRACE    SCHOOLPROJECT.VIEWMODEL.LOGINVIEWMODEL..CTOR    Entering in the constructor    
2023-06-08 21:02:48.2748    TRACE    SCHOOLPROJECT.VIEWMODEL.LOGINVIEWMODEL..CTOR    Leaving the constructor    
2023-06-08 21:02:49.2856    TRACE    SCHOOLPROJECT.VIEWMODEL.LOGINVIEWMODEL..CTOR    Entering in the constructor    
2023-06-08 21:02:49.2856    TRACE    SCHOOLPROJECT.VIEWMODEL.LOGINVIEWMODEL..CTOR    Leaving the constructor    
2023-06-08 21:03:44.1829    TRACE    SCHOOLPROJECT.VIEWMODEL.LOGINVIEWMODEL.LOGIN    Entering in the Login method    
2023-06-08 21:03:44.1829    INFO    SCHOOLPROJECT.REPOSITORIES.USERREPOSITORY.GETUSER    Log in with Username[123] and password[123]    
2023-06-08 21:03:49.5525    TRACE    SCHOOLPROJECT.VIEWMODEL.LOGINVIEWMODEL.LOGIN    Leaving the Login method    
2023-06-08 21:04:24.1175    TRACE    SCHOOLPROJECT.VIEWMODEL.ADDRECORDVIEWMODEL..CTOR    Entering the constructor    
2023-06-08 21:04:24.1185    TRACE    SCHOOLPROJECT.VIEWMODEL.ADDRECORDVIEWMODEL..CTOR    leaving  the constructor    
2023-06-08 21:04:24.1900    TRACE    SCHOOLPROJECT.VIEWMODEL.ADDRECORDVIEWMODEL..CTOR    Entering the constructor    
2023-06-08 21:04:24.1900    TRACE    SCHOOLPROJECT.VIEWMODEL.ADDRECORDVIEWMODEL..CTOR    leaving  the constructor    
2023-06-08 21:04:29.1796    TRACE    SCHOOLPROJECT.VIEWMODEL.ADDRECORDVIEWMODEL.ADDRECORD    Entering to the add record method.    
2023-06-08 21:04:32.8253    WARN    SCHOOLPROJECT.VIEWMODEL.ADDRECORDVIEWMODEL.ADDRECORD    Email has a bad format or empty    
2023-06-08 21:04:38.4560    TRACE    SCHOOLPROJECT.VIEWMODEL.ADDRECORDVIEWMODEL.ADDRECORD    Entering to the add record method.    
2023-06-08 21:04:40.0896    WARN    SCHOOLPROJECT.VIEWMODEL.ADDRECORDVIEWMODEL.ADDRECORD    Email has a bad format or empty    
2023-06-08 21:04:46.8424    TRACE    SCHOOLPROJECT.VIEWMODEL.ADDRECORDVIEWMODEL.ADDRECORD    Entering to the add record method.    
2023-06-08 21:04:48.3218    WARN    SCHOOLPROJECT.VIEWMODEL.ADDRECORDVIEWMODEL.ADDRECORD    Email has a bad format or empty    
2023-06-08 21:04:52.9482    TRACE    SCHOOLPROJECT.VIEWMODEL.ADDRECORDVIEWMODEL.ADDRECORD    Entering to the add record method.    
2023-06-08 21:04:54.7035    WARN    SCHOOLPROJECT.VIEWMODEL.ADDRECORDVIEWMODEL.ADDRECORD    Please fill in all required data    
2023-06-08 21:04:54.7035    TRACE    SCHOOLPROJECT.VIEWMODEL.ADDRECORDVIEWMODEL.ADDRECORD    Leaving the addrecord method    
2023-06-08 21:04:56.2647    INFO    SCHOOLPROJECT.VIEWMODEL.USERCONTROLVIEWMODEL.INITIALIZE    Initializing: Group[Administrator] User[eduardo]    
2023-06-08 21:05:49.4683    WARN    SCHOOLPROJECT.VIEWMODEL.USERCONTROLVIEWMODEL.ADDUSER    Email has a bad format or empty    
2023-06-08 21:12:46.9065    TRACE    SCHOOLPROJECT.VIEWMODEL.LOGINVIEWMODEL..CTOR    Entering in the constructor    
2023-06-08 21:12:47.5334    TRACE    SCHOOLPROJECT.VIEWMODEL.LOGINVIEWMODEL..CTOR    Leaving the constructor    
2023-06-08 21:12:47.9444    TRACE    SCHOOLPROJECT.VIEWMODEL.LOGINVIEWMODEL..CTOR    Entering in the constructor    
2023-06-08 21:12:47.9444    TRACE    SCHOOLPROJECT.VIEWMODEL.LOGINVIEWMODEL..CTOR    Leaving the constructor    
2023-06-08 21:12:55.1758    TRACE    SCHOOLPROJECT.VIEWMODEL.LOGINVIEWMODEL.LOGIN    Entering in the Login method    
2023-06-08 21:12:55.1758    INFO    SCHOOLPROJECT.REPOSITORIES.USERREPOSITORY.GETUSER    Log in with Username[123] and password[123]    
2023-06-08 21:13:01.6530    TRACE    SCHOOLPROJECT.VIEWMODEL.LOGINVIEWMODEL.LOGIN    Leaving the Login method    
2023-06-08 21:13:35.2036    TRACE    SCHOOLPROJECT.VIEWMODEL.ADDRECORDVIEWMODEL..CTOR    Entering the constructor    
2023-06-08 21:13:35.2036    TRACE    SCHOOLPROJECT.VIEWMODEL.ADDRECORDVIEWMODEL..CTOR    leaving  the constructor    
2023-06-08 21:13:35.2576    TRACE    SCHOOLPROJECT.VIEWMODEL.ADDRECORDVIEWMODEL..CTOR    Entering the constructor    
2023-06-08 21:13:35.2576    TRACE    SCHOOLPROJECT.VIEWMODEL.ADDRECORDVIEWMODEL..CTOR    leaving  the constructor    
2023-06-08 21:13:38.1473    TRACE    SCHOOLPROJECT.VIEWMODEL.SEARCHPATIENTVIEWMODEL.INITIALIZE    Entering the initialize method    
2023-06-08 21:13:38.2014    TRACE    SCHOOLPROJECT.VIEWMODEL.SEARCHPATIENTVIEWMODEL.INITIALIZE    Leaving the initialize method    
2023-06-08 21:13:43.5321    INFO    SCHOOLPROJECT.REPOSITORIES.STUDIESREPOSITORY.GETSTUDYLIST    Getting all studies for the patient id: 5    
2023-06-08 21:13:43.5671    INFO    SCHOOLPROJECT.VIEWMODEL.STUDIESVIEWMODEL.INITIALIZE    All data loaded    
2023-06-08 21:13:46.2932    INFO    SCHOOLPROJECT.VIEWMODEL.STUDIESVIEWMODEL.STUDYCHANGED    Study selected changed    
2023-06-08 21:13:46.2932    INFO    SCHOOLPROJECT.REPOSITORIES.SERIESREPOSITORY.GETSERIES    Searching for series for the study id: 4    
2023-06-08 21:13:55.1551    TRACE    SCHOOLPROJECT.VIEWMODEL.STUDIESVIEWMODEL.ADDSERIES    Entering in addseries method    
2023-06-08 21:13:55.4982    INFO    SCHOOLPROJECT.REPOSITORIES.SERIESREPOSITORY.ADDSERIES    New serie has been added to study id: 4 and saved to the database    
2023-06-08 21:13:57.4028    INFO    SCHOOLPROJECT.REPOSITORIES.SERIESREPOSITORY.GETSERIES    Searching for series for the study id: 4    
2023-06-08 21:13:57.4387    TRACE    SCHOOLPROJECT.VIEWMODEL.STUDIESVIEWMODEL.ADDSERIES    Leaving the addseries method    
2023-06-08 21:14:13.6905    TRACE    SCHOOLPROJECT.VIEWMODEL.DATAVIEWMODEL..CTOR    Entering in the constructor    
2023-06-08 21:14:13.6905    TRACE    SCHOOLPROJECT.VIEWMODEL.DATAVIEWMODEL..CTOR    Leaving the constructor    
2023-06-08 21:14:13.6905    TRACE    SCHOOLPROJECT.VIEWMODEL.DATAVIEWMODEL.INITIALIZE    Entering in the initialize method    
2023-06-08 21:14:13.7278    TRACE    SCHOOLPROJECT.REPOSITORIES.RECORDREPOSITORY.GETPATIENTBYID    Finding patient by id...    
2023-06-08 21:14:13.8373    INFO    SCHOOLPROJECT.VIEWMODEL.DATAVIEWMODEL.INITIALIZE    All primary data charged successfully    
2023-06-08 21:14:13.8373    TRACE    SCHOOLPROJECT.VIEWMODEL.DATAVIEWMODEL.INITIALIZE    Leaving the initialize method    
2023-06-08 21:14:21.7615    TRACE    SCHOOLPROJECT.VIEWMODEL.SEARCHPATIENTVIEWMODEL.INITIALIZE    Entering the initialize method    
2023-06-08 21:14:21.8047    TRACE    SCHOOLPROJECT.VIEWMODEL.SEARCHPATIENTVIEWMODEL.INITIALIZE    Leaving the initialize method    
2023-06-08 21:14:22.0184    TRACE    SCHOOLPROJECT.VIEWMODEL.DATAVIEWMODEL.CLOSINGVIDEO    Entering ClosingVideo method    
2023-06-08 21:14:22.0184    INFO    SCHOOLPROJECT.VIEWMODEL.DATAVIEWMODEL.CLOSINGVIDEO    All video cleared    
2023-06-08 21:14:22.0184    TRACE    SCHOOLPROJECT.VIEWMODEL.DATAVIEWMODEL.CLOSINGVIDEO    Leaving ClosingVideo method    
2023-06-08 21:15:15.8362    TRACE    SCHOOLPROJECT.VIEWMODEL.LOGINVIEWMODEL..CTOR    Entering in the constructor    
2023-06-08 21:15:16.5322    TRACE    SCHOOLPROJECT.VIEWMODEL.LOGINVIEWMODEL..CTOR    Leaving the constructor    
2023-06-08 21:15:17.0140    TRACE    SCHOOLPROJECT.VIEWMODEL.LOGINVIEWMODEL..CTOR    Entering in the constructor    
2023-06-08 21:15:17.0140    TRACE    SCHOOLPROJECT.VIEWMODEL.LOGINVIEWMODEL..CTOR    Leaving the constructor    
2023-06-08 21:15:23.0810    TRACE    SCHOOLPROJECT.VIEWMODEL.LOGINVIEWMODEL.LOGIN    Entering in the Login method    
2023-06-08 21:15:23.0810    INFO    SCHOOLPROJECT.REPOSITORIES.USERREPOSITORY.GETUSER    Log in with Username[123] and password[123]    
2023-06-08 21:15:29.1692    TRACE    SCHOOLPROJECT.VIEWMODEL.LOGINVIEWMODEL.LOGIN    Leaving the Login method    
2023-06-08 21:15:32.2961    TRACE    SCHOOLPROJECT.VIEWMODEL.ADDRECORDVIEWMODEL..CTOR    Entering the constructor    
2023-06-08 21:15:32.2961    TRACE    SCHOOLPROJECT.VIEWMODEL.ADDRECORDVIEWMODEL..CTOR    leaving  the constructor    
2023-06-08 21:15:32.3317    TRACE    SCHOOLPROJECT.VIEWMODEL.ADDRECORDVIEWMODEL..CTOR    Entering the constructor    
2023-06-08 21:15:32.3317    TRACE    SCHOOLPROJECT.VIEWMODEL.ADDRECORDVIEWMODEL..CTOR    leaving  the constructor    
2023-06-08 21:15:34.3352    TRACE    SCHOOLPROJECT.VIEWMODEL.SEARCHPATIENTVIEWMODEL.INITIALIZE    Entering the initialize method    
2023-06-08 21:15:34.3942    TRACE    SCHOOLPROJECT.VIEWMODEL.SEARCHPATIENTVIEWMODEL.INITIALIZE    Leaving the initialize method    
2023-06-08 21:17:55.6135    TRACE    SCHOOLPROJECT.VIEWMODEL.LOGINVIEWMODEL..CTOR    Entering in the constructor    
2023-06-08 21:17:56.2679    TRACE    SCHOOLPROJECT.VIEWMODEL.LOGINVIEWMODEL..CTOR    Leaving the constructor    
2023-06-08 21:17:56.6277    TRACE    SCHOOLPROJECT.VIEWMODEL.LOGINVIEWMODEL..CTOR    Entering in the constructor    
2023-06-08 21:17:56.6277    TRACE    SCHOOLPROJECT.VIEWMODEL.LOGINVIEWMODEL..CTOR    Leaving the constructor    
2023-06-08 21:18:02.5919    TRACE    SCHOOLPROJECT.VIEWMODEL.LOGINVIEWMODEL.LOGIN    Entering in the Login method    
2023-06-08 21:18:02.6119    INFO    SCHOOLPROJECT.REPOSITORIES.USERREPOSITORY.GETUSER    Log in with Username[123] and password[123]    
2023-06-08 21:18:08.6641    TRACE    SCHOOLPROJECT.VIEWMODEL.LOGINVIEWMODEL.LOGIN    Leaving the Login method    
2023-06-08 21:18:19.3910    TRACE    SCHOOLPROJECT.VIEWMODEL.SEARCHPATIENTVIEWMODEL.INITIALIZE    Entering the initialize method    
2023-06-08 21:18:19.4489    TRACE    SCHOOLPROJECT.VIEWMODEL.SEARCHPATIENTVIEWMODEL.INITIALIZE    Leaving the initialize method    
2023-06-08 21:40:21.2456    TRACE    SCHOOLPROJECT.VIEWMODEL.LOGINVIEWMODEL..CTOR    Entering in the constructor    
2023-06-08 21:40:22.0052    TRACE    SCHOOLPROJECT.VIEWMODEL.LOGINVIEWMODEL..CTOR    Leaving the constructor    
2023-06-08 21:40:22.6143    TRACE    SCHOOLPROJECT.VIEWMODEL.LOGINVIEWMODEL..CTOR    Entering in the constructor    
2023-06-08 21:40:22.6143    TRACE    SCHOOLPROJECT.VIEWMODEL.LOGINVIEWMODEL..CTOR    Leaving the constructor    
2023-06-08 21:40:29.6662    TRACE    SCHOOLPROJECT.VIEWMODEL.LOGINVIEWMODEL.LOGIN    Entering in the Login method    
2023-06-08 21:40:29.6662    INFO    SCHOOLPROJECT.REPOSITORIES.USERREPOSITORY.GETUSER    Log in with Username[123] and password[123]    
2023-06-08 21:40:35.6685    TRACE    SCHOOLPROJECT.VIEWMODEL.LOGINVIEWMODEL.LOGIN    Leaving the Login method    
2023-06-08 21:40:38.1822    TRACE    SCHOOLPROJECT.VIEWMODEL.SEARCHPATIENTVIEWMODEL.INITIALIZE    Entering the initialize method    
2023-06-08 21:40:38.2464    TRACE    SCHOOLPROJECT.VIEWMODEL.SEARCHPATIENTVIEWMODEL.INITIALIZE    Leaving the initialize method    
