2023-06-07 18:11:49.4832    TRACE    SCHOOLPROJECT.VIEWMODEL.LOGINVIEWMODEL..CTOR    Entering in the constructor    
2023-06-07 18:11:50.5004    TRACE    SCHOOLPROJECT.VIEWMODEL.LOGINVIEWMODEL..CTOR    Leaving the constructor    
2023-06-07 18:11:50.8957    TRACE    SCHOOLPROJECT.VIEWMODEL.LOGINVIEWMODEL..CTOR    Entering in the constructor    
2023-06-07 18:11:50.8957    TRACE    SCHOOLPROJECT.VIEWMODEL.LOGINVIEWMODEL..CTOR    Leaving the constructor    
2023-06-07 18:11:54.8235    TRACE    SCHOOLPROJECT.VIEWMODEL.LOGINVIEWMODEL.LOGIN    Entering in the Login method    
2023-06-07 18:11:54.8306    INFO    SCHOOLPROJECT.REPOSITORIES.USERREPOSITORY.GETUSER    Log in with Username[123] and password[123]    
2023-06-07 18:12:01.3803    TRACE    SCHOOLPROJECT.VIEWMODEL.LOGINVIEWMODEL.LOGIN    Leaving the Login method    
2023-06-07 18:12:04.5069    TRACE    SCHOOLPROJECT.VIEWMODEL.ADDRECORDVIEWMODEL..CTOR    Entering the constructor    
2023-06-07 18:12:04.5069    TRACE    SCHOOLPROJECT.VIEWMODEL.ADDRECORDVIEWMODEL..CTOR    leaving  the constructor    
2023-06-07 18:12:04.5442    TRACE    SCHOOLPROJECT.VIEWMODEL.ADDRECORDVIEWMODEL..CTOR    Entering the constructor    
2023-06-07 18:12:04.5442    TRACE    SCHOOLPROJECT.VIEWMODEL.ADDRECORDVIEWMODEL..CTOR    leaving  the constructor    
2023-06-07 18:13:57.6330    TRACE    SCHOOLPROJECT.VIEWMODEL.LOGINVIEWMODEL..CTOR    Entering in the constructor    
2023-06-07 18:13:58.6505    TRACE    SCHOOLPROJECT.VIEWMODEL.LOGINVIEWMODEL..CTOR    Leaving the constructor    
2023-06-07 18:13:59.2624    TRACE    SCHOOLPROJECT.VIEWMODEL.LOGINVIEWMODEL..CTOR    Entering in the constructor    
2023-06-07 18:13:59.2624    TRACE    SCHOOLPROJECT.VIEWMODEL.LOGINVIEWMODEL..CTOR    Leaving the constructor    
2023-06-07 18:14:46.7689    TRACE    SCHOOLPROJECT.VIEWMODEL.LOGINVIEWMODEL.LOGIN    Entering in the Login method    
2023-06-07 18:14:46.7689    INFO    SCHOOLPROJECT.REPOSITORIES.USERREPOSITORY.GETUSER    Log in with Username[123] and password[123]    
2023-06-07 18:14:53.0347    TRACE    SCHOOLPROJECT.VIEWMODEL.LOGINVIEWMODEL.LOGIN    Leaving the Login method    
2023-06-07 18:15:40.1661    TRACE    SCHOOLPROJECT.VIEWMODEL.ADDRECORDVIEWMODEL..CTOR    Entering the constructor    
2023-06-07 18:15:40.1661    TRACE    SCHOOLPROJECT.VIEWMODEL.ADDRECORDVIEWMODEL..CTOR    leaving  the constructor    
2023-06-07 18:15:40.2391    TRACE    SCHOOLPROJECT.VIEWMODEL.ADDRECORDVIEWMODEL..CTOR    Entering the constructor    
2023-06-07 18:15:40.2391    TRACE    SCHOOLPROJECT.VIEWMODEL.ADDRECORDVIEWMODEL..CTOR    leaving  the constructor    
2023-06-07 18:16:33.3134    TRACE    SCHOOLPROJECT.VIEWMODEL.LOGINVIEWMODEL..CTOR    Entering in the constructor    
2023-06-07 18:16:34.3015    TRACE    SCHOOLPROJECT.VIEWMODEL.LOGINVIEWMODEL..CTOR    Leaving the constructor    
2023-06-07 18:16:34.7240    TRACE    SCHOOLPROJECT.VIEWMODEL.LOGINVIEWMODEL..CTOR    Entering in the constructor    
2023-06-07 18:16:34.7240    TRACE    SCHOOLPROJECT.VIEWMODEL.LOGINVIEWMODEL..CTOR    Leaving the constructor    
2023-06-07 18:16:39.3557    TRACE    SCHOOLPROJECT.VIEWMODEL.LOGINVIEWMODEL.LOGIN    Entering in the Login method    
2023-06-07 18:16:39.3557    INFO    SCHOOLPROJECT.REPOSITORIES.USERREPOSITORY.GETUSER    Log in with Username[123] and password[123]    
2023-06-07 18:16:45.4147    TRACE    SCHOOLPROJECT.VIEWMODEL.LOGINVIEWMODEL.LOGIN    Leaving the Login method    
2023-06-07 18:16:49.4133    TRACE    SCHOOLPROJECT.VIEWMODEL.SEARCHPATIENTVIEWMODEL.INITIALIZE    Entering the initialize method    
2023-06-07 18:16:49.5341    TRACE    SCHOOLPROJECT.VIEWMODEL.SEARCHPATIENTVIEWMODEL.INITIALIZE    Leaving the initialize method    
2023-06-07 18:16:50.8309    INFO    SCHOOLPROJECT.REPOSITORIES.STUDIESREPOSITORY.GETSTUDYLIST    Getting all studies for the patient id: 1    
2023-06-07 18:16:50.8775    INFO    SCHOOLPROJECT.VIEWMODEL.STUDIESVIEWMODEL.INITIALIZE    All data loaded    
2023-06-07 18:16:52.4790    INFO    SCHOOLPROJECT.VIEWMODEL.STUDIESVIEWMODEL.STUDYCHANGED    Study selected changed    
2023-06-07 18:16:52.4821    INFO    SCHOOLPROJECT.REPOSITORIES.SERIESREPOSITORY.GETSERIES    Searching for series for the study id: 2    
2023-06-07 18:17:03.7279    TRACE    SCHOOLPROJECT.VIEWMODEL.DATAVIEWMODEL..CTOR    Entering in the constructor    
2023-06-07 18:17:03.7279    TRACE    SCHOOLPROJECT.VIEWMODEL.DATAVIEWMODEL..CTOR    Leaving the constructor    
2023-06-07 18:17:03.7309    TRACE    SCHOOLPROJECT.VIEWMODEL.DATAVIEWMODEL.INITIALIZE    Entering in the initialize method    
2023-06-07 18:17:03.7510    TRACE    SCHOOLPROJECT.REPOSITORIES.RECORDREPOSITORY.GETPATIENTBYID    Finding patient by id...    
2023-06-07 18:17:03.8867    INFO    SCHOOLPROJECT.VIEWMODEL.DATAVIEWMODEL.INITIALIZE    All primary data charged successfully    
2023-06-07 18:17:03.8867    TRACE    SCHOOLPROJECT.VIEWMODEL.DATAVIEWMODEL.INITIALIZE    Leaving the initialize method    
2023-06-07 18:17:06.6847    TRACE    SCHOOLPROJECT.VIEWMODEL.DATAVIEWMODEL.STARTVIDEO    Entering in the startVideo method    
2023-06-07 18:17:06.6847    INFO    SCHOOLPROJECT.VIEWMODEL.DATAVIEWMODEL.STARTVIDEO    new camera selected, starting live view    
2023-06-07 18:17:06.6847    TRACE    SCHOOLPROJECT.VIEWMODEL.DATAVIEWMODEL.STARTVIDEO    Leaving the startvideo method    
2023-06-07 18:18:29.2136    ERROR    SCHOOLPROJECT.VIEWMODEL.DATAVIEWMODEL.FRAMECAPTURE    An error has ocurred: Referencia a objeto no establecida como instancia de un objeto.    
2023-06-07 18:18:29.9951    ERROR    SCHOOLPROJECT.VIEWMODEL.DATAVIEWMODEL.FRAMECAPTURE    An error has ocurred: Referencia a objeto no establecida como instancia de un objeto.    
2023-06-07 18:18:57.5575    TRACE    SCHOOLPROJECT.VIEWMODEL.LOGINVIEWMODEL..CTOR    Entering in the constructor    
2023-06-07 18:18:58.0973    TRACE    SCHOOLPROJECT.VIEWMODEL.LOGINVIEWMODEL..CTOR    Leaving the constructor    
2023-06-07 18:18:58.6423    TRACE    SCHOOLPROJECT.VIEWMODEL.LOGINVIEWMODEL..CTOR    Entering in the constructor    
2023-06-07 18:18:58.6423    TRACE    SCHOOLPROJECT.VIEWMODEL.LOGINVIEWMODEL..CTOR    Leaving the constructor    
2023-06-07 18:19:01.2262    TRACE    SCHOOLPROJECT.VIEWMODEL.LOGINVIEWMODEL.LOGIN    Entering in the Login method    
2023-06-07 18:19:01.2262    INFO    SCHOOLPROJECT.REPOSITORIES.USERREPOSITORY.GETUSER    Log in with Username[123] and password[123]    
2023-06-07 18:19:07.8614    TRACE    SCHOOLPROJECT.VIEWMODEL.LOGINVIEWMODEL.LOGIN    Leaving the Login method    
2023-06-07 18:19:12.0302    TRACE    SCHOOLPROJECT.VIEWMODEL.SEARCHPATIENTVIEWMODEL.INITIALIZE    Entering the initialize method    
2023-06-07 18:19:12.1128    TRACE    SCHOOLPROJECT.VIEWMODEL.SEARCHPATIENTVIEWMODEL.INITIALIZE    Leaving the initialize method    
2023-06-07 18:19:13.1116    INFO    SCHOOLPROJECT.REPOSITORIES.STUDIESREPOSITORY.GETSTUDYLIST    Getting all studies for the patient id: 1    
2023-06-07 18:19:13.1587    INFO    SCHOOLPROJECT.VIEWMODEL.STUDIESVIEWMODEL.INITIALIZE    All data loaded    
2023-06-07 18:19:16.4577    INFO    SCHOOLPROJECT.VIEWMODEL.STUDIESVIEWMODEL.STUDYCHANGED    Study selected changed    
2023-06-07 18:19:16.4577    INFO    SCHOOLPROJECT.REPOSITORIES.SERIESREPOSITORY.GETSERIES    Searching for series for the study id: 2    
2023-06-07 18:19:27.6664    TRACE    SCHOOLPROJECT.VIEWMODEL.DATAVIEWMODEL..CTOR    Entering in the constructor    
2023-06-07 18:19:27.6664    TRACE    SCHOOLPROJECT.VIEWMODEL.DATAVIEWMODEL..CTOR    Leaving the constructor    
2023-06-07 18:19:27.6664    TRACE    SCHOOLPROJECT.VIEWMODEL.DATAVIEWMODEL.INITIALIZE    Entering in the initialize method    
2023-06-07 18:19:27.7307    TRACE    SCHOOLPROJECT.REPOSITORIES.RECORDREPOSITORY.GETPATIENTBYID    Finding patient by id...    
2023-06-07 18:19:27.9371    INFO    SCHOOLPROJECT.VIEWMODEL.DATAVIEWMODEL.INITIALIZE    All primary data charged successfully    
2023-06-07 18:19:27.9371    TRACE    SCHOOLPROJECT.VIEWMODEL.DATAVIEWMODEL.INITIALIZE    Leaving the initialize method    
2023-06-07 18:19:30.4350    TRACE    SCHOOLPROJECT.VIEWMODEL.DATAVIEWMODEL.STARTVIDEO    Entering in the startVideo method    
2023-06-07 18:19:30.4350    INFO    SCHOOLPROJECT.VIEWMODEL.DATAVIEWMODEL.STARTVIDEO    new camera selected, starting live view    
2023-06-07 18:19:30.4350    TRACE    SCHOOLPROJECT.VIEWMODEL.DATAVIEWMODEL.STARTVIDEO    Leaving the startvideo method    
2023-06-07 18:22:55.3401    TRACE    SCHOOLPROJECT.VIEWMODEL.LOGINVIEWMODEL..CTOR    Entering in the constructor    
2023-06-07 18:22:55.9549    TRACE    SCHOOLPROJECT.VIEWMODEL.LOGINVIEWMODEL..CTOR    Leaving the constructor    
2023-06-07 18:22:56.6811    TRACE    SCHOOLPROJECT.VIEWMODEL.LOGINVIEWMODEL..CTOR    Entering in the constructor    
2023-06-07 18:22:56.6811    TRACE    SCHOOLPROJECT.VIEWMODEL.LOGINVIEWMODEL..CTOR    Leaving the constructor    
2023-06-07 18:23:07.3550    TRACE    SCHOOLPROJECT.VIEWMODEL.LOGINVIEWMODEL.LOGIN    Entering in the Login method    
2023-06-07 18:23:07.3550    INFO    SCHOOLPROJECT.REPOSITORIES.USERREPOSITORY.GETUSER    Log in with Username[123] and password[123]    
2023-06-07 18:23:10.3020    TRACE    SCHOOLPROJECT.VIEWMODEL.LOGINVIEWMODEL.LOGIN    Leaving the Login method    
2023-06-07 18:23:33.4192    TRACE    SCHOOLPROJECT.VIEWMODEL.SEARCHPATIENTVIEWMODEL.INITIALIZE    Entering the initialize method    
2023-06-07 18:23:33.5723    TRACE    SCHOOLPROJECT.VIEWMODEL.SEARCHPATIENTVIEWMODEL.INITIALIZE    Leaving the initialize method    
2023-06-07 18:23:34.9519    INFO    SCHOOLPROJECT.REPOSITORIES.STUDIESREPOSITORY.GETSTUDYLIST    Getting all studies for the patient id: 1    
2023-06-07 18:23:35.0251    INFO    SCHOOLPROJECT.VIEWMODEL.STUDIESVIEWMODEL.INITIALIZE    All data loaded    
2023-06-07 18:23:36.7210    INFO    SCHOOLPROJECT.VIEWMODEL.STUDIESVIEWMODEL.STUDYCHANGED    Study selected changed    
2023-06-07 18:23:36.7210    INFO    SCHOOLPROJECT.REPOSITORIES.SERIESREPOSITORY.GETSERIES    Searching for series for the study id: 2    
2023-06-07 18:23:47.9925    TRACE    SCHOOLPROJECT.VIEWMODEL.DATAVIEWMODEL..CTOR    Entering in the constructor    
2023-06-07 18:23:47.9925    TRACE    SCHOOLPROJECT.VIEWMODEL.DATAVIEWMODEL..CTOR    Leaving the constructor    
2023-06-07 18:23:47.9925    TRACE    SCHOOLPROJECT.VIEWMODEL.DATAVIEWMODEL.INITIALIZE    Entering in the initialize method    
2023-06-07 18:23:48.0249    TRACE    SCHOOLPROJECT.REPOSITORIES.RECORDREPOSITORY.GETPATIENTBYID    Finding patient by id...    
2023-06-07 18:23:48.1761    INFO    SCHOOLPROJECT.VIEWMODEL.DATAVIEWMODEL.INITIALIZE    All primary data charged successfully    
2023-06-07 18:23:48.1761    TRACE    SCHOOLPROJECT.VIEWMODEL.DATAVIEWMODEL.INITIALIZE    Leaving the initialize method    
2023-06-07 18:23:54.9377    TRACE    SCHOOLPROJECT.VIEWMODEL.DATAVIEWMODEL.STARTVIDEO    Entering in the startVideo method    
2023-06-07 18:23:54.9493    INFO    SCHOOLPROJECT.VIEWMODEL.DATAVIEWMODEL.STARTVIDEO    new camera selected, starting live view    
2023-06-07 18:23:54.9608    TRACE    SCHOOLPROJECT.VIEWMODEL.DATAVIEWMODEL.STARTVIDEO    Leaving the startvideo method    
2023-06-07 22:45:21.8302    TRACE    SCHOOLPROJECT.VIEWMODEL.LOGINVIEWMODEL..CTOR    Entering in the constructor    
2023-06-07 22:45:22.1316    TRACE    SCHOOLPROJECT.VIEWMODEL.LOGINVIEWMODEL..CTOR    Leaving the constructor    
2023-06-07 22:45:22.5671    TRACE    SCHOOLPROJECT.VIEWMODEL.LOGINVIEWMODEL..CTOR    Entering in the constructor    
2023-06-07 22:45:22.5671    TRACE    SCHOOLPROJECT.VIEWMODEL.LOGINVIEWMODEL..CTOR    Leaving the constructor    
2023-06-07 22:45:55.4656    TRACE    SCHOOLPROJECT.VIEWMODEL.LOGINVIEWMODEL.LOGIN    Entering in the Login method    
2023-06-07 22:45:55.4756    INFO    SCHOOLPROJECT.REPOSITORIES.USERREPOSITORY.GETUSER    Log in with Username[123] and password[123]    
2023-06-07 22:46:01.3201    TRACE    SCHOOLPROJECT.VIEWMODEL.LOGINVIEWMODEL.LOGIN    Leaving the Login method    
2023-06-07 22:46:53.0231    TRACE    SCHOOLPROJECT.VIEWMODEL.SEARCHPATIENTVIEWMODEL.INITIALIZE    Entering the initialize method    
2023-06-07 22:46:53.1350    TRACE    SCHOOLPROJECT.VIEWMODEL.SEARCHPATIENTVIEWMODEL.INITIALIZE    Leaving the initialize method    
2023-06-07 22:46:54.5070    INFO    SCHOOLPROJECT.REPOSITORIES.STUDIESREPOSITORY.GETSTUDYLIST    Getting all studies for the patient id: 1    
2023-06-07 22:46:54.5396    INFO    SCHOOLPROJECT.VIEWMODEL.STUDIESVIEWMODEL.INITIALIZE    All data loaded    
2023-06-07 22:46:58.7330    INFO    SCHOOLPROJECT.VIEWMODEL.STUDIESVIEWMODEL.STUDYCHANGED    Study selected changed    
2023-06-07 22:46:58.7330    INFO    SCHOOLPROJECT.REPOSITORIES.SERIESREPOSITORY.GETSERIES    Searching for series for the study id: 2    
2023-06-07 22:47:12.8200    TRACE    SCHOOLPROJECT.VIEWMODEL.DATAVIEWMODEL..CTOR    Entering in the constructor    
2023-06-07 22:47:12.8200    TRACE    SCHOOLPROJECT.VIEWMODEL.DATAVIEWMODEL..CTOR    Leaving the constructor    
2023-06-07 22:47:12.8200    TRACE    SCHOOLPROJECT.VIEWMODEL.DATAVIEWMODEL.INITIALIZE    Entering in the initialize method    
2023-06-07 22:47:12.8688    TRACE    SCHOOLPROJECT.REPOSITORIES.RECORDREPOSITORY.GETPATIENTBYID    Finding patient by id...    
2023-06-07 22:47:13.0049    INFO    SCHOOLPROJECT.VIEWMODEL.DATAVIEWMODEL.INITIALIZE    All primary data charged successfully    
2023-06-07 22:47:13.0049    TRACE    SCHOOLPROJECT.VIEWMODEL.DATAVIEWMODEL.INITIALIZE    Leaving the initialize method    
2023-06-07 22:47:50.3220    TRACE    SCHOOLPROJECT.VIEWMODEL.DATAVIEWMODEL.STARTVIDEO    Entering in the startVideo method    
2023-06-07 22:47:50.3393    INFO    SCHOOLPROJECT.VIEWMODEL.DATAVIEWMODEL.STARTVIDEO    new camera selected, starting live view    
2023-06-07 22:47:50.3469    TRACE    SCHOOLPROJECT.VIEWMODEL.DATAVIEWMODEL.STARTVIDEO    Leaving the startvideo method    
2023-06-07 22:48:07.8017    TRACE    SCHOOLPROJECT.VIEWMODEL.DATAVIEWMODEL.CLOSINGVIDEO    Entering ClosingVideo method    
2023-06-07 22:48:07.8123    INFO    SCHOOLPROJECT.VIEWMODEL.DATAVIEWMODEL.CLOSINGVIDEO    All video cleared    
2023-06-07 22:48:07.8123    TRACE    SCHOOLPROJECT.VIEWMODEL.DATAVIEWMODEL.CLOSINGVIDEO    Leaving ClosingVideo method    
