2023-07-01 09:24:32.1238    TRACE    SCHOOLPROJECT.VIEWMODEL.LOGINVIEWMODEL..CTOR    Entering in the constructor    
2023-07-01 09:24:32.2508    TRACE    SCHOOLPROJECT.VIEWMODEL.LOGINVIEWMODEL..CTOR    Leaving the constructor    
2023-07-01 09:24:32.5435    TRACE    SCHOOLPROJECT.VIEWMODEL.LOGINVIEWMODEL..CTOR    Entering in the constructor    
2023-07-01 09:24:32.5435    TRACE    SCHOOLPROJECT.VIEWMODEL.LOGINVIEWMODEL..CTOR    Leaving the constructor    
2023-07-01 09:24:46.7604    TRACE    SCHOOLPROJECT.VIEWMODEL.LOGINVIEWMODEL.LOGIN    Entering in the Login method    
2023-07-01 09:24:46.7663    INFO    SCHOOLPROJECT.REPOSITORIES.USERREPOSITORY.GETUSER    Log in with Username[admin] and password[admin]    
2023-07-01 09:24:48.3107    TRACE    SCHOOLPROJECT.VIEWMODEL.LOGINVIEWMODEL.LOGIN    Leaving the Login method    
2023-07-01 09:24:50.6713    TRACE    SCHOOLPROJECT.VIEWMODEL.ADDRECORDVIEWMODEL..CTOR    Entering the constructor    
2023-07-01 09:24:50.6722    TRACE    SCHOOLPROJECT.VIEWMODEL.ADDRECORDVIEWMODEL..CTOR    leaving  the constructor    
2023-07-01 09:24:50.6928    TRACE    SCHOOLPROJECT.VIEWMODEL.ADDRECORDVIEWMODEL..CTOR    Entering the constructor    
2023-07-01 09:24:50.6928    TRACE    SCHOOLPROJECT.VIEWMODEL.ADDRECORDVIEWMODEL..CTOR    leaving  the constructor    
2023-07-01 09:24:52.5532    TRACE    SCHOOLPROJECT.VIEWMODEL.SEARCHPATIENTVIEWMODEL.INITIALIZE    Entering the initialize method    
2023-07-01 09:24:52.5701    TRACE    SCHOOLPROJECT.VIEWMODEL.SEARCHPATIENTVIEWMODEL.INITIALIZE    Leaving the initialize method    
2023-07-01 09:25:13.2717    TRACE    SCHOOLPROJECT.VIEWMODEL.SEARCHPATIENTVIEWMODEL.INITIALIZE    Entering the initialize method    
2023-07-01 09:25:13.2717    TRACE    SCHOOLPROJECT.VIEWMODEL.SEARCHPATIENTVIEWMODEL.INITIALIZE    Leaving the initialize method    
2023-07-01 09:25:14.7767    INFO    SCHOOLPROJECT.VIEWMODEL.USERCONTROLVIEWMODEL.INITIALIZE    Initializing: Group[Administrator] User[Namit]    
2023-07-01 09:25:16.8070    TRACE    SCHOOLPROJECT.VIEWMODEL.ADDRECORDVIEWMODEL..CTOR    Entering the constructor    
2023-07-01 09:25:16.8070    TRACE    SCHOOLPROJECT.VIEWMODEL.ADDRECORDVIEWMODEL..CTOR    leaving  the constructor    
2023-07-01 09:25:16.8070    TRACE    SCHOOLPROJECT.VIEWMODEL.ADDRECORDVIEWMODEL..CTOR    Entering the constructor    
2023-07-01 09:25:16.8070    TRACE    SCHOOLPROJECT.VIEWMODEL.ADDRECORDVIEWMODEL..CTOR    leaving  the constructor    
2023-07-01 09:25:18.7789    TRACE    SCHOOLPROJECT.VIEWMODEL.SEARCHPATIENTVIEWMODEL.INITIALIZE    Entering the initialize method    
2023-07-01 09:25:18.7789    TRACE    SCHOOLPROJECT.VIEWMODEL.SEARCHPATIENTVIEWMODEL.INITIALIZE    Leaving the initialize method    
2023-07-01 09:25:19.6008    TRACE    SCHOOLPROJECT.VIEWMODEL.SEARCHPATIENTVIEWMODEL.INITIALIZE    Entering the initialize method    
2023-07-01 09:25:19.6008    TRACE    SCHOOLPROJECT.VIEWMODEL.SEARCHPATIENTVIEWMODEL.INITIALIZE    Leaving the initialize method    
2023-07-01 09:25:21.7914    TRACE    SCHOOLPROJECT.VIEWMODEL.LOGINVIEWMODEL..CTOR    Entering in the constructor    
2023-07-01 09:25:21.7914    TRACE    SCHOOLPROJECT.VIEWMODEL.LOGINVIEWMODEL..CTOR    Leaving the constructor    
2023-07-01 09:25:21.7982    TRACE    SCHOOLPROJECT.VIEWMODEL.LOGINVIEWMODEL..CTOR    Entering in the constructor    
2023-07-01 09:25:21.7982    TRACE    SCHOOLPROJECT.VIEWMODEL.LOGINVIEWMODEL..CTOR    Leaving the constructor    
2023-07-01 10:00:03.5865    TRACE    SCHOOLPROJECT.VIEWMODEL.LOGINVIEWMODEL..CTOR    Entering in the constructor    
2023-07-01 10:00:03.7844    TRACE    SCHOOLPROJECT.VIEWMODEL.LOGINVIEWMODEL..CTOR    Leaving the constructor    
2023-07-01 10:00:04.0955    TRACE    SCHOOLPROJECT.VIEWMODEL.LOGINVIEWMODEL..CTOR    Entering in the constructor    
2023-07-01 10:00:04.0955    TRACE    SCHOOLPROJECT.VIEWMODEL.LOGINVIEWMODEL..CTOR    Leaving the constructor    
2023-07-01 10:00:33.3179    TRACE    SCHOOLPROJECT.VIEWMODEL.LOGINVIEWMODEL..CTOR    Entering in the constructor    
2023-07-01 10:00:33.4230    TRACE    SCHOOLPROJECT.VIEWMODEL.LOGINVIEWMODEL..CTOR    Leaving the constructor    
2023-07-01 10:00:33.5750    TRACE    SCHOOLPROJECT.VIEWMODEL.LOGINVIEWMODEL..CTOR    Entering in the constructor    
2023-07-01 10:00:33.5750    TRACE    SCHOOLPROJECT.VIEWMODEL.LOGINVIEWMODEL..CTOR    Leaving the constructor    
2023-07-01 10:00:41.2366    TRACE    SCHOOLPROJECT.VIEWMODEL.LOGINVIEWMODEL.LOGIN    Entering in the Login method    
2023-07-01 10:00:41.2366    INFO    SCHOOLPROJECT.REPOSITORIES.USERREPOSITORY.GETUSER    Log in with Username[admin] and password[admin]    
2023-07-01 10:00:42.6789    TRACE    SCHOOLPROJECT.VIEWMODEL.LOGINVIEWMODEL.LOGIN    Leaving the Login method    
2023-07-01 10:00:43.7569    TRACE    SCHOOLPROJECT.VIEWMODEL.ADDRECORDVIEWMODEL..CTOR    Entering the constructor    
2023-07-01 10:00:43.7569    TRACE    SCHOOLPROJECT.VIEWMODEL.ADDRECORDVIEWMODEL..CTOR    leaving  the constructor    
2023-07-01 10:00:43.7799    TRACE    SCHOOLPROJECT.VIEWMODEL.ADDRECORDVIEWMODEL..CTOR    Entering the constructor    
2023-07-01 10:00:43.7799    TRACE    SCHOOLPROJECT.VIEWMODEL.ADDRECORDVIEWMODEL..CTOR    leaving  the constructor    
2023-07-01 10:01:14.8369    TRACE    SCHOOLPROJECT.VIEWMODEL.ADDRECORDVIEWMODEL.ADDRECORD    Entering to the add record method.    
2023-07-01 10:01:14.9818    INFO    SCHOOLPROJECT.REPOSITORIES.RECORDREPOSITORY.ADDPATIENT    New patient added successfully and saved to the database    
2023-07-01 10:01:14.9818    TRACE    SCHOOLPROJECT.VIEWMODEL.ADDRECORDVIEWMODEL.CLEARDATA    Entering in the clear data method    
2023-07-01 10:01:14.9818    TRACE    SCHOOLPROJECT.VIEWMODEL.ADDRECORDVIEWMODEL.CLEARDATA    Leaving the clear data method    
2023-07-01 10:01:16.5461    INFO    SCHOOLPROJECT.VIEWMODEL.ADDRECORDVIEWMODEL.GOTOADDSTUDIES    Go to add studies and series for this patient    
2023-07-01 10:01:16.5701    INFO    SCHOOLPROJECT.REPOSITORIES.STUDIESREPOSITORY.GETSTUDYLIST    Getting all studies for the patient id: 3005    
2023-07-01 10:01:16.5831    INFO    SCHOOLPROJECT.VIEWMODEL.STUDIESVIEWMODEL.INITIALIZE    All data loaded    
2023-07-01 10:01:16.5831    TRACE    SCHOOLPROJECT.VIEWMODEL.ADDRECORDVIEWMODEL.ADDRECORD    Leaving the addrecord method    
2023-07-01 10:01:35.4454    TRACE    SCHOOLPROJECT.VIEWMODEL.STUDIESVIEWMODEL.ADDSTUDY    Entering in the add study method    
2023-07-01 10:01:35.4454    INFO    SCHOOLPROJECT.REPOSITORIES.STUDIESREPOSITORY.ADDSTUDY    New study added to the patient id: 3005 and saved to the database    
2023-07-01 10:01:36.8566    INFO    SCHOOLPROJECT.REPOSITORIES.STUDIESREPOSITORY.GETSTUDYLIST    Getting all studies for the patient id: 3005    
2023-07-01 10:01:36.8616    TRACE    SCHOOLPROJECT.VIEWMODEL.STUDIESVIEWMODEL.ADDSTUDY    Leaving the add study method    
2023-07-01 10:01:46.7097    TRACE    SCHOOLPROJECT.VIEWMODEL.STUDIESVIEWMODEL.ADDSTUDY    Entering in the add study method    
2023-07-01 10:01:46.7097    INFO    SCHOOLPROJECT.REPOSITORIES.STUDIESREPOSITORY.ADDSTUDY    New study added to the patient id: 3005 and saved to the database    
2023-07-01 10:01:47.9950    INFO    SCHOOLPROJECT.REPOSITORIES.STUDIESREPOSITORY.GETSTUDYLIST    Getting all studies for the patient id: 3005    
2023-07-01 10:01:47.9950    TRACE    SCHOOLPROJECT.VIEWMODEL.STUDIESVIEWMODEL.ADDSTUDY    Leaving the add study method    
2023-07-01 10:01:54.6637    INFO    SCHOOLPROJECT.VIEWMODEL.STUDIESVIEWMODEL.STUDYCHANGED    Study selected changed    
2023-07-01 10:01:54.6637    INFO    SCHOOLPROJECT.REPOSITORIES.SERIESREPOSITORY.GETSERIES    Searching for series for the study id: 3005    
2023-07-01 10:01:56.5868    TRACE    SCHOOLPROJECT.VIEWMODEL.STUDIESVIEWMODEL.ADDSERIES    Entering in addseries method    
2023-07-01 10:01:56.5868    INFO    SCHOOLPROJECT.REPOSITORIES.SERIESREPOSITORY.ADDSERIES    New serie has been added to study id: 3005 and saved to the database    
2023-07-01 10:01:57.7692    INFO    SCHOOLPROJECT.REPOSITORIES.SERIESREPOSITORY.GETSERIES    Searching for series for the study id: 3005    
2023-07-01 10:01:57.7692    TRACE    SCHOOLPROJECT.VIEWMODEL.STUDIESVIEWMODEL.ADDSERIES    Leaving the addseries method    
2023-07-01 10:02:03.6811    INFO    SCHOOLPROJECT.VIEWMODEL.STUDIESVIEWMODEL.STUDYCHANGED    Study selected changed    
2023-07-01 10:02:03.6811    INFO    SCHOOLPROJECT.REPOSITORIES.SERIESREPOSITORY.GETSERIES    Searching for series for the study id: 3004    
2023-07-01 10:02:05.0019    INFO    SCHOOLPROJECT.VIEWMODEL.STUDIESVIEWMODEL.STUDYCHANGED    Study selected changed    
2023-07-01 10:02:05.0019    INFO    SCHOOLPROJECT.REPOSITORIES.SERIESREPOSITORY.GETSERIES    Searching for series for the study id: 3005    
2023-07-01 10:02:06.3737    INFO    SCHOOLPROJECT.VIEWMODEL.STUDIESVIEWMODEL.STUDYCHANGED    Study selected changed    
2023-07-01 10:02:06.3737    INFO    SCHOOLPROJECT.REPOSITORIES.SERIESREPOSITORY.GETSERIES    Searching for series for the study id: 3004    
2023-07-01 10:02:08.3700    TRACE    SCHOOLPROJECT.VIEWMODEL.LOGINVIEWMODEL..CTOR    Entering in the constructor    
2023-07-01 10:02:08.3700    TRACE    SCHOOLPROJECT.VIEWMODEL.LOGINVIEWMODEL..CTOR    Leaving the constructor    
2023-07-01 10:02:08.3770    TRACE    SCHOOLPROJECT.VIEWMODEL.LOGINVIEWMODEL..CTOR    Entering in the constructor    
2023-07-01 10:02:08.3770    TRACE    SCHOOLPROJECT.VIEWMODEL.LOGINVIEWMODEL..CTOR    Leaving the constructor    
2023-07-01 10:11:52.1778    TRACE    SCHOOLPROJECT.VIEWMODEL.LOGINVIEWMODEL..CTOR    Entering in the constructor    
2023-07-01 10:11:52.2928    TRACE    SCHOOLPROJECT.VIEWMODEL.LOGINVIEWMODEL..CTOR    Leaving the constructor    
2023-07-01 10:11:52.4557    TRACE    SCHOOLPROJECT.VIEWMODEL.LOGINVIEWMODEL..CTOR    Entering in the constructor    
2023-07-01 10:11:52.4557    TRACE    SCHOOLPROJECT.VIEWMODEL.LOGINVIEWMODEL..CTOR    Leaving the constructor    
2023-07-01 10:12:32.9044    TRACE    SCHOOLPROJECT.VIEWMODEL.LOGINVIEWMODEL.LOGIN    Entering in the Login method    
2023-07-01 10:12:32.9044    INFO    SCHOOLPROJECT.REPOSITORIES.USERREPOSITORY.GETUSER    Log in with Username[admin] and password[admin]    
2023-07-01 10:12:34.5625    TRACE    SCHOOLPROJECT.VIEWMODEL.LOGINVIEWMODEL.LOGIN    Leaving the Login method    
2023-07-01 10:12:38.2725    INFO    SCHOOLPROJECT.VIEWMODEL.USERCONTROLVIEWMODEL.INITIALIZE    Initializing: Group[Administrator] User[Namit]    
2023-07-01 10:12:56.1333    INFO    SCHOOLPROJECT.VIEWMODEL.USERCONTROLVIEWMODEL.INITIALIZE    Initializing: Group[Administrator] User[Namit]    
2023-07-01 10:13:01.1878    TRACE    SCHOOLPROJECT.VIEWMODEL.ADDRECORDVIEWMODEL..CTOR    Entering the constructor    
2023-07-01 10:13:01.1878    TRACE    SCHOOLPROJECT.VIEWMODEL.ADDRECORDVIEWMODEL..CTOR    leaving  the constructor    
2023-07-01 10:13:01.2049    TRACE    SCHOOLPROJECT.VIEWMODEL.ADDRECORDVIEWMODEL..CTOR    Entering the constructor    
2023-07-01 10:13:01.2049    TRACE    SCHOOLPROJECT.VIEWMODEL.ADDRECORDVIEWMODEL..CTOR    leaving  the constructor    
2023-07-01 10:13:32.1067    TRACE    SCHOOLPROJECT.VIEWMODEL.ADDRECORDVIEWMODEL.ADDRECORD    Entering to the add record method.    
2023-07-01 10:13:32.2799    INFO    SCHOOLPROJECT.REPOSITORIES.RECORDREPOSITORY.ADDPATIENT    New patient added successfully and saved to the database    
2023-07-01 10:13:32.2799    TRACE    SCHOOLPROJECT.VIEWMODEL.ADDRECORDVIEWMODEL.CLEARDATA    Entering in the clear data method    
2023-07-01 10:13:32.2799    TRACE    SCHOOLPROJECT.VIEWMODEL.ADDRECORDVIEWMODEL.CLEARDATA    Leaving the clear data method    
2023-07-01 10:13:35.5589    INFO    SCHOOLPROJECT.VIEWMODEL.ADDRECORDVIEWMODEL.GOTOADDSTUDIES    Go to add studies and series for this patient    
2023-07-01 10:13:35.5589    INFO    SCHOOLPROJECT.REPOSITORIES.STUDIESREPOSITORY.GETSTUDYLIST    Getting all studies for the patient id: 3006    
2023-07-01 10:13:35.5809    INFO    SCHOOLPROJECT.VIEWMODEL.STUDIESVIEWMODEL.INITIALIZE    All data loaded    
2023-07-01 10:13:35.5809    TRACE    SCHOOLPROJECT.VIEWMODEL.ADDRECORDVIEWMODEL.ADDRECORD    Leaving the addrecord method    
2023-07-01 10:13:53.5083    TRACE    SCHOOLPROJECT.VIEWMODEL.STUDIESVIEWMODEL.ADDSTUDY    Entering in the add study method    
2023-07-01 10:13:55.9532    WARN    SCHOOLPROJECT.VIEWMODEL.STUDIESVIEWMODEL.ADDSTUDY    The user has no write a study name    
2023-07-01 10:14:03.0111    TRACE    SCHOOLPROJECT.VIEWMODEL.STUDIESVIEWMODEL.ADDSTUDY    Entering in the add study method    
2023-07-01 10:14:03.0201    INFO    SCHOOLPROJECT.REPOSITORIES.STUDIESREPOSITORY.ADDSTUDY    New study added to the patient id: 3006 and saved to the database    
2023-07-01 10:14:03.9903    INFO    SCHOOLPROJECT.REPOSITORIES.STUDIESREPOSITORY.GETSTUDYLIST    Getting all studies for the patient id: 3006    
2023-07-01 10:14:03.9973    TRACE    SCHOOLPROJECT.VIEWMODEL.STUDIESVIEWMODEL.ADDSTUDY    Leaving the add study method    
2023-07-01 10:14:21.5178    INFO    SCHOOLPROJECT.VIEWMODEL.STUDIESVIEWMODEL.STUDYCHANGED    Study selected changed    
2023-07-01 10:14:21.5178    INFO    SCHOOLPROJECT.REPOSITORIES.SERIESREPOSITORY.GETSERIES    Searching for series for the study id: 3006    
2023-07-01 10:14:23.6910    TRACE    SCHOOLPROJECT.VIEWMODEL.STUDIESVIEWMODEL.ADDSERIES    Entering in addseries method    
2023-07-01 10:14:23.6910    INFO    SCHOOLPROJECT.REPOSITORIES.SERIESREPOSITORY.ADDSERIES    New serie has been added to study id: 3006 and saved to the database    
2023-07-01 10:14:24.8214    INFO    SCHOOLPROJECT.REPOSITORIES.SERIESREPOSITORY.GETSERIES    Searching for series for the study id: 3006    
2023-07-01 10:14:24.8214    TRACE    SCHOOLPROJECT.VIEWMODEL.STUDIESVIEWMODEL.ADDSERIES    Leaving the addseries method    
2023-07-01 10:14:36.1655    TRACE    SCHOOLPROJECT.VIEWMODEL.STUDIESVIEWMODEL.ADDSTUDY    Entering in the add study method    
2023-07-01 10:14:36.1705    INFO    SCHOOLPROJECT.REPOSITORIES.STUDIESREPOSITORY.ADDSTUDY    New study added to the patient id: 3006 and saved to the database    
2023-07-01 10:14:37.3227    INFO    SCHOOLPROJECT.REPOSITORIES.STUDIESREPOSITORY.GETSTUDYLIST    Getting all studies for the patient id: 3006    
2023-07-01 10:14:37.3267    INFO    SCHOOLPROJECT.VIEWMODEL.STUDIESVIEWMODEL.STUDYCHANGED    Study selected changed    
2023-07-01 10:14:37.3267    TRACE    SCHOOLPROJECT.VIEWMODEL.STUDIESVIEWMODEL.ADDSTUDY    Leaving the add study method    
2023-07-01 10:14:39.3360    INFO    SCHOOLPROJECT.VIEWMODEL.STUDIESVIEWMODEL.STUDYCHANGED    Study selected changed    
2023-07-01 10:14:39.3360    INFO    SCHOOLPROJECT.REPOSITORIES.SERIESREPOSITORY.GETSERIES    Searching for series for the study id: 3007    
2023-07-01 10:14:42.0956    TRACE    SCHOOLPROJECT.VIEWMODEL.STUDIESVIEWMODEL.ADDSERIES    Entering in addseries method    
2023-07-01 10:14:42.1105    INFO    SCHOOLPROJECT.REPOSITORIES.SERIESREPOSITORY.ADDSERIES    New serie has been added to study id: 3007 and saved to the database    
2023-07-01 10:14:43.3994    INFO    SCHOOLPROJECT.REPOSITORIES.SERIESREPOSITORY.GETSERIES    Searching for series for the study id: 3007    
2023-07-01 10:14:43.3994    TRACE    SCHOOLPROJECT.VIEWMODEL.STUDIESVIEWMODEL.ADDSERIES    Leaving the addseries method    
2023-07-01 10:14:45.5851    INFO    SCHOOLPROJECT.VIEWMODEL.STUDIESVIEWMODEL.STUDYCHANGED    Study selected changed    
2023-07-01 10:14:45.5851    INFO    SCHOOLPROJECT.REPOSITORIES.SERIESREPOSITORY.GETSERIES    Searching for series for the study id: 3006    
2023-07-01 10:14:48.0744    INFO    SCHOOLPROJECT.VIEWMODEL.STUDIESVIEWMODEL.STUDYCHANGED    Study selected changed    
2023-07-01 10:14:48.0744    INFO    SCHOOLPROJECT.REPOSITORIES.SERIESREPOSITORY.GETSERIES    Searching for series for the study id: 3007    
2023-07-01 10:15:02.4674    TRACE    SCHOOLPROJECT.VIEWMODEL.DATAVIEWMODEL..CTOR    Entering in the constructor    
2023-07-01 10:15:02.4674    TRACE    SCHOOLPROJECT.VIEWMODEL.DATAVIEWMODEL..CTOR    Leaving the constructor    
2023-07-01 10:15:02.4674    TRACE    SCHOOLPROJECT.VIEWMODEL.DATAVIEWMODEL.INITIALIZE    Entering in the initialize method    
2023-07-01 10:15:02.4834    TRACE    SCHOOLPROJECT.REPOSITORIES.RECORDREPOSITORY.GETPATIENTBYID    Finding patient by id...    
2023-07-01 10:15:02.5424    INFO    SCHOOLPROJECT.VIEWMODEL.DATAVIEWMODEL.INITIALIZE    All primary data charged successfully    
2023-07-01 10:15:02.5424    TRACE    SCHOOLPROJECT.VIEWMODEL.DATAVIEWMODEL.INITIALIZE    Leaving the initialize method    
2023-07-01 10:15:51.6500    TRACE    SCHOOLPROJECT.VIEWMODEL.DATAVIEWMODEL.STARTVIDEO    Entering in the startVideo method    
2023-07-01 10:15:51.6500    INFO    SCHOOLPROJECT.VIEWMODEL.DATAVIEWMODEL.STARTVIDEO    new camera selected, starting live view    
2023-07-01 10:15:51.6500    TRACE    SCHOOLPROJECT.VIEWMODEL.DATAVIEWMODEL.STARTVIDEO    Leaving the startvideo method    
2023-07-01 10:16:01.2984    TRACE    SCHOOLPROJECT.VIEWMODEL.DATAVIEWMODEL.STARTVIDEORECORDING    Entering in the StartVideoRecording method    
2023-07-01 10:16:01.8019    INFO    SCHOOLPROJECT.VIEWMODEL.DATAVIEWMODEL.STARTVIDEORECORDING    Starting recording    
2023-07-01 10:16:01.8019    TRACE    SCHOOLPROJECT.VIEWMODEL.DATAVIEWMODEL.STARTVIDEORECORDING    Leaving the StartVideoRecording method    
2023-07-01 10:16:07.7318    TRACE    SCHOOLPROJECT.VIEWMODEL.DATAVIEWMODEL.STOPVIDEORECORDING    Entering the StopVideoRecording method    
2023-07-01 10:16:07.7369    INFO    SCHOOLPROJECT.VIEWMODEL.DATAVIEWMODEL.STOPVIDEORECORDING    Stoped video recording    
2023-07-01 10:16:07.7505    INFO    SCHOOLPROJECT.REPOSITORIES.VIDEOREPOSITORY.ADDVIDEOS    Video saved to the database    
2023-07-01 10:16:07.7505    INFO    SCHOOLPROJECT.VIEWMODEL.DATAVIEWMODEL.STOPVIDEORECORDING    The video was saved in: C:\Users\X6NKAPOO\source\repos\Internship\SchoolProject (2)\SchoolProject\SchoolProject\bin\Debug\Videos\Jatin-01072023101601.mp4    
2023-07-01 10:16:10.1008    TRACE    SCHOOLPROJECT.VIEWMODEL.DATAVIEWMODEL.STOPVIDEORECORDING    Leaving the StopVideoRecording method    
2023-07-01 10:16:12.7762    TRACE    SCHOOLPROJECT.VIEWMODEL.DATAVIEWMODEL.TAKEPICTURE    Entering in the TakePicture method    
2023-07-01 10:16:12.7962    INFO    SCHOOLPROJECT.VIEWMODEL.DATAVIEWMODEL.TAKEPICTURE    Picture saved in: C:\Users\X6NKAPOO\source\repos\Internship\SchoolProject (2)\SchoolProject\SchoolProject\bin\Debug\Captures\Jatin-01072023101612.jpg    
2023-07-01 10:16:12.8212    INFO    SCHOOLPROJECT.REPOSITORIES.IMAGESREPOSITORY.ADDIMAGES    New image added successfully and saved to the database    
2023-07-01 10:16:14.4584    TRACE    SCHOOLPROJECT.VIEWMODEL.DATAVIEWMODEL.TAKEPICTURE    Leaving the TakePicture method    
2023-07-01 10:16:19.3515    TRACE    SCHOOLPROJECT.VIEWMODEL.DATAVIEWMODEL.CREATEREPORT    Entering in the CreateReport method    
2023-07-01 10:16:32.4641    INFO    SCHOOLPROJECT.REPOSITORIES.REPORTREPOSITORY.ADDREPORT    New report added and saved to the database.    
2023-07-01 10:16:32.4641    INFO    SCHOOLPROJECT.VIEWMODEL.DATAVIEWMODEL.CREATEREPORT    Reported saved in: C:\Users\X6NKAPOO\Desktop\Jatin-20230701 1016-.pdf    
2023-07-01 10:16:33.6461    TRACE    SCHOOLPROJECT.VIEWMODEL.DATAVIEWMODEL.CREATEREPORT    Leaving in the CreateReport method    
2023-07-01 10:16:36.6903    TRACE    SCHOOLPROJECT.VIEWMODEL.DATAVIEWMODEL.STARTVIDEO    Entering in the startVideo method    
2023-07-01 10:16:36.6903    INFO    SCHOOLPROJECT.VIEWMODEL.DATAVIEWMODEL.STARTVIDEO    An video has initiated before, stoping the video    
2023-07-01 10:16:36.6903    TRACE    SCHOOLPROJECT.VIEWMODEL.DATAVIEWMODEL.STARTVIDEO    Leaving the startvideo method    
2023-07-01 10:16:40.3806    TRACE    SCHOOLPROJECT.VIEWMODEL.SEARCHPATIENTVIEWMODEL.INITIALIZE    Entering the initialize method    
2023-07-01 10:16:40.3926    TRACE    SCHOOLPROJECT.VIEWMODEL.SEARCHPATIENTVIEWMODEL.INITIALIZE    Leaving the initialize method    
2023-07-01 10:16:40.5186    TRACE    SCHOOLPROJECT.VIEWMODEL.DATAVIEWMODEL.CLOSINGVIDEO    Entering ClosingVideo method    
2023-07-01 10:16:40.5186    INFO    SCHOOLPROJECT.VIEWMODEL.DATAVIEWMODEL.CLOSINGVIDEO    All video cleared    
2023-07-01 10:16:40.5186    TRACE    SCHOOLPROJECT.VIEWMODEL.DATAVIEWMODEL.CLOSINGVIDEO    Leaving ClosingVideo method    
2023-07-01 10:16:52.3769    INFO    SCHOOLPROJECT.REPOSITORIES.STUDIESREPOSITORY.GETSTUDYLIST    Getting all studies for the patient id: 3006    
2023-07-01 10:16:52.3769    INFO    SCHOOLPROJECT.VIEWMODEL.STUDIESVIEWMODEL.INITIALIZE    All data loaded    
2023-07-01 10:16:55.6256    INFO    SCHOOLPROJECT.VIEWMODEL.STUDIESVIEWMODEL.STUDYCHANGED    Study selected changed    
2023-07-01 10:16:55.6256    INFO    SCHOOLPROJECT.REPOSITORIES.SERIESREPOSITORY.GETSERIES    Searching for series for the study id: 3006    
2023-07-01 10:17:16.5674    TRACE    SCHOOLPROJECT.VIEWMODEL.LOGINVIEWMODEL..CTOR    Entering in the constructor    
2023-07-01 10:17:16.5674    TRACE    SCHOOLPROJECT.VIEWMODEL.LOGINVIEWMODEL..CTOR    Leaving the constructor    
2023-07-01 10:17:16.5674    TRACE    SCHOOLPROJECT.VIEWMODEL.LOGINVIEWMODEL..CTOR    Entering in the constructor    
2023-07-01 10:17:16.5674    TRACE    SCHOOLPROJECT.VIEWMODEL.LOGINVIEWMODEL..CTOR    Leaving the constructor    
2023-07-01 12:17:24.8168    TRACE    SCHOOLPROJECT.VIEWMODEL.LOGINVIEWMODEL..CTOR    Entering in the constructor    
2023-07-01 12:17:25.0148    TRACE    SCHOOLPROJECT.VIEWMODEL.LOGINVIEWMODEL..CTOR    Leaving the constructor    
2023-07-01 12:17:25.3428    TRACE    SCHOOLPROJECT.VIEWMODEL.LOGINVIEWMODEL..CTOR    Entering in the constructor    
2023-07-01 12:17:25.3428    TRACE    SCHOOLPROJECT.VIEWMODEL.LOGINVIEWMODEL..CTOR    Leaving the constructor    
2023-07-01 12:18:09.1591    TRACE    SCHOOLPROJECT.VIEWMODEL.LOGINVIEWMODEL.LOGIN    Entering in the Login method    
2023-07-01 12:18:09.1781    INFO    SCHOOLPROJECT.REPOSITORIES.USERREPOSITORY.GETUSER    Log in with Username[admin] and password[admin]    
2023-07-01 12:18:10.9512    TRACE    SCHOOLPROJECT.VIEWMODEL.LOGINVIEWMODEL.LOGIN    Leaving the Login method    
2023-07-01 12:18:19.9331    INFO    SCHOOLPROJECT.VIEWMODEL.USERCONTROLVIEWMODEL.INITIALIZE    Initializing: Group[Administrator] User[Namit]    
2023-07-01 12:18:47.3679    TRACE    SCHOOLPROJECT.VIEWMODEL.ADDRECORDVIEWMODEL..CTOR    Entering the constructor    
2023-07-01 12:18:47.3679    TRACE    SCHOOLPROJECT.VIEWMODEL.ADDRECORDVIEWMODEL..CTOR    leaving  the constructor    
2023-07-01 12:18:47.3746    TRACE    SCHOOLPROJECT.VIEWMODEL.ADDRECORDVIEWMODEL..CTOR    Entering the constructor    
2023-07-01 12:18:47.3746    TRACE    SCHOOLPROJECT.VIEWMODEL.ADDRECORDVIEWMODEL..CTOR    leaving  the constructor    
2023-07-01 12:19:16.2419    TRACE    SCHOOLPROJECT.VIEWMODEL.ADDRECORDVIEWMODEL.ADDRECORD    Entering to the add record method.    
2023-07-01 12:19:17.8888    WARN    SCHOOLPROJECT.VIEWMODEL.ADDRECORDVIEWMODEL.ADDRECORD    Email has a bad format or empty    
2023-07-01 12:19:26.0524    TRACE    SCHOOLPROJECT.VIEWMODEL.ADDRECORDVIEWMODEL.ADDRECORD    Entering to the add record method.    
2023-07-01 12:19:26.2399    INFO    SCHOOLPROJECT.REPOSITORIES.RECORDREPOSITORY.ADDPATIENT    New patient added successfully and saved to the database    
2023-07-01 12:19:26.2399    TRACE    SCHOOLPROJECT.VIEWMODEL.ADDRECORDVIEWMODEL.CLEARDATA    Entering in the clear data method    
2023-07-01 12:19:26.2399    TRACE    SCHOOLPROJECT.VIEWMODEL.ADDRECORDVIEWMODEL.CLEARDATA    Leaving the clear data method    
2023-07-01 12:19:28.3873    INFO    SCHOOLPROJECT.VIEWMODEL.ADDRECORDVIEWMODEL.GOTOADDSTUDIES    Go to add studies and series for this patient    
2023-07-01 12:19:28.4225    INFO    SCHOOLPROJECT.REPOSITORIES.STUDIESREPOSITORY.GETSTUDYLIST    Getting all studies for the patient id: 3007    
2023-07-01 12:19:28.4225    INFO    SCHOOLPROJECT.VIEWMODEL.STUDIESVIEWMODEL.INITIALIZE    All data loaded    
2023-07-01 12:19:28.4225    TRACE    SCHOOLPROJECT.VIEWMODEL.ADDRECORDVIEWMODEL.ADDRECORD    Leaving the addrecord method    
2023-07-01 12:19:41.4682    TRACE    SCHOOLPROJECT.VIEWMODEL.STUDIESVIEWMODEL.ADDSTUDY    Entering in the add study method    
2023-07-01 12:19:41.4898    INFO    SCHOOLPROJECT.REPOSITORIES.STUDIESREPOSITORY.ADDSTUDY    New study added to the patient id: 3007 and saved to the database    
2023-07-01 12:19:42.7015    INFO    SCHOOLPROJECT.REPOSITORIES.STUDIESREPOSITORY.GETSTUDYLIST    Getting all studies for the patient id: 3007    
2023-07-01 12:19:42.7015    TRACE    SCHOOLPROJECT.VIEWMODEL.STUDIESVIEWMODEL.ADDSTUDY    Leaving the add study method    
2023-07-01 12:19:55.6337    TRACE    SCHOOLPROJECT.VIEWMODEL.STUDIESVIEWMODEL.ADDSTUDY    Entering in the add study method    
2023-07-01 12:19:55.6462    INFO    SCHOOLPROJECT.REPOSITORIES.STUDIESREPOSITORY.ADDSTUDY    New study added to the patient id: 3007 and saved to the database    
2023-07-01 12:19:56.7631    INFO    SCHOOLPROJECT.REPOSITORIES.STUDIESREPOSITORY.GETSTUDYLIST    Getting all studies for the patient id: 3007    
2023-07-01 12:19:56.7631    TRACE    SCHOOLPROJECT.VIEWMODEL.STUDIESVIEWMODEL.ADDSTUDY    Leaving the add study method    
2023-07-01 12:20:03.0285    INFO    SCHOOLPROJECT.VIEWMODEL.STUDIESVIEWMODEL.STUDYCHANGED    Study selected changed    
2023-07-01 12:20:03.0285    INFO    SCHOOLPROJECT.REPOSITORIES.SERIESREPOSITORY.GETSERIES    Searching for series for the study id: 3009    
2023-07-01 12:20:07.6658    TRACE    SCHOOLPROJECT.VIEWMODEL.STUDIESVIEWMODEL.ADDSERIES    Entering in addseries method    
2023-07-01 12:20:07.6728    INFO    SCHOOLPROJECT.REPOSITORIES.SERIESREPOSITORY.ADDSERIES    New serie has been added to study id: 3009 and saved to the database    
2023-07-01 12:20:09.0095    INFO    SCHOOLPROJECT.REPOSITORIES.SERIESREPOSITORY.GETSERIES    Searching for series for the study id: 3009    
2023-07-01 12:20:09.0150    TRACE    SCHOOLPROJECT.VIEWMODEL.STUDIESVIEWMODEL.ADDSERIES    Leaving the addseries method    
2023-07-01 12:20:12.4261    INFO    SCHOOLPROJECT.VIEWMODEL.STUDIESVIEWMODEL.STUDYCHANGED    Study selected changed    
2023-07-01 12:20:12.4261    INFO    SCHOOLPROJECT.REPOSITORIES.SERIESREPOSITORY.GETSERIES    Searching for series for the study id: 3008    
2023-07-01 12:20:18.0209    TRACE    SCHOOLPROJECT.VIEWMODEL.STUDIESVIEWMODEL.ADDSERIES    Entering in addseries method    
2023-07-01 12:20:18.0345    INFO    SCHOOLPROJECT.REPOSITORIES.SERIESREPOSITORY.ADDSERIES    New serie has been added to study id: 3008 and saved to the database    
2023-07-01 12:20:19.1202    INFO    SCHOOLPROJECT.REPOSITORIES.SERIESREPOSITORY.GETSERIES    Searching for series for the study id: 3008    
2023-07-01 12:20:19.1202    TRACE    SCHOOLPROJECT.VIEWMODEL.STUDIESVIEWMODEL.ADDSERIES    Leaving the addseries method    
2023-07-01 12:20:34.9512    TRACE    SCHOOLPROJECT.VIEWMODEL.DATAVIEWMODEL..CTOR    Entering in the constructor    
2023-07-01 12:20:34.9512    TRACE    SCHOOLPROJECT.VIEWMODEL.DATAVIEWMODEL..CTOR    Leaving the constructor    
2023-07-01 12:20:34.9512    TRACE    SCHOOLPROJECT.VIEWMODEL.DATAVIEWMODEL.INITIALIZE    Entering in the initialize method    
2023-07-01 12:20:34.9512    TRACE    SCHOOLPROJECT.REPOSITORIES.RECORDREPOSITORY.GETPATIENTBYID    Finding patient by id...    
2023-07-01 12:20:35.0072    INFO    SCHOOLPROJECT.VIEWMODEL.DATAVIEWMODEL.INITIALIZE    All primary data charged successfully    
2023-07-01 12:20:35.0072    TRACE    SCHOOLPROJECT.VIEWMODEL.DATAVIEWMODEL.INITIALIZE    Leaving the initialize method    
2023-07-01 12:20:41.6365    TRACE    SCHOOLPROJECT.VIEWMODEL.DATAVIEWMODEL.STARTVIDEO    Entering in the startVideo method    
2023-07-01 12:20:41.6385    INFO    SCHOOLPROJECT.VIEWMODEL.DATAVIEWMODEL.STARTVIDEO    new camera selected, starting live view    
2023-07-01 12:20:41.6385    TRACE    SCHOOLPROJECT.VIEWMODEL.DATAVIEWMODEL.STARTVIDEO    Leaving the startvideo method    
2023-07-01 12:21:11.4571    TRACE    SCHOOLPROJECT.VIEWMODEL.DATAVIEWMODEL.STARTVIDEORECORDING    Entering in the StartVideoRecording method    
2023-07-01 12:21:11.8713    INFO    SCHOOLPROJECT.VIEWMODEL.DATAVIEWMODEL.STARTVIDEORECORDING    Starting recording    
2023-07-01 12:21:11.8723    TRACE    SCHOOLPROJECT.VIEWMODEL.DATAVIEWMODEL.STARTVIDEORECORDING    Leaving the StartVideoRecording method    
2023-07-01 12:21:24.7052    TRACE    SCHOOLPROJECT.VIEWMODEL.DATAVIEWMODEL.STOPVIDEORECORDING    Entering the StopVideoRecording method    
2023-07-01 12:21:24.7052    INFO    SCHOOLPROJECT.VIEWMODEL.DATAVIEWMODEL.STOPVIDEORECORDING    Stoped video recording    
2023-07-01 12:21:24.7340    INFO    SCHOOLPROJECT.REPOSITORIES.VIDEOREPOSITORY.ADDVIDEOS    Video saved to the database    
2023-07-01 12:21:24.7340    INFO    SCHOOLPROJECT.VIEWMODEL.DATAVIEWMODEL.STOPVIDEORECORDING    The video was saved in: C:\Users\X6NKAPOO\source\repos\Internship\SchoolProject (2)\SchoolProject\SchoolProject\bin\Debug\Videos\Piyush-01072023122111.mp4    
2023-07-01 12:21:27.9255    TRACE    SCHOOLPROJECT.VIEWMODEL.DATAVIEWMODEL.STOPVIDEORECORDING    Leaving the StopVideoRecording method    
2023-07-01 12:21:32.2840    TRACE    SCHOOLPROJECT.VIEWMODEL.DATAVIEWMODEL.TAKEPICTURE    Entering in the TakePicture method    
2023-07-01 12:21:32.2840    INFO    SCHOOLPROJECT.VIEWMODEL.DATAVIEWMODEL.TAKEPICTURE    Picture saved in: C:\Users\X6NKAPOO\source\repos\Internship\SchoolProject (2)\SchoolProject\SchoolProject\bin\Debug\Captures\Piyush-01072023122132.jpg    
2023-07-01 12:21:32.3020    INFO    SCHOOLPROJECT.REPOSITORIES.IMAGESREPOSITORY.ADDIMAGES    New image added successfully and saved to the database    
2023-07-01 12:21:34.0728    TRACE    SCHOOLPROJECT.VIEWMODEL.DATAVIEWMODEL.TAKEPICTURE    Leaving the TakePicture method    
2023-07-01 12:21:40.5197    TRACE    SCHOOLPROJECT.VIEWMODEL.DATAVIEWMODEL.CREATEREPORT    Entering in the CreateReport method    
2023-07-01 12:21:50.1031    INFO    SCHOOLPROJECT.REPOSITORIES.REPORTREPOSITORY.ADDREPORT    New report added and saved to the database.    
2023-07-01 12:21:50.1031    INFO    SCHOOLPROJECT.VIEWMODEL.DATAVIEWMODEL.CREATEREPORT    Reported saved in: C:\Users\X6NKAPOO\Desktop\Piyush-20230701 1221-.pdf    
2023-07-01 12:21:51.9321    TRACE    SCHOOLPROJECT.VIEWMODEL.DATAVIEWMODEL.CREATEREPORT    Leaving in the CreateReport method    
2023-07-01 12:21:54.0341    TRACE    SCHOOLPROJECT.VIEWMODEL.DATAVIEWMODEL.STARTVIDEO    Entering in the startVideo method    
2023-07-01 12:21:54.0341    INFO    SCHOOLPROJECT.VIEWMODEL.DATAVIEWMODEL.STARTVIDEO    An video has initiated before, stoping the video    
2023-07-01 12:21:54.0341    TRACE    SCHOOLPROJECT.VIEWMODEL.DATAVIEWMODEL.STARTVIDEO    Leaving the startvideo method    
2023-07-01 12:22:18.4280    TRACE    SCHOOLPROJECT.VIEWMODEL.ADDRECORDVIEWMODEL..CTOR    Entering the constructor    
2023-07-01 12:22:18.4280    TRACE    SCHOOLPROJECT.VIEWMODEL.ADDRECORDVIEWMODEL..CTOR    leaving  the constructor    
2023-07-01 12:22:18.4280    TRACE    SCHOOLPROJECT.VIEWMODEL.ADDRECORDVIEWMODEL..CTOR    Entering the constructor    
2023-07-01 12:22:18.4280    TRACE    SCHOOLPROJECT.VIEWMODEL.ADDRECORDVIEWMODEL..CTOR    leaving  the constructor    
2023-07-01 12:22:18.4587    TRACE    SCHOOLPROJECT.VIEWMODEL.DATAVIEWMODEL.CLOSINGVIDEO    Entering ClosingVideo method    
2023-07-01 12:22:18.5233    INFO    SCHOOLPROJECT.VIEWMODEL.DATAVIEWMODEL.CLOSINGVIDEO    All video cleared    
2023-07-01 12:22:18.5233    TRACE    SCHOOLPROJECT.VIEWMODEL.DATAVIEWMODEL.CLOSINGVIDEO    Leaving ClosingVideo method    
2023-07-01 12:22:19.4636    TRACE    SCHOOLPROJECT.VIEWMODEL.SEARCHPATIENTVIEWMODEL.INITIALIZE    Entering the initialize method    
2023-07-01 12:22:19.4764    TRACE    SCHOOLPROJECT.VIEWMODEL.SEARCHPATIENTVIEWMODEL.INITIALIZE    Leaving the initialize method    
2023-07-01 12:22:31.9781    INFO    SCHOOLPROJECT.REPOSITORIES.STUDIESREPOSITORY.GETSTUDYLIST    Getting all studies for the patient id: 3007    
2023-07-01 12:22:31.9781    INFO    SCHOOLPROJECT.VIEWMODEL.STUDIESVIEWMODEL.INITIALIZE    All data loaded    
2023-07-01 12:22:35.6766    INFO    SCHOOLPROJECT.VIEWMODEL.STUDIESVIEWMODEL.STUDYCHANGED    Study selected changed    
2023-07-01 12:22:35.6766    INFO    SCHOOLPROJECT.REPOSITORIES.SERIESREPOSITORY.GETSERIES    Searching for series for the study id: 3008    
2023-07-01 12:22:37.7820    INFO    SCHOOLPROJECT.VIEWMODEL.STUDIESVIEWMODEL.STUDYCHANGED    Study selected changed    
2023-07-01 12:22:37.7820    INFO    SCHOOLPROJECT.REPOSITORIES.SERIESREPOSITORY.GETSERIES    Searching for series for the study id: 3009    
2023-07-01 12:22:42.1485    TRACE    SCHOOLPROJECT.VIEWMODEL.ADDRECORDVIEWMODEL..CTOR    Entering the constructor    
2023-07-01 12:22:42.1485    TRACE    SCHOOLPROJECT.VIEWMODEL.ADDRECORDVIEWMODEL..CTOR    leaving  the constructor    
2023-07-01 12:22:42.1485    TRACE    SCHOOLPROJECT.VIEWMODEL.ADDRECORDVIEWMODEL..CTOR    Entering the constructor    
2023-07-01 12:22:42.1485    TRACE    SCHOOLPROJECT.VIEWMODEL.ADDRECORDVIEWMODEL..CTOR    leaving  the constructor    
2023-07-01 12:22:43.1147    TRACE    SCHOOLPROJECT.VIEWMODEL.SEARCHPATIENTVIEWMODEL.INITIALIZE    Entering the initialize method    
2023-07-01 12:22:43.1147    TRACE    SCHOOLPROJECT.VIEWMODEL.SEARCHPATIENTVIEWMODEL.INITIALIZE    Leaving the initialize method    
2023-07-01 12:22:44.6624    INFO    SCHOOLPROJECT.REPOSITORIES.STUDIESREPOSITORY.GETSTUDYLIST    Getting all studies for the patient id: 1    
2023-07-01 12:22:44.6624    INFO    SCHOOLPROJECT.VIEWMODEL.STUDIESVIEWMODEL.INITIALIZE    All data loaded    
2023-07-01 12:22:49.9173    TRACE    SCHOOLPROJECT.VIEWMODEL.LOGINVIEWMODEL..CTOR    Entering in the constructor    
2023-07-01 12:22:49.9173    TRACE    SCHOOLPROJECT.VIEWMODEL.LOGINVIEWMODEL..CTOR    Leaving the constructor    
2023-07-01 12:22:49.9223    TRACE    SCHOOLPROJECT.VIEWMODEL.LOGINVIEWMODEL..CTOR    Entering in the constructor    
2023-07-01 12:22:49.9223    TRACE    SCHOOLPROJECT.VIEWMODEL.LOGINVIEWMODEL..CTOR    Leaving the constructor    
2023-07-01 18:19:09.8416    TRACE    SCHOOLPROJECT.VIEWMODEL.LOGINVIEWMODEL..CTOR    Entering in the constructor    
2023-07-01 18:19:10.0246    TRACE    SCHOOLPROJECT.VIEWMODEL.LOGINVIEWMODEL..CTOR    Leaving the constructor    
2023-07-01 18:19:10.3720    TRACE    SCHOOLPROJECT.VIEWMODEL.LOGINVIEWMODEL..CTOR    Entering in the constructor    
2023-07-01 18:19:10.3730    TRACE    SCHOOLPROJECT.VIEWMODEL.LOGINVIEWMODEL..CTOR    Leaving the constructor    
2023-07-01 18:19:21.7993    TRACE    SCHOOLPROJECT.VIEWMODEL.LOGINVIEWMODEL.LOGIN    Entering in the Login method    
2023-07-01 18:19:21.8253    INFO    SCHOOLPROJECT.REPOSITORIES.USERREPOSITORY.GETUSER    Log in with Username[admin] and password[admin]    
2023-07-01 18:19:24.7087    TRACE    SCHOOLPROJECT.VIEWMODEL.LOGINVIEWMODEL.LOGIN    Leaving the Login method    
2023-07-01 18:19:33.4280    INFO    SCHOOLPROJECT.VIEWMODEL.USERCONTROLVIEWMODEL.INITIALIZE    Initializing: Group[Administrator] User[Namit]    
2023-07-01 18:19:35.0676    TRACE    SCHOOLPROJECT.VIEWMODEL.SEARCHPATIENTVIEWMODEL.INITIALIZE    Entering the initialize method    
2023-07-01 18:19:35.0866    TRACE    SCHOOLPROJECT.VIEWMODEL.SEARCHPATIENTVIEWMODEL.INITIALIZE    Leaving the initialize method    
2023-07-01 18:19:38.4572    INFO    SCHOOLPROJECT.REPOSITORIES.STUDIESREPOSITORY.GETSTUDYLIST    Getting all studies for the patient id: 1002    
2023-07-01 18:19:38.4724    INFO    SCHOOLPROJECT.VIEWMODEL.STUDIESVIEWMODEL.INITIALIZE    All data loaded    
2023-07-01 18:20:31.3761    INFO    SCHOOLPROJECT.VIEWMODEL.STUDIESVIEWMODEL.STUDYCHANGED    Study selected changed    
2023-07-01 18:20:31.3761    INFO    SCHOOLPROJECT.REPOSITORIES.SERIESREPOSITORY.GETSERIES    Searching for series for the study id: 1002    
2023-07-01 18:20:36.5533    TRACE    SCHOOLPROJECT.VIEWMODEL.DATAVIEWMODEL..CTOR    Entering in the constructor    
2023-07-01 18:20:36.5533    TRACE    SCHOOLPROJECT.VIEWMODEL.DATAVIEWMODEL..CTOR    Leaving the constructor    
2023-07-01 18:20:36.5533    TRACE    SCHOOLPROJECT.VIEWMODEL.DATAVIEWMODEL.INITIALIZE    Entering in the initialize method    
2023-07-01 18:20:36.5653    TRACE    SCHOOLPROJECT.REPOSITORIES.RECORDREPOSITORY.GETPATIENTBYID    Finding patient by id...    
2023-07-01 18:20:36.6083    INFO    SCHOOLPROJECT.VIEWMODEL.DATAVIEWMODEL.INITIALIZE    All primary data charged successfully    
2023-07-01 18:20:36.6083    TRACE    SCHOOLPROJECT.VIEWMODEL.DATAVIEWMODEL.INITIALIZE    Leaving the initialize method    
2023-07-01 18:20:40.8576    TRACE    SCHOOLPROJECT.VIEWMODEL.DATAVIEWMODEL.STARTVIDEO    Entering in the startVideo method    
2023-07-01 18:20:40.8576    INFO    SCHOOLPROJECT.VIEWMODEL.DATAVIEWMODEL.STARTVIDEO    new camera selected, starting live view    
2023-07-01 18:20:40.8576    TRACE    SCHOOLPROJECT.VIEWMODEL.DATAVIEWMODEL.STARTVIDEO    Leaving the startvideo method    
2023-07-01 18:20:50.2285    TRACE    SCHOOLPROJECT.VIEWMODEL.SEARCHPATIENTVIEWMODEL.INITIALIZE    Entering the initialize method    
2023-07-01 18:20:50.2365    TRACE    SCHOOLPROJECT.VIEWMODEL.SEARCHPATIENTVIEWMODEL.INITIALIZE    Leaving the initialize method    
2023-07-01 18:20:50.3605    TRACE    SCHOOLPROJECT.VIEWMODEL.DATAVIEWMODEL.CLOSINGVIDEO    Entering ClosingVideo method    
2023-07-01 18:20:50.3605    INFO    SCHOOLPROJECT.VIEWMODEL.DATAVIEWMODEL.CLOSINGVIDEO    All video cleared    
2023-07-01 18:20:50.3605    TRACE    SCHOOLPROJECT.VIEWMODEL.DATAVIEWMODEL.CLOSINGVIDEO    Leaving ClosingVideo method    
2023-07-01 18:21:38.6214    TRACE    SCHOOLPROJECT.VIEWMODEL.LOGINVIEWMODEL..CTOR    Entering in the constructor    
2023-07-01 18:21:38.6214    TRACE    SCHOOLPROJECT.VIEWMODEL.LOGINVIEWMODEL..CTOR    Leaving the constructor    
2023-07-01 18:21:38.6354    TRACE    SCHOOLPROJECT.VIEWMODEL.LOGINVIEWMODEL..CTOR    Entering in the constructor    
2023-07-01 18:21:38.6354    TRACE    SCHOOLPROJECT.VIEWMODEL.LOGINVIEWMODEL..CTOR    Leaving the constructor    
