2023-06-15 11:05:01.1732    TRACE    SCHOOLPROJECT.VIEWMODEL.LOGINVIEWMODEL..CTOR    Entering in the constructor    
2023-06-15 11:05:01.6439    TRACE    SCHOOLPROJECT.VIEWMODEL.LOGINVIEWMODEL..CTOR    Leaving the constructor    
2023-06-15 11:05:02.0916    TRACE    SCHOOLPROJECT.VIEWMODEL.LOGINVIEWMODEL..CTOR    Entering in the constructor    
2023-06-15 11:05:02.0916    TRACE    SCHOOLPROJECT.VIEWMODEL.LOGINVIEWMODEL..CTOR    Leaving the constructor    
2023-06-15 11:05:15.3261    TRACE    SCHOOLPROJECT.VIEWMODEL.LOGINVIEWMODEL.LOGIN    Entering in the Login method    
2023-06-15 11:05:15.3261    INFO    SCHOOLPROJECT.REPOSITORIES.USERREPOSITORY.GETUSER    Log in with Username[admin] and password[admin]    
2023-06-15 11:05:16.7789    TRACE    SCHOOLPROJECT.VIEWMODEL.LOGINVIEWMODEL.LOGIN    Leaving the Login method    
2023-06-15 11:05:20.8568    TRACE    SCHOOLPROJECT.VIEWMODEL.ADDRECORDVIEWMODEL..CTOR    Entering the constructor    
2023-06-15 11:05:20.8568    TRACE    SCHOOLPROJECT.VIEWMODEL.ADDRECORDVIEWMODEL..CTOR    leaving  the constructor    
2023-06-15 11:05:20.8848    TRACE    SCHOOLPROJECT.VIEWMODEL.ADDRECORDVIEWMODEL..CTOR    Entering the constructor    
2023-06-15 11:05:20.8848    TRACE    SCHOOLPROJECT.VIEWMODEL.ADDRECORDVIEWMODEL..CTOR    leaving  the constructor    
2023-06-15 11:05:23.1452    TRACE    SCHOOLPROJECT.VIEWMODEL.SEARCHPATIENTVIEWMODEL.INITIALIZE    Entering the initialize method    
2023-06-15 11:05:23.1621    TRACE    SCHOOLPROJECT.VIEWMODEL.SEARCHPATIENTVIEWMODEL.INITIALIZE    Leaving the initialize method    
2023-06-15 11:05:23.2549    TRACE    SCHOOLPROJECT.VIEWMODEL.SEARCHPATIENTVIEWMODEL.INITIALIZE    Entering the initialize method    
2023-06-15 11:05:23.2579    TRACE    SCHOOLPROJECT.VIEWMODEL.SEARCHPATIENTVIEWMODEL.INITIALIZE    Leaving the initialize method    
2023-06-15 11:05:24.9485    INFO    SCHOOLPROJECT.VIEWMODEL.USERCONTROLVIEWMODEL.INITIALIZE    Initializing: Group[Administrator] User[Namit]    
2023-06-15 11:05:42.8759    TRACE    SCHOOLPROJECT.VIEWMODEL.LOGINVIEWMODEL..CTOR    Entering in the constructor    
2023-06-15 11:05:42.8759    TRACE    SCHOOLPROJECT.VIEWMODEL.LOGINVIEWMODEL..CTOR    Leaving the constructor    
2023-06-15 11:05:42.8759    TRACE    SCHOOLPROJECT.VIEWMODEL.LOGINVIEWMODEL..CTOR    Entering in the constructor    
2023-06-15 11:05:42.8759    TRACE    SCHOOLPROJECT.VIEWMODEL.LOGINVIEWMODEL..CTOR    Leaving the constructor    
2023-06-15 11:05:55.1634    TRACE    SCHOOLPROJECT.VIEWMODEL.LOGINVIEWMODEL.LOGIN    Entering in the Login method    
2023-06-15 11:05:55.1634    INFO    SCHOOLPROJECT.REPOSITORIES.USERREPOSITORY.GETUSER    Log in with Username[admin] and password[admin]    
2023-06-15 11:05:55.1634    TRACE    SCHOOLPROJECT.VIEWMODEL.LOGINVIEWMODEL.LOGIN    Leaving the Login method    
2023-06-15 11:05:57.2001    TRACE    SCHOOLPROJECT.VIEWMODEL.ADDRECORDVIEWMODEL..CTOR    Entering the constructor    
2023-06-15 11:05:57.2001    TRACE    SCHOOLPROJECT.VIEWMODEL.ADDRECORDVIEWMODEL..CTOR    leaving  the constructor    
2023-06-15 11:05:57.2088    TRACE    SCHOOLPROJECT.VIEWMODEL.ADDRECORDVIEWMODEL..CTOR    Entering the constructor    
2023-06-15 11:05:57.2088    TRACE    SCHOOLPROJECT.VIEWMODEL.ADDRECORDVIEWMODEL..CTOR    leaving  the constructor    
2023-06-15 11:06:16.0861    TRACE    SCHOOLPROJECT.VIEWMODEL.LOGINVIEWMODEL..CTOR    Entering in the constructor    
2023-06-15 11:06:16.0861    TRACE    SCHOOLPROJECT.VIEWMODEL.LOGINVIEWMODEL..CTOR    Leaving the constructor    
2023-06-15 11:06:16.0861    TRACE    SCHOOLPROJECT.VIEWMODEL.LOGINVIEWMODEL..CTOR    Entering in the constructor    
2023-06-15 11:06:16.0861    TRACE    SCHOOLPROJECT.VIEWMODEL.LOGINVIEWMODEL..CTOR    Leaving the constructor    
2023-06-15 11:08:22.6118    TRACE    SCHOOLPROJECT.VIEWMODEL.LOGINVIEWMODEL..CTOR    Entering in the constructor    
2023-06-15 11:08:23.0950    TRACE    SCHOOLPROJECT.VIEWMODEL.LOGINVIEWMODEL..CTOR    Leaving the constructor    
2023-06-15 11:08:23.3155    TRACE    SCHOOLPROJECT.VIEWMODEL.LOGINVIEWMODEL..CTOR    Entering in the constructor    
2023-06-15 11:08:23.3155    TRACE    SCHOOLPROJECT.VIEWMODEL.LOGINVIEWMODEL..CTOR    Leaving the constructor    
2023-06-15 11:08:32.7170    TRACE    SCHOOLPROJECT.VIEWMODEL.LOGINVIEWMODEL.LOGIN    Entering in the Login method    
2023-06-15 11:08:32.7170    INFO    SCHOOLPROJECT.REPOSITORIES.USERREPOSITORY.GETUSER    Log in with Username[admin] and password[admin]    
2023-06-15 11:08:34.1473    TRACE    SCHOOLPROJECT.VIEWMODEL.LOGINVIEWMODEL.LOGIN    Leaving the Login method    
2023-06-15 11:08:36.2867    TRACE    SCHOOLPROJECT.VIEWMODEL.ADDRECORDVIEWMODEL..CTOR    Entering the constructor    
2023-06-15 11:08:36.2867    TRACE    SCHOOLPROJECT.VIEWMODEL.ADDRECORDVIEWMODEL..CTOR    leaving  the constructor    
2023-06-15 11:08:36.3000    TRACE    SCHOOLPROJECT.VIEWMODEL.ADDRECORDVIEWMODEL..CTOR    Entering the constructor    
2023-06-15 11:08:36.3000    TRACE    SCHOOLPROJECT.VIEWMODEL.ADDRECORDVIEWMODEL..CTOR    leaving  the constructor    
2023-06-15 11:09:12.9742    INFO    SCHOOLPROJECT.VIEWMODEL.USERCONTROLVIEWMODEL.INITIALIZE    Initializing: Group[Administrator] User[Namit]    
2023-06-15 11:09:18.9519    TRACE    SCHOOLPROJECT.VIEWMODEL.SEARCHPATIENTVIEWMODEL.INITIALIZE    Entering the initialize method    
2023-06-15 11:09:18.9660    TRACE    SCHOOLPROJECT.VIEWMODEL.SEARCHPATIENTVIEWMODEL.INITIALIZE    Leaving the initialize method    
2023-06-15 11:09:20.1235    INFO    SCHOOLPROJECT.VIEWMODEL.USERCONTROLVIEWMODEL.INITIALIZE    Initializing: Group[Administrator] User[Namit]    
2023-06-15 11:09:24.3474    INFO    SCHOOLPROJECT.VIEWMODEL.USERCONTROLVIEWMODEL.INITIALIZE    Initializing: Group[Administrator] User[Namit]    
2023-06-15 11:09:25.5055    TRACE    SCHOOLPROJECT.VIEWMODEL.SEARCHPATIENTVIEWMODEL.INITIALIZE    Entering the initialize method    
2023-06-15 11:09:25.5055    TRACE    SCHOOLPROJECT.VIEWMODEL.SEARCHPATIENTVIEWMODEL.INITIALIZE    Leaving the initialize method    
2023-06-15 11:09:26.3001    INFO    SCHOOLPROJECT.VIEWMODEL.USERCONTROLVIEWMODEL.INITIALIZE    Initializing: Group[Administrator] User[Namit]    
2023-06-15 11:09:27.3278    TRACE    SCHOOLPROJECT.VIEWMODEL.SEARCHPATIENTVIEWMODEL.INITIALIZE    Entering the initialize method    
2023-06-15 11:09:27.3332    TRACE    SCHOOLPROJECT.VIEWMODEL.SEARCHPATIENTVIEWMODEL.INITIALIZE    Leaving the initialize method    
2023-06-15 11:10:08.2553    TRACE    SCHOOLPROJECT.VIEWMODEL.SEARCHPATIENTVIEWMODEL.INITIALIZE    Entering the initialize method    
2023-06-15 11:10:08.2553    TRACE    SCHOOLPROJECT.VIEWMODEL.SEARCHPATIENTVIEWMODEL.INITIALIZE    Leaving the initialize method    
2023-06-15 11:10:09.8128    INFO    SCHOOLPROJECT.REPOSITORIES.STUDIESREPOSITORY.GETSTUDYLIST    Getting all studies for the patient id: 1    
2023-06-15 11:10:09.8230    INFO    SCHOOLPROJECT.VIEWMODEL.STUDIESVIEWMODEL.INITIALIZE    All data loaded    
2023-06-15 11:10:12.3058    INFO    SCHOOLPROJECT.VIEWMODEL.USERCONTROLVIEWMODEL.INITIALIZE    Initializing: Group[Administrator] User[Namit]    
2023-06-15 11:10:33.6242    TRACE    SCHOOLPROJECT.VIEWMODEL.LOGINVIEWMODEL..CTOR    Entering in the constructor    
2023-06-15 11:10:33.6242    TRACE    SCHOOLPROJECT.VIEWMODEL.LOGINVIEWMODEL..CTOR    Leaving the constructor    
2023-06-15 11:10:33.6302    TRACE    SCHOOLPROJECT.VIEWMODEL.LOGINVIEWMODEL..CTOR    Entering in the constructor    
2023-06-15 11:10:33.6302    TRACE    SCHOOLPROJECT.VIEWMODEL.LOGINVIEWMODEL..CTOR    Leaving the constructor    
2023-06-15 11:16:21.7809    TRACE    SCHOOLPROJECT.VIEWMODEL.LOGINVIEWMODEL..CTOR    Entering in the constructor    
2023-06-15 11:16:22.2069    TRACE    SCHOOLPROJECT.VIEWMODEL.LOGINVIEWMODEL..CTOR    Leaving the constructor    
2023-06-15 11:16:22.5009    TRACE    SCHOOLPROJECT.VIEWMODEL.LOGINVIEWMODEL..CTOR    Entering in the constructor    
2023-06-15 11:16:22.5019    TRACE    SCHOOLPROJECT.VIEWMODEL.LOGINVIEWMODEL..CTOR    Leaving the constructor    
2023-06-15 11:16:34.7833    TRACE    SCHOOLPROJECT.VIEWMODEL.LOGINVIEWMODEL.LOGIN    Entering in the Login method    
2023-06-15 11:16:34.7833    INFO    SCHOOLPROJECT.REPOSITORIES.USERREPOSITORY.GETUSER    Log in with Username[admin] and password[admin]    
2023-06-15 11:16:36.1599    TRACE    SCHOOLPROJECT.VIEWMODEL.LOGINVIEWMODEL.LOGIN    Leaving the Login method    
2023-06-15 11:16:39.5539    TRACE    SCHOOLPROJECT.VIEWMODEL.ADDRECORDVIEWMODEL..CTOR    Entering the constructor    
2023-06-15 11:16:39.5539    TRACE    SCHOOLPROJECT.VIEWMODEL.ADDRECORDVIEWMODEL..CTOR    leaving  the constructor    
2023-06-15 11:16:39.5679    TRACE    SCHOOLPROJECT.VIEWMODEL.ADDRECORDVIEWMODEL..CTOR    Entering the constructor    
2023-06-15 11:16:39.5679    TRACE    SCHOOLPROJECT.VIEWMODEL.ADDRECORDVIEWMODEL..CTOR    leaving  the constructor    
2023-06-15 11:16:40.6461    TRACE    SCHOOLPROJECT.VIEWMODEL.SEARCHPATIENTVIEWMODEL.INITIALIZE    Entering the initialize method    
2023-06-15 11:16:40.6661    TRACE    SCHOOLPROJECT.VIEWMODEL.SEARCHPATIENTVIEWMODEL.INITIALIZE    Leaving the initialize method    
2023-06-15 11:16:41.4529    INFO    SCHOOLPROJECT.VIEWMODEL.USERCONTROLVIEWMODEL.INITIALIZE    Initializing: Group[Administrator] User[Namit]    
2023-06-15 11:16:48.8591    INFO    SCHOOLPROJECT.VIEWMODEL.USERCONTROLVIEWMODEL.INITIALIZE    Initializing: Group[Administrator] User[Namit]    
2023-06-15 11:16:49.8358    INFO    SCHOOLPROJECT.VIEWMODEL.USERCONTROLVIEWMODEL.INITIALIZE    Initializing: Group[Administrator] User[Namit]    
2023-06-15 11:16:50.6997    TRACE    SCHOOLPROJECT.VIEWMODEL.SEARCHPATIENTVIEWMODEL.INITIALIZE    Entering the initialize method    
2023-06-15 11:16:50.6997    TRACE    SCHOOLPROJECT.VIEWMODEL.SEARCHPATIENTVIEWMODEL.INITIALIZE    Leaving the initialize method    
2023-06-15 11:16:51.5590    TRACE    SCHOOLPROJECT.VIEWMODEL.ADDRECORDVIEWMODEL..CTOR    Entering the constructor    
2023-06-15 11:16:51.5590    TRACE    SCHOOLPROJECT.VIEWMODEL.ADDRECORDVIEWMODEL..CTOR    leaving  the constructor    
2023-06-15 11:16:51.5590    TRACE    SCHOOLPROJECT.VIEWMODEL.ADDRECORDVIEWMODEL..CTOR    Entering the constructor    
2023-06-15 11:16:51.5590    TRACE    SCHOOLPROJECT.VIEWMODEL.ADDRECORDVIEWMODEL..CTOR    leaving  the constructor    
2023-06-15 11:16:52.2928    TRACE    SCHOOLPROJECT.VIEWMODEL.SEARCHPATIENTVIEWMODEL.INITIALIZE    Entering the initialize method    
2023-06-15 11:16:52.2928    TRACE    SCHOOLPROJECT.VIEWMODEL.SEARCHPATIENTVIEWMODEL.INITIALIZE    Leaving the initialize method    
2023-06-15 11:17:14.0556    INFO    SCHOOLPROJECT.REPOSITORIES.STUDIESREPOSITORY.GETSTUDYLIST    Getting all studies for the patient id: 1    
2023-06-15 11:17:14.0687    INFO    SCHOOLPROJECT.VIEWMODEL.STUDIESVIEWMODEL.INITIALIZE    All data loaded    
2023-06-15 11:17:19.3001    INFO    SCHOOLPROJECT.VIEWMODEL.STUDIESVIEWMODEL.STUDYCHANGED    Study selected changed    
2023-06-15 11:17:19.3001    INFO    SCHOOLPROJECT.REPOSITORIES.SERIESREPOSITORY.GETSERIES    Searching for series for the study id: 1    
2023-06-15 11:17:22.1667    INFO    SCHOOLPROJECT.VIEWMODEL.STUDIESVIEWMODEL.STUDYCHANGED    Study selected changed    
2023-06-15 11:17:22.1667    INFO    SCHOOLPROJECT.REPOSITORIES.SERIESREPOSITORY.GETSERIES    Searching for series for the study id: 2    
2023-06-15 11:17:51.6271    TRACE    SCHOOLPROJECT.VIEWMODEL.DATAVIEWMODEL..CTOR    Entering in the constructor    
2023-06-15 11:17:51.6271    TRACE    SCHOOLPROJECT.VIEWMODEL.DATAVIEWMODEL..CTOR    Leaving the constructor    
2023-06-15 11:17:51.6281    TRACE    SCHOOLPROJECT.VIEWMODEL.DATAVIEWMODEL.INITIALIZE    Entering in the initialize method    
2023-06-15 11:17:51.6281    TRACE    SCHOOLPROJECT.REPOSITORIES.RECORDREPOSITORY.GETPATIENTBYID    Finding patient by id...    
2023-06-15 11:17:51.6721    INFO    SCHOOLPROJECT.VIEWMODEL.DATAVIEWMODEL.INITIALIZE    All primary data charged successfully    
2023-06-15 11:17:51.6721    TRACE    SCHOOLPROJECT.VIEWMODEL.DATAVIEWMODEL.INITIALIZE    Leaving the initialize method    
2023-06-15 11:17:55.6154    TRACE    SCHOOLPROJECT.VIEWMODEL.DATAVIEWMODEL.TAKEPICTURE    Entering in the TakePicture method    
2023-06-15 11:17:55.6154    WARN    SCHOOLPROJECT.VIEWMODEL.DATAVIEWMODEL.TAKEPICTURE    Webcam not selected or not running    
2023-06-15 11:17:55.6154    TRACE    SCHOOLPROJECT.VIEWMODEL.DATAVIEWMODEL.TAKEPICTURE    Leaving the TakePicture method    
2023-06-15 11:17:59.9705    TRACE    SCHOOLPROJECT.VIEWMODEL.DATAVIEWMODEL.STARTVIDEO    Entering in the startVideo method    
2023-06-15 11:17:59.9736    INFO    SCHOOLPROJECT.VIEWMODEL.DATAVIEWMODEL.STARTVIDEO    new camera selected, starting live view    
2023-06-15 11:17:59.9736    TRACE    SCHOOLPROJECT.VIEWMODEL.DATAVIEWMODEL.STARTVIDEO    Leaving the startvideo method    
2023-06-15 11:18:13.3114    TRACE    SCHOOLPROJECT.VIEWMODEL.DATAVIEWMODEL.TAKEPICTURE    Entering in the TakePicture method    
2023-06-15 11:18:13.3204    INFO    SCHOOLPROJECT.VIEWMODEL.DATAVIEWMODEL.TAKEPICTURE    Picture saved in: C:\Users\X6NKAPOO\source\repos\Internship\SchoolProject (2)\SchoolProject\SchoolProject\bin\Debug\Captures\Raj-15062023111813.jpg    
2023-06-15 11:18:13.4548    INFO    SCHOOLPROJECT.REPOSITORIES.IMAGESREPOSITORY.ADDIMAGES    New image added successfully and saved to the database    
2023-06-15 11:18:14.9100    TRACE    SCHOOLPROJECT.VIEWMODEL.DATAVIEWMODEL.TAKEPICTURE    Leaving the TakePicture method    
2023-06-15 11:18:19.6655    TRACE    SCHOOLPROJECT.VIEWMODEL.DATAVIEWMODEL.CREATEREPORT    Entering in the CreateReport method    
2023-06-15 11:18:27.4889    TRACE    SCHOOLPROJECT.VIEWMODEL.DATAVIEWMODEL.CREATEREPORT    Leaving in the CreateReport method    
2023-06-15 11:18:29.5119    TRACE    SCHOOLPROJECT.VIEWMODEL.DATAVIEWMODEL.CREATEREPORT    Entering in the CreateReport method    
2023-06-15 11:18:46.3404    INFO    SCHOOLPROJECT.REPOSITORIES.REPORTREPOSITORY.ADDREPORT    New report added and saved to the database.    
2023-06-15 11:18:46.3404    INFO    SCHOOLPROJECT.VIEWMODEL.DATAVIEWMODEL.CREATEREPORT    Reported saved in: C:\Users\X6NKAPOO\Desktop\Raj-20230615 1118-.pdf    
2023-06-15 11:18:48.4925    TRACE    SCHOOLPROJECT.VIEWMODEL.DATAVIEWMODEL.CREATEREPORT    Leaving in the CreateReport method    
2023-06-15 11:18:50.4256    TRACE    SCHOOLPROJECT.VIEWMODEL.LOGINVIEWMODEL..CTOR    Entering in the constructor    
2023-06-15 11:18:50.4256    TRACE    SCHOOLPROJECT.VIEWMODEL.LOGINVIEWMODEL..CTOR    Leaving the constructor    
2023-06-15 11:18:50.4256    TRACE    SCHOOLPROJECT.VIEWMODEL.LOGINVIEWMODEL..CTOR    Entering in the constructor    
2023-06-15 11:18:50.4256    TRACE    SCHOOLPROJECT.VIEWMODEL.LOGINVIEWMODEL..CTOR    Leaving the constructor    
2023-06-15 11:18:50.5249    TRACE    SCHOOLPROJECT.VIEWMODEL.DATAVIEWMODEL.CLOSINGVIDEO    Entering ClosingVideo method    
2023-06-15 11:18:50.5249    INFO    SCHOOLPROJECT.VIEWMODEL.DATAVIEWMODEL.CLOSINGVIDEO    All video cleared    
2023-06-15 11:18:50.5249    TRACE    SCHOOLPROJECT.VIEWMODEL.DATAVIEWMODEL.CLOSINGVIDEO    Leaving ClosingVideo method    
2023-06-15 11:18:50.5249    INFO    SCHOOLPROJECT.MAINWINDOW.WINDOW_CLOSING    Closing app    
2023-06-15 11:18:50.5439    TRACE    SCHOOLPROJECT.VIEWMODEL.DATAVIEWMODEL.CLOSINGVIDEO    Entering ClosingVideo method    
2023-06-15 11:18:50.5439    INFO    SCHOOLPROJECT.VIEWMODEL.DATAVIEWMODEL.CLOSINGVIDEO    All video cleared    
2023-06-15 11:18:50.5439    TRACE    SCHOOLPROJECT.VIEWMODEL.DATAVIEWMODEL.CLOSINGVIDEO    Leaving ClosingVideo method    
2023-06-15 11:22:00.8872    TRACE    SCHOOLPROJECT.VIEWMODEL.LOGINVIEWMODEL..CTOR    Entering in the constructor    
2023-06-15 11:22:01.0692    TRACE    SCHOOLPROJECT.VIEWMODEL.LOGINVIEWMODEL..CTOR    Leaving the constructor    
2023-06-15 11:22:01.4792    TRACE    SCHOOLPROJECT.VIEWMODEL.LOGINVIEWMODEL..CTOR    Entering in the constructor    
2023-06-15 11:22:01.4792    TRACE    SCHOOLPROJECT.VIEWMODEL.LOGINVIEWMODEL..CTOR    Leaving the constructor    
2023-06-15 11:23:48.1314    TRACE    SCHOOLPROJECT.VIEWMODEL.LOGINVIEWMODEL..CTOR    Entering in the constructor    
2023-06-15 11:23:48.2874    TRACE    SCHOOLPROJECT.VIEWMODEL.LOGINVIEWMODEL..CTOR    Leaving the constructor    
2023-06-15 11:23:48.5664    TRACE    SCHOOLPROJECT.VIEWMODEL.LOGINVIEWMODEL..CTOR    Entering in the constructor    
2023-06-15 11:23:48.5664    TRACE    SCHOOLPROJECT.VIEWMODEL.LOGINVIEWMODEL..CTOR    Leaving the constructor    
2023-06-15 11:24:26.1400    TRACE    SCHOOLPROJECT.VIEWMODEL.LOGINVIEWMODEL.LOGIN    Entering in the Login method    
2023-06-15 11:24:26.1400    INFO    SCHOOLPROJECT.REPOSITORIES.USERREPOSITORY.GETUSER    Log in with Username[admin] and password[admin]    
2023-06-15 11:24:27.5214    TRACE    SCHOOLPROJECT.VIEWMODEL.LOGINVIEWMODEL.LOGIN    Leaving the Login method    
2023-06-15 11:24:30.7118    TRACE    SCHOOLPROJECT.VIEWMODEL.ADDRECORDVIEWMODEL..CTOR    Entering the constructor    
2023-06-15 11:24:30.7118    TRACE    SCHOOLPROJECT.VIEWMODEL.ADDRECORDVIEWMODEL..CTOR    leaving  the constructor    
2023-06-15 11:24:30.7118    TRACE    SCHOOLPROJECT.VIEWMODEL.ADDRECORDVIEWMODEL..CTOR    Entering the constructor    
2023-06-15 11:24:30.7258    TRACE    SCHOOLPROJECT.VIEWMODEL.ADDRECORDVIEWMODEL..CTOR    leaving  the constructor    
2023-06-15 11:24:31.2670    TRACE    SCHOOLPROJECT.VIEWMODEL.SEARCHPATIENTVIEWMODEL.INITIALIZE    Entering the initialize method    
2023-06-15 11:24:31.2839    TRACE    SCHOOLPROJECT.VIEWMODEL.SEARCHPATIENTVIEWMODEL.INITIALIZE    Leaving the initialize method    
2023-06-15 11:24:32.2871    INFO    SCHOOLPROJECT.VIEWMODEL.USERCONTROLVIEWMODEL.INITIALIZE    Initializing: Group[Administrator] User[Namit]    
2023-06-15 11:24:33.7049    TRACE    SCHOOLPROJECT.VIEWMODEL.LOGINVIEWMODEL..CTOR    Entering in the constructor    
2023-06-15 11:24:33.7049    TRACE    SCHOOLPROJECT.VIEWMODEL.LOGINVIEWMODEL..CTOR    Leaving the constructor    
2023-06-15 11:24:33.7168    TRACE    SCHOOLPROJECT.VIEWMODEL.LOGINVIEWMODEL..CTOR    Entering in the constructor    
2023-06-15 11:24:33.7168    TRACE    SCHOOLPROJECT.VIEWMODEL.LOGINVIEWMODEL..CTOR    Leaving the constructor    
2023-06-15 11:25:29.5457    TRACE    SCHOOLPROJECT.VIEWMODEL.LOGINVIEWMODEL..CTOR    Entering in the constructor    
2023-06-15 11:25:29.6597    TRACE    SCHOOLPROJECT.VIEWMODEL.LOGINVIEWMODEL..CTOR    Leaving the constructor    
2023-06-15 11:25:29.8257    TRACE    SCHOOLPROJECT.VIEWMODEL.LOGINVIEWMODEL..CTOR    Entering in the constructor    
2023-06-15 11:25:29.8257    TRACE    SCHOOLPROJECT.VIEWMODEL.LOGINVIEWMODEL..CTOR    Leaving the constructor    
2023-06-15 11:25:31.7509    TRACE    SCHOOLPROJECT.VIEWMODEL.LOGINVIEWMODEL.LOGIN    Entering in the Login method    
2023-06-15 11:25:31.7509    INFO    SCHOOLPROJECT.REPOSITORIES.USERREPOSITORY.GETUSER    Log in with Username[] and password[]    
2023-06-15 11:25:33.0325    INFO    SCHOOLPROJECT.VIEWMODEL.LOGINVIEWMODEL.LOGIN    Log in failed    
2023-06-15 11:25:42.8195    TRACE    SCHOOLPROJECT.VIEWMODEL.LOGINVIEWMODEL.LOGIN    Entering in the Login method    
2023-06-15 11:25:42.8195    INFO    SCHOOLPROJECT.REPOSITORIES.USERREPOSITORY.GETUSER    Log in with Username[admin] and password[admin]    
2023-06-15 11:25:42.8565    TRACE    SCHOOLPROJECT.VIEWMODEL.LOGINVIEWMODEL.LOGIN    Leaving the Login method    
2023-06-15 11:25:44.9884    TRACE    SCHOOLPROJECT.VIEWMODEL.ADDRECORDVIEWMODEL..CTOR    Entering the constructor    
2023-06-15 11:25:44.9884    TRACE    SCHOOLPROJECT.VIEWMODEL.ADDRECORDVIEWMODEL..CTOR    leaving  the constructor    
2023-06-15 11:25:45.0179    TRACE    SCHOOLPROJECT.VIEWMODEL.ADDRECORDVIEWMODEL..CTOR    Entering the constructor    
2023-06-15 11:25:45.0179    TRACE    SCHOOLPROJECT.VIEWMODEL.ADDRECORDVIEWMODEL..CTOR    leaving  the constructor    
2023-06-15 11:25:45.6051    TRACE    SCHOOLPROJECT.VIEWMODEL.SEARCHPATIENTVIEWMODEL.INITIALIZE    Entering the initialize method    
2023-06-15 11:25:45.6221    TRACE    SCHOOLPROJECT.VIEWMODEL.SEARCHPATIENTVIEWMODEL.INITIALIZE    Leaving the initialize method    
2023-06-15 11:25:46.3151    INFO    SCHOOLPROJECT.VIEWMODEL.USERCONTROLVIEWMODEL.INITIALIZE    Initializing: Group[Administrator] User[Namit]    
2023-06-15 11:25:46.7819    TRACE    SCHOOLPROJECT.VIEWMODEL.ADDRECORDVIEWMODEL..CTOR    Entering the constructor    
2023-06-15 11:25:46.7819    TRACE    SCHOOLPROJECT.VIEWMODEL.ADDRECORDVIEWMODEL..CTOR    leaving  the constructor    
2023-06-15 11:25:46.7819    TRACE    SCHOOLPROJECT.VIEWMODEL.ADDRECORDVIEWMODEL..CTOR    Entering the constructor    
2023-06-15 11:25:46.7819    TRACE    SCHOOLPROJECT.VIEWMODEL.ADDRECORDVIEWMODEL..CTOR    leaving  the constructor    
2023-06-15 11:25:47.7990    TRACE    SCHOOLPROJECT.VIEWMODEL.ADDRECORDVIEWMODEL.ADDRECORD    Entering to the add record method.    
2023-06-15 11:25:49.1834    WARN    SCHOOLPROJECT.VIEWMODEL.ADDRECORDVIEWMODEL.ADDRECORD    Please fill in all required data    
2023-06-15 11:25:49.1834    TRACE    SCHOOLPROJECT.VIEWMODEL.ADDRECORDVIEWMODEL.ADDRECORD    Leaving the addrecord method    
2023-06-15 11:25:49.8225    TRACE    SCHOOLPROJECT.VIEWMODEL.SEARCHPATIENTVIEWMODEL.INITIALIZE    Entering the initialize method    
2023-06-15 11:25:49.8225    TRACE    SCHOOLPROJECT.VIEWMODEL.SEARCHPATIENTVIEWMODEL.INITIALIZE    Leaving the initialize method    
2023-06-15 11:25:51.1181    INFO    SCHOOLPROJECT.VIEWMODEL.USERCONTROLVIEWMODEL.INITIALIZE    Initializing: Group[Administrator] User[Namit]    
2023-06-15 11:26:09.2888    WARN    SCHOOLPROJECT.VIEWMODEL.USERCONTROLVIEWMODEL.ADDUSER    Email has a bad format or empty    
2023-06-15 11:26:16.0208    INFO    SCHOOLPROJECT.REPOSITORIES.USERREPOSITORY.ADDUSER    User saved to the database    
2023-06-15 11:26:17.6499    INFO    SCHOOLPROJECT.VIEWMODEL.USERCONTROLVIEWMODEL.CLEARDATA    Clearing data    
2023-06-15 11:26:21.1389    TRACE    SCHOOLPROJECT.VIEWMODEL.LOGINVIEWMODEL..CTOR    Entering in the constructor    
2023-06-15 11:26:21.1389    TRACE    SCHOOLPROJECT.VIEWMODEL.LOGINVIEWMODEL..CTOR    Leaving the constructor    
2023-06-15 11:26:21.1389    TRACE    SCHOOLPROJECT.VIEWMODEL.LOGINVIEWMODEL..CTOR    Entering in the constructor    
2023-06-15 11:26:21.1389    TRACE    SCHOOLPROJECT.VIEWMODEL.LOGINVIEWMODEL..CTOR    Leaving the constructor    
2023-06-15 11:27:11.5413    TRACE    SCHOOLPROJECT.VIEWMODEL.LOGINVIEWMODEL..CTOR    Entering in the constructor    
2023-06-15 11:27:11.7433    TRACE    SCHOOLPROJECT.VIEWMODEL.LOGINVIEWMODEL..CTOR    Leaving the constructor    
2023-06-15 11:27:12.0763    TRACE    SCHOOLPROJECT.VIEWMODEL.LOGINVIEWMODEL..CTOR    Entering in the constructor    
2023-06-15 11:27:12.0763    TRACE    SCHOOLPROJECT.VIEWMODEL.LOGINVIEWMODEL..CTOR    Leaving the constructor    
2023-06-15 11:27:43.8821    TRACE    SCHOOLPROJECT.VIEWMODEL.LOGINVIEWMODEL..CTOR    Entering in the constructor    
2023-06-15 11:27:44.0051    TRACE    SCHOOLPROJECT.VIEWMODEL.LOGINVIEWMODEL..CTOR    Leaving the constructor    
2023-06-15 11:27:44.1811    TRACE    SCHOOLPROJECT.VIEWMODEL.LOGINVIEWMODEL..CTOR    Entering in the constructor    
2023-06-15 11:27:44.1811    TRACE    SCHOOLPROJECT.VIEWMODEL.LOGINVIEWMODEL..CTOR    Leaving the constructor    
2023-06-15 11:51:40.8410    TRACE    SCHOOLPROJECT.VIEWMODEL.LOGINVIEWMODEL..CTOR    Entering in the constructor    
2023-06-15 11:51:41.2180    TRACE    SCHOOLPROJECT.VIEWMODEL.LOGINVIEWMODEL..CTOR    Leaving the constructor    
2023-06-15 11:51:41.4880    TRACE    SCHOOLPROJECT.VIEWMODEL.LOGINVIEWMODEL..CTOR    Entering in the constructor    
2023-06-15 11:51:41.4880    TRACE    SCHOOLPROJECT.VIEWMODEL.LOGINVIEWMODEL..CTOR    Leaving the constructor    
2023-06-15 12:04:08.4085    TRACE    SCHOOLPROJECT.VIEWMODEL.LOGINVIEWMODEL..CTOR    Entering in the constructor    
2023-06-15 12:04:08.6565    TRACE    SCHOOLPROJECT.VIEWMODEL.LOGINVIEWMODEL..CTOR    Leaving the constructor    
2023-06-15 12:04:08.9765    TRACE    SCHOOLPROJECT.VIEWMODEL.LOGINVIEWMODEL..CTOR    Entering in the constructor    
2023-06-15 12:04:08.9765    TRACE    SCHOOLPROJECT.VIEWMODEL.LOGINVIEWMODEL..CTOR    Leaving the constructor    
2023-06-15 12:04:27.3785    TRACE    SCHOOLPROJECT.VIEWMODEL.LOGINVIEWMODEL.LOGIN    Entering in the Login method    
2023-06-15 12:04:27.3785    INFO    SCHOOLPROJECT.REPOSITORIES.USERREPOSITORY.GETUSER    Log in with Username[admin] and password[admin]    
2023-06-15 12:04:28.9083    TRACE    SCHOOLPROJECT.VIEWMODEL.LOGINVIEWMODEL.LOGIN    Leaving the Login method    
2023-06-15 12:04:32.8565    TRACE    SCHOOLPROJECT.VIEWMODEL.ADDRECORDVIEWMODEL..CTOR    Entering the constructor    
2023-06-15 12:04:32.8565    TRACE    SCHOOLPROJECT.VIEWMODEL.ADDRECORDVIEWMODEL..CTOR    leaving  the constructor    
2023-06-15 12:04:32.8675    TRACE    SCHOOLPROJECT.VIEWMODEL.ADDRECORDVIEWMODEL..CTOR    Entering the constructor    
2023-06-15 12:04:32.8675    TRACE    SCHOOLPROJECT.VIEWMODEL.ADDRECORDVIEWMODEL..CTOR    leaving  the constructor    
2023-06-15 12:04:34.4269    TRACE    SCHOOLPROJECT.VIEWMODEL.SEARCHPATIENTVIEWMODEL.INITIALIZE    Entering the initialize method    
2023-06-15 12:04:34.4529    TRACE    SCHOOLPROJECT.VIEWMODEL.SEARCHPATIENTVIEWMODEL.INITIALIZE    Leaving the initialize method    
2023-06-15 12:04:35.0842    TRACE    SCHOOLPROJECT.VIEWMODEL.ADDRECORDVIEWMODEL..CTOR    Entering the constructor    
2023-06-15 12:04:35.0842    TRACE    SCHOOLPROJECT.VIEWMODEL.ADDRECORDVIEWMODEL..CTOR    leaving  the constructor    
2023-06-15 12:04:35.0863    TRACE    SCHOOLPROJECT.VIEWMODEL.ADDRECORDVIEWMODEL..CTOR    Entering the constructor    
2023-06-15 12:04:35.0863    TRACE    SCHOOLPROJECT.VIEWMODEL.ADDRECORDVIEWMODEL..CTOR    leaving  the constructor    
2023-06-15 12:04:36.0238    TRACE    SCHOOLPROJECT.VIEWMODEL.SEARCHPATIENTVIEWMODEL.INITIALIZE    Entering the initialize method    
2023-06-15 12:04:36.0238    TRACE    SCHOOLPROJECT.VIEWMODEL.SEARCHPATIENTVIEWMODEL.INITIALIZE    Leaving the initialize method    
2023-06-15 12:04:39.9822    TRACE    SCHOOLPROJECT.VIEWMODEL.ADDRECORDVIEWMODEL..CTOR    Entering the constructor    
2023-06-15 12:04:39.9822    TRACE    SCHOOLPROJECT.VIEWMODEL.ADDRECORDVIEWMODEL..CTOR    leaving  the constructor    
2023-06-15 12:04:39.9822    TRACE    SCHOOLPROJECT.VIEWMODEL.ADDRECORDVIEWMODEL..CTOR    Entering the constructor    
2023-06-15 12:04:39.9822    TRACE    SCHOOLPROJECT.VIEWMODEL.ADDRECORDVIEWMODEL..CTOR    leaving  the constructor    
2023-06-15 12:06:07.3805    TRACE    SCHOOLPROJECT.VIEWMODEL.ADDRECORDVIEWMODEL.ADDRECORD    Entering to the add record method.    
2023-06-15 12:06:08.3760    WARN    SCHOOLPROJECT.VIEWMODEL.ADDRECORDVIEWMODEL.ADDRECORD    Email has a bad format or empty    
2023-06-15 12:06:31.1664    TRACE    SCHOOLPROJECT.VIEWMODEL.ADDRECORDVIEWMODEL.ADDRECORD    Entering to the add record method.    
2023-06-15 12:06:31.3040    INFO    SCHOOLPROJECT.REPOSITORIES.RECORDREPOSITORY.ADDPATIENT    New patient added successfully and saved to the database    
2023-06-15 12:06:31.3040    TRACE    SCHOOLPROJECT.VIEWMODEL.ADDRECORDVIEWMODEL.CLEARDATA    Entering in the clear data method    
2023-06-15 12:06:31.3040    TRACE    SCHOOLPROJECT.VIEWMODEL.ADDRECORDVIEWMODEL.CLEARDATA    Leaving the clear data method    
2023-06-15 12:06:32.5197    INFO    SCHOOLPROJECT.VIEWMODEL.ADDRECORDVIEWMODEL.GOTOADDSTUDIES    Go to add studies and series for this patient    
2023-06-15 12:06:32.5430    INFO    SCHOOLPROJECT.REPOSITORIES.STUDIESREPOSITORY.GETSTUDYLIST    Getting all studies for the patient id: 2002    
2023-06-15 12:06:32.5541    INFO    SCHOOLPROJECT.VIEWMODEL.STUDIESVIEWMODEL.INITIALIZE    All data loaded    
2023-06-15 12:06:32.5541    TRACE    SCHOOLPROJECT.VIEWMODEL.ADDRECORDVIEWMODEL.ADDRECORD    Leaving the addrecord method    
2023-06-15 12:06:33.4451    TRACE    SCHOOLPROJECT.VIEWMODEL.SEARCHPATIENTVIEWMODEL.INITIALIZE    Entering the initialize method    
2023-06-15 12:06:33.4451    TRACE    SCHOOLPROJECT.VIEWMODEL.SEARCHPATIENTVIEWMODEL.INITIALIZE    Leaving the initialize method    
2023-06-15 12:07:36.3465    TRACE    SCHOOLPROJECT.VIEWMODEL.LOGINVIEWMODEL..CTOR    Entering in the constructor    
2023-06-15 12:07:36.3465    TRACE    SCHOOLPROJECT.VIEWMODEL.LOGINVIEWMODEL..CTOR    Leaving the constructor    
2023-06-15 12:07:36.3525    TRACE    SCHOOLPROJECT.VIEWMODEL.LOGINVIEWMODEL..CTOR    Entering in the constructor    
2023-06-15 12:07:36.3525    TRACE    SCHOOLPROJECT.VIEWMODEL.LOGINVIEWMODEL..CTOR    Leaving the constructor    
2023-06-15 12:29:10.3940    TRACE    SCHOOLPROJECT.VIEWMODEL.LOGINVIEWMODEL..CTOR    Entering in the constructor    
2023-06-15 12:29:10.5620    TRACE    SCHOOLPROJECT.VIEWMODEL.LOGINVIEWMODEL..CTOR    Leaving the constructor    
2023-06-15 12:29:10.8952    TRACE    SCHOOLPROJECT.VIEWMODEL.LOGINVIEWMODEL..CTOR    Entering in the constructor    
2023-06-15 12:29:10.8952    TRACE    SCHOOLPROJECT.VIEWMODEL.LOGINVIEWMODEL..CTOR    Leaving the constructor    
2023-06-15 12:31:26.2896    TRACE    SCHOOLPROJECT.VIEWMODEL.LOGINVIEWMODEL..CTOR    Entering in the constructor    
2023-06-15 12:31:26.4329    TRACE    SCHOOLPROJECT.VIEWMODEL.LOGINVIEWMODEL..CTOR    Leaving the constructor    
2023-06-15 12:31:26.6289    TRACE    SCHOOLPROJECT.VIEWMODEL.LOGINVIEWMODEL..CTOR    Entering in the constructor    
2023-06-15 12:31:26.6289    TRACE    SCHOOLPROJECT.VIEWMODEL.LOGINVIEWMODEL..CTOR    Leaving the constructor    
2023-06-15 12:31:52.2294    TRACE    SCHOOLPROJECT.VIEWMODEL.LOGINVIEWMODEL..CTOR    Entering in the constructor    
2023-06-15 12:31:52.3924    TRACE    SCHOOLPROJECT.VIEWMODEL.LOGINVIEWMODEL..CTOR    Leaving the constructor    
2023-06-15 12:31:52.5604    TRACE    SCHOOLPROJECT.VIEWMODEL.LOGINVIEWMODEL..CTOR    Entering in the constructor    
2023-06-15 12:31:52.5604    TRACE    SCHOOLPROJECT.VIEWMODEL.LOGINVIEWMODEL..CTOR    Leaving the constructor    
2023-06-15 15:15:18.5319    TRACE    SCHOOLPROJECT.VIEWMODEL.LOGINVIEWMODEL..CTOR    Entering in the constructor    
2023-06-15 15:15:18.6631    TRACE    SCHOOLPROJECT.VIEWMODEL.LOGINVIEWMODEL..CTOR    Leaving the constructor    
2023-06-15 15:15:18.8989    TRACE    SCHOOLPROJECT.VIEWMODEL.LOGINVIEWMODEL..CTOR    Entering in the constructor    
2023-06-15 15:15:18.8989    TRACE    SCHOOLPROJECT.VIEWMODEL.LOGINVIEWMODEL..CTOR    Leaving the constructor    
2023-06-15 15:15:31.3062    TRACE    SCHOOLPROJECT.VIEWMODEL.LOGINVIEWMODEL.LOGIN    Entering in the Login method    
2023-06-15 15:15:31.3062    INFO    SCHOOLPROJECT.REPOSITORIES.USERREPOSITORY.GETUSER    Log in with Username[admin] and password[admin]    
2023-06-15 15:15:32.9486    TRACE    SCHOOLPROJECT.VIEWMODEL.LOGINVIEWMODEL.LOGIN    Leaving the Login method    
2023-06-15 15:15:37.8274    TRACE    SCHOOLPROJECT.VIEWMODEL.SEARCHPATIENTVIEWMODEL.INITIALIZE    Entering the initialize method    
2023-06-15 15:15:37.8474    TRACE    SCHOOLPROJECT.VIEWMODEL.SEARCHPATIENTVIEWMODEL.INITIALIZE    Leaving the initialize method    
2023-06-15 15:15:39.8263    INFO    SCHOOLPROJECT.VIEWMODEL.USERCONTROLVIEWMODEL.INITIALIZE    Initializing: Group[Administrator] User[Namit]    
2023-06-15 15:15:53.7839    TRACE    SCHOOLPROJECT.VIEWMODEL.LOGINVIEWMODEL..CTOR    Entering in the constructor    
2023-06-15 15:15:53.7839    TRACE    SCHOOLPROJECT.VIEWMODEL.LOGINVIEWMODEL..CTOR    Leaving the constructor    
2023-06-15 15:15:53.7889    TRACE    SCHOOLPROJECT.VIEWMODEL.LOGINVIEWMODEL..CTOR    Entering in the constructor    
2023-06-15 15:15:53.7889    TRACE    SCHOOLPROJECT.VIEWMODEL.LOGINVIEWMODEL..CTOR    Leaving the constructor    
2023-06-15 15:19:13.2016    TRACE    SCHOOLPROJECT.VIEWMODEL.LOGINVIEWMODEL..CTOR    Entering in the constructor    
2023-06-15 15:19:13.4316    TRACE    SCHOOLPROJECT.VIEWMODEL.LOGINVIEWMODEL..CTOR    Leaving the constructor    
2023-06-15 15:19:13.7816    TRACE    SCHOOLPROJECT.VIEWMODEL.LOGINVIEWMODEL..CTOR    Entering in the constructor    
2023-06-15 15:19:13.7816    TRACE    SCHOOLPROJECT.VIEWMODEL.LOGINVIEWMODEL..CTOR    Leaving the constructor    
2023-06-15 15:19:24.4349    TRACE    SCHOOLPROJECT.VIEWMODEL.LOGINVIEWMODEL.LOGIN    Entering in the Login method    
2023-06-15 15:19:24.4349    INFO    SCHOOLPROJECT.REPOSITORIES.USERREPOSITORY.GETUSER    Log in with Username[admin] and password[admin]    
2023-06-15 15:19:25.8711    TRACE    SCHOOLPROJECT.VIEWMODEL.LOGINVIEWMODEL.LOGIN    Leaving the Login method    
2023-06-15 15:19:27.4908    TRACE    SCHOOLPROJECT.VIEWMODEL.ADDRECORDVIEWMODEL..CTOR    Entering the constructor    
2023-06-15 15:19:27.4908    TRACE    SCHOOLPROJECT.VIEWMODEL.ADDRECORDVIEWMODEL..CTOR    leaving  the constructor    
2023-06-15 15:19:27.4908    TRACE    SCHOOLPROJECT.VIEWMODEL.ADDRECORDVIEWMODEL..CTOR    Entering the constructor    
2023-06-15 15:19:27.4908    TRACE    SCHOOLPROJECT.VIEWMODEL.ADDRECORDVIEWMODEL..CTOR    leaving  the constructor    
2023-06-15 15:19:28.5307    TRACE    SCHOOLPROJECT.VIEWMODEL.SEARCHPATIENTVIEWMODEL.INITIALIZE    Entering the initialize method    
2023-06-15 15:19:28.5470    TRACE    SCHOOLPROJECT.VIEWMODEL.SEARCHPATIENTVIEWMODEL.INITIALIZE    Leaving the initialize method    
2023-06-15 15:19:30.9092    INFO    SCHOOLPROJECT.VIEWMODEL.USERCONTROLVIEWMODEL.INITIALIZE    Initializing: Group[Administrator] User[Namit]    
2023-06-15 15:19:34.2995    TRACE    SCHOOLPROJECT.VIEWMODEL.SEARCHPATIENTVIEWMODEL.INITIALIZE    Entering the initialize method    
2023-06-15 15:19:34.3026    TRACE    SCHOOLPROJECT.VIEWMODEL.SEARCHPATIENTVIEWMODEL.INITIALIZE    Leaving the initialize method    
2023-06-15 15:19:36.8085    INFO    SCHOOLPROJECT.VIEWMODEL.USERCONTROLVIEWMODEL.INITIALIZE    Initializing: Group[Administrator] User[Namit]    
2023-06-15 15:19:38.4917    TRACE    SCHOOLPROJECT.VIEWMODEL.SEARCHPATIENTVIEWMODEL.INITIALIZE    Entering the initialize method    
2023-06-15 15:19:38.4917    TRACE    SCHOOLPROJECT.VIEWMODEL.SEARCHPATIENTVIEWMODEL.INITIALIZE    Leaving the initialize method    
2023-06-15 15:19:39.6745    INFO    SCHOOLPROJECT.REPOSITORIES.STUDIESREPOSITORY.GETSTUDYLIST    Getting all studies for the patient id: 1002    
2023-06-15 15:19:39.6895    INFO    SCHOOLPROJECT.VIEWMODEL.STUDIESVIEWMODEL.INITIALIZE    All data loaded    
2023-06-15 15:20:30.7172    TRACE    SCHOOLPROJECT.VIEWMODEL.LOGINVIEWMODEL..CTOR    Entering in the constructor    
2023-06-15 15:20:30.8392    TRACE    SCHOOLPROJECT.VIEWMODEL.LOGINVIEWMODEL..CTOR    Leaving the constructor    
2023-06-15 15:20:30.9912    TRACE    SCHOOLPROJECT.VIEWMODEL.LOGINVIEWMODEL..CTOR    Entering in the constructor    
2023-06-15 15:20:30.9912    TRACE    SCHOOLPROJECT.VIEWMODEL.LOGINVIEWMODEL..CTOR    Leaving the constructor    
2023-06-15 15:20:41.8509    TRACE    SCHOOLPROJECT.VIEWMODEL.LOGINVIEWMODEL.LOGIN    Entering in the Login method    
2023-06-15 15:20:41.8509    INFO    SCHOOLPROJECT.REPOSITORIES.USERREPOSITORY.GETUSER    Log in with Username[admin] and password[admin]    
2023-06-15 15:20:43.3196    TRACE    SCHOOLPROJECT.VIEWMODEL.LOGINVIEWMODEL.LOGIN    Leaving the Login method    
2023-06-15 15:20:45.2246    TRACE    SCHOOLPROJECT.VIEWMODEL.SEARCHPATIENTVIEWMODEL.INITIALIZE    Entering the initialize method    
2023-06-15 15:20:45.2416    TRACE    SCHOOLPROJECT.VIEWMODEL.SEARCHPATIENTVIEWMODEL.INITIALIZE    Leaving the initialize method    
2023-06-15 15:20:51.9255    TRACE    SCHOOLPROJECT.VIEWMODEL.LOGINVIEWMODEL..CTOR    Entering in the constructor    
2023-06-15 15:20:51.9255    TRACE    SCHOOLPROJECT.VIEWMODEL.LOGINVIEWMODEL..CTOR    Leaving the constructor    
2023-06-15 15:20:51.9295    TRACE    SCHOOLPROJECT.VIEWMODEL.LOGINVIEWMODEL..CTOR    Entering in the constructor    
2023-06-15 15:20:51.9295    TRACE    SCHOOLPROJECT.VIEWMODEL.LOGINVIEWMODEL..CTOR    Leaving the constructor    
2023-06-15 15:50:47.4214    TRACE    SCHOOLPROJECT.VIEWMODEL.LOGINVIEWMODEL..CTOR    Entering in the constructor    
2023-06-15 15:50:47.6372    TRACE    SCHOOLPROJECT.VIEWMODEL.LOGINVIEWMODEL..CTOR    Leaving the constructor    
2023-06-15 15:50:48.0555    TRACE    SCHOOLPROJECT.VIEWMODEL.LOGINVIEWMODEL..CTOR    Entering in the constructor    
2023-06-15 15:50:48.0555    TRACE    SCHOOLPROJECT.VIEWMODEL.LOGINVIEWMODEL..CTOR    Leaving the constructor    
2023-06-15 15:51:18.4355    TRACE    SCHOOLPROJECT.VIEWMODEL.LOGINVIEWMODEL.LOGIN    Entering in the Login method    
2023-06-15 15:51:18.4375    INFO    SCHOOLPROJECT.REPOSITORIES.USERREPOSITORY.GETUSER    Log in with Username[admin] and password[admin]    
2023-06-15 15:51:19.8974    TRACE    SCHOOLPROJECT.VIEWMODEL.LOGINVIEWMODEL.LOGIN    Leaving the Login method    
2023-06-15 15:51:24.3732    TRACE    SCHOOLPROJECT.VIEWMODEL.ADDRECORDVIEWMODEL..CTOR    Entering the constructor    
2023-06-15 15:51:24.3732    TRACE    SCHOOLPROJECT.VIEWMODEL.ADDRECORDVIEWMODEL..CTOR    leaving  the constructor    
2023-06-15 15:51:24.3862    TRACE    SCHOOLPROJECT.VIEWMODEL.ADDRECORDVIEWMODEL..CTOR    Entering the constructor    
2023-06-15 15:51:24.3862    TRACE    SCHOOLPROJECT.VIEWMODEL.ADDRECORDVIEWMODEL..CTOR    leaving  the constructor    
2023-06-15 15:51:32.2792    TRACE    SCHOOLPROJECT.VIEWMODEL.SEARCHPATIENTVIEWMODEL.INITIALIZE    Entering the initialize method    
2023-06-15 15:51:32.2972    TRACE    SCHOOLPROJECT.VIEWMODEL.SEARCHPATIENTVIEWMODEL.INITIALIZE    Leaving the initialize method    
2023-06-15 15:51:48.3322    INFO    SCHOOLPROJECT.VIEWMODEL.USERCONTROLVIEWMODEL.INITIALIZE    Initializing: Group[Administrator] User[Namit]    
2023-06-15 15:51:53.6706    TRACE    SCHOOLPROJECT.VIEWMODEL.LOGINVIEWMODEL..CTOR    Entering in the constructor    
2023-06-15 15:51:53.6706    TRACE    SCHOOLPROJECT.VIEWMODEL.LOGINVIEWMODEL..CTOR    Leaving the constructor    
2023-06-15 15:51:53.6816    TRACE    SCHOOLPROJECT.VIEWMODEL.LOGINVIEWMODEL..CTOR    Entering in the constructor    
2023-06-15 15:51:53.6816    TRACE    SCHOOLPROJECT.VIEWMODEL.LOGINVIEWMODEL..CTOR    Leaving the constructor    
2023-06-15 15:53:03.2924    TRACE    SCHOOLPROJECT.VIEWMODEL.LOGINVIEWMODEL..CTOR    Entering in the constructor    
2023-06-15 15:53:03.4198    TRACE    SCHOOLPROJECT.VIEWMODEL.LOGINVIEWMODEL..CTOR    Leaving the constructor    
2023-06-15 15:53:03.5946    TRACE    SCHOOLPROJECT.VIEWMODEL.LOGINVIEWMODEL..CTOR    Entering in the constructor    
2023-06-15 15:53:03.5946    TRACE    SCHOOLPROJECT.VIEWMODEL.LOGINVIEWMODEL..CTOR    Leaving the constructor    
2023-06-15 15:53:32.0482    TRACE    SCHOOLPROJECT.VIEWMODEL.LOGINVIEWMODEL..CTOR    Entering in the constructor    
2023-06-15 15:53:32.2006    TRACE    SCHOOLPROJECT.VIEWMODEL.LOGINVIEWMODEL..CTOR    Leaving the constructor    
2023-06-15 15:53:32.4691    TRACE    SCHOOLPROJECT.VIEWMODEL.LOGINVIEWMODEL..CTOR    Entering in the constructor    
2023-06-15 15:53:32.4691    TRACE    SCHOOLPROJECT.VIEWMODEL.LOGINVIEWMODEL..CTOR    Leaving the constructor    
2023-06-15 15:54:06.5090    TRACE    SCHOOLPROJECT.VIEWMODEL.LOGINVIEWMODEL.LOGIN    Entering in the Login method    
2023-06-15 15:54:06.5090    INFO    SCHOOLPROJECT.REPOSITORIES.USERREPOSITORY.GETUSER    Log in with Username[admin1] and password[sssss]    
2023-06-15 15:54:07.9190    INFO    SCHOOLPROJECT.VIEWMODEL.LOGINVIEWMODEL.LOGIN    Log in failed    
2023-06-15 15:54:20.2548    TRACE    SCHOOLPROJECT.VIEWMODEL.LOGINVIEWMODEL.LOGIN    Entering in the Login method    
2023-06-15 15:54:20.2548    INFO    SCHOOLPROJECT.REPOSITORIES.USERREPOSITORY.GETUSER    Log in with Username[admin] and password[admin]    
2023-06-15 15:54:20.2839    TRACE    SCHOOLPROJECT.VIEWMODEL.LOGINVIEWMODEL.LOGIN    Leaving the Login method    
2023-06-15 15:54:33.9496    TRACE    SCHOOLPROJECT.VIEWMODEL.ADDRECORDVIEWMODEL..CTOR    Entering the constructor    
2023-06-15 15:54:33.9496    TRACE    SCHOOLPROJECT.VIEWMODEL.ADDRECORDVIEWMODEL..CTOR    leaving  the constructor    
2023-06-15 15:54:33.9716    TRACE    SCHOOLPROJECT.VIEWMODEL.ADDRECORDVIEWMODEL..CTOR    Entering the constructor    
2023-06-15 15:54:33.9716    TRACE    SCHOOLPROJECT.VIEWMODEL.ADDRECORDVIEWMODEL..CTOR    leaving  the constructor    
2023-06-15 15:54:37.8070    TRACE    SCHOOLPROJECT.VIEWMODEL.SEARCHPATIENTVIEWMODEL.INITIALIZE    Entering the initialize method    
2023-06-15 15:54:37.8385    TRACE    SCHOOLPROJECT.VIEWMODEL.SEARCHPATIENTVIEWMODEL.INITIALIZE    Leaving the initialize method    
2023-06-15 15:54:42.2868    INFO    SCHOOLPROJECT.VIEWMODEL.USERCONTROLVIEWMODEL.INITIALIZE    Initializing: Group[Administrator] User[Namit]    
2023-06-15 15:54:57.5808    TRACE    SCHOOLPROJECT.VIEWMODEL.SEARCHPATIENTVIEWMODEL.INITIALIZE    Entering the initialize method    
2023-06-15 15:54:57.5808    TRACE    SCHOOLPROJECT.VIEWMODEL.SEARCHPATIENTVIEWMODEL.INITIALIZE    Leaving the initialize method    
2023-06-15 15:54:59.4343    INFO    SCHOOLPROJECT.REPOSITORIES.STUDIESREPOSITORY.GETSTUDYLIST    Getting all studies for the patient id: 1    
2023-06-15 15:54:59.4541    INFO    SCHOOLPROJECT.VIEWMODEL.STUDIESVIEWMODEL.INITIALIZE    All data loaded    
2023-06-15 15:55:02.1268    INFO    SCHOOLPROJECT.VIEWMODEL.STUDIESVIEWMODEL.STUDYCHANGED    Study selected changed    
2023-06-15 15:55:02.1268    INFO    SCHOOLPROJECT.REPOSITORIES.SERIESREPOSITORY.GETSERIES    Searching for series for the study id: 1    
2023-06-15 15:55:14.1066    TRACE    SCHOOLPROJECT.VIEWMODEL.DATAVIEWMODEL..CTOR    Entering in the constructor    
2023-06-15 15:55:14.1066    TRACE    SCHOOLPROJECT.VIEWMODEL.DATAVIEWMODEL..CTOR    Leaving the constructor    
2023-06-15 15:55:14.1066    TRACE    SCHOOLPROJECT.VIEWMODEL.DATAVIEWMODEL.INITIALIZE    Entering in the initialize method    
2023-06-15 15:55:14.1186    TRACE    SCHOOLPROJECT.REPOSITORIES.RECORDREPOSITORY.GETPATIENTBYID    Finding patient by id...    
2023-06-15 15:55:14.1774    INFO    SCHOOLPROJECT.VIEWMODEL.DATAVIEWMODEL.INITIALIZE    All primary data charged successfully    
2023-06-15 15:55:14.1774    TRACE    SCHOOLPROJECT.VIEWMODEL.DATAVIEWMODEL.INITIALIZE    Leaving the initialize method    
2023-06-15 15:55:21.9483    TRACE    SCHOOLPROJECT.VIEWMODEL.DATAVIEWMODEL.TAKEPICTURE    Entering in the TakePicture method    
2023-06-15 15:55:21.9483    WARN    SCHOOLPROJECT.VIEWMODEL.DATAVIEWMODEL.TAKEPICTURE    Webcam not selected or not running    
2023-06-15 15:55:21.9590    TRACE    SCHOOLPROJECT.VIEWMODEL.DATAVIEWMODEL.TAKEPICTURE    Leaving the TakePicture method    
2023-06-15 15:55:30.4529    TRACE    SCHOOLPROJECT.VIEWMODEL.DATAVIEWMODEL.STARTVIDEO    Entering in the startVideo method    
2023-06-15 15:55:30.4529    INFO    SCHOOLPROJECT.VIEWMODEL.DATAVIEWMODEL.STARTVIDEO    new camera selected, starting live view    
2023-06-15 15:55:30.4529    TRACE    SCHOOLPROJECT.VIEWMODEL.DATAVIEWMODEL.STARTVIDEO    Leaving the startvideo method    
2023-06-15 15:56:41.4920    TRACE    SCHOOLPROJECT.VIEWMODEL.DATAVIEWMODEL.CREATEREPORT    Entering in the CreateReport method    
2023-06-15 15:56:48.1721    TRACE    SCHOOLPROJECT.VIEWMODEL.DATAVIEWMODEL.CREATEREPORT    Leaving in the CreateReport method    
2023-06-15 15:56:57.4682    TRACE    SCHOOLPROJECT.VIEWMODEL.LOGINVIEWMODEL..CTOR    Entering in the constructor    
2023-06-15 15:56:57.4682    TRACE    SCHOOLPROJECT.VIEWMODEL.LOGINVIEWMODEL..CTOR    Leaving the constructor    
2023-06-15 15:56:57.4742    TRACE    SCHOOLPROJECT.VIEWMODEL.LOGINVIEWMODEL..CTOR    Entering in the constructor    
2023-06-15 15:56:57.4742    TRACE    SCHOOLPROJECT.VIEWMODEL.LOGINVIEWMODEL..CTOR    Leaving the constructor    
2023-06-15 15:56:57.5777    TRACE    SCHOOLPROJECT.VIEWMODEL.DATAVIEWMODEL.CLOSINGVIDEO    Entering ClosingVideo method    
2023-06-15 15:56:57.5777    INFO    SCHOOLPROJECT.VIEWMODEL.DATAVIEWMODEL.CLOSINGVIDEO    All video cleared    
2023-06-15 15:56:57.5777    TRACE    SCHOOLPROJECT.VIEWMODEL.DATAVIEWMODEL.CLOSINGVIDEO    Leaving ClosingVideo method    
2023-06-15 15:56:57.5777    INFO    SCHOOLPROJECT.MAINWINDOW.WINDOW_CLOSING    Closing app    
2023-06-15 15:56:57.5777    TRACE    SCHOOLPROJECT.VIEWMODEL.DATAVIEWMODEL.CLOSINGVIDEO    Entering ClosingVideo method    
2023-06-15 15:56:57.5947    INFO    SCHOOLPROJECT.VIEWMODEL.DATAVIEWMODEL.CLOSINGVIDEO    All video cleared    
2023-06-15 15:56:57.5947    TRACE    SCHOOLPROJECT.VIEWMODEL.DATAVIEWMODEL.CLOSINGVIDEO    Leaving ClosingVideo method    
